Defaulting to user installation because normal site-packages is not writeable
Requirement already satisfied: transformers in /ibm/gpfs/home/snag0027/.local/lib/python3.10/site-packages (4.27.3)
Requirement already satisfied: datasets in /ibm/gpfs/home/snag0027/.local/lib/python3.10/site-packages (2.10.1)
Requirement already satisfied: evaluate in /ibm/gpfs/home/snag0027/.local/lib/python3.10/site-packages (0.4.0)
Requirement already satisfied: librosa in /ibm/gpfs/home/snag0027/.local/lib/python3.10/site-packages (0.10.0.post2)
Requirement already satisfied: torchmetrics in /ibm/gpfs/home/snag0027/.local/lib/python3.10/site-packages (0.11.4)
Requirement already satisfied: opensmile in /ibm/gpfs/home/snag0027/.local/lib/python3.10/site-packages (2.4.2)
Requirement already satisfied: scikit-learn in /app/python/3.10.5/lib/python3.10/site-packages (1.1.1)
Requirement already satisfied: nlpaug in /ibm/gpfs/home/snag0027/.local/lib/python3.10/site-packages (1.1.11)
Requirement already satisfied: filelock in /ibm/gpfs/home/snag0027/.local/lib/python3.10/site-packages (from transformers) (3.10.2)
Requirement already satisfied: huggingface-hub<1.0,>=0.11.0 in /ibm/gpfs/home/snag0027/.local/lib/python3.10/site-packages (from transformers) (0.13.3)
Requirement already satisfied: numpy>=1.17 in /app/python/3.10.5/lib/python3.10/site-packages (from transformers) (1.24.3)
Requirement already satisfied: packaging>=20.0 in /app/python/3.10.5/lib/python3.10/site-packages (from transformers) (21.3)
Requirement already satisfied: pyyaml>=5.1 in /app/python/3.10.5/lib/python3.10/site-packages (from transformers) (6.0)
Requirement already satisfied: regex!=2019.12.17 in /ibm/gpfs/home/snag0027/.local/lib/python3.10/site-packages (from transformers) (2023.3.23)
Requirement already satisfied: requests in /app/python/3.10.5/lib/python3.10/site-packages (from transformers) (2.28.1)
Requirement already satisfied: tokenizers!=0.11.3,<0.14,>=0.11.1 in /ibm/gpfs/home/snag0027/.local/lib/python3.10/site-packages (from transformers) (0.13.2)
Requirement already satisfied: tqdm>=4.27 in /ibm/gpfs/home/snag0027/.local/lib/python3.10/site-packages (from transformers) (4.65.0)
Requirement already satisfied: pyarrow>=6.0.0 in /app/python/3.10.5/lib/python3.10/site-packages (from datasets) (8.0.0)
Requirement already satisfied: dill<0.3.7,>=0.3.0 in /ibm/gpfs/home/snag0027/.local/lib/python3.10/site-packages (from datasets) (0.3.6)
Requirement already satisfied: pandas in /app/python/3.10.5/lib/python3.10/site-packages (from datasets) (1.4.3)
Requirement already satisfied: xxhash in /ibm/gpfs/home/snag0027/.local/lib/python3.10/site-packages (from datasets) (3.2.0)
Requirement already satisfied: multiprocess in /ibm/gpfs/home/snag0027/.local/lib/python3.10/site-packages (from datasets) (0.70.14)
Requirement already satisfied: fsspec[http]>=2021.11.1 in /app/python/3.10.5/lib/python3.10/site-packages (from datasets) (2022.5.0)
Requirement already satisfied: aiohttp in /app/python/3.10.5/lib/python3.10/site-packages (from datasets) (3.8.3)
Requirement already satisfied: responses<0.19 in /ibm/gpfs/home/snag0027/.local/lib/python3.10/site-packages (from datasets) (0.18.0)
Requirement already satisfied: audioread>=2.1.9 in /ibm/gpfs/home/snag0027/.local/lib/python3.10/site-packages (from librosa) (3.0.0)
Requirement already satisfied: scipy>=1.2.0 in /app/python/3.10.5/lib/python3.10/site-packages (from librosa) (1.8.1)
Requirement already satisfied: joblib>=0.14 in /app/python/3.10.5/lib/python3.10/site-packages (from librosa) (1.1.0)
Requirement already satisfied: decorator>=4.3.0 in /app/python/3.10.5/lib/python3.10/site-packages (from librosa) (5.1.1)
Requirement already satisfied: numba>=0.51.0 in /app/python/3.10.5/lib/python3.10/site-packages (from librosa) (0.57.0)
Requirement already satisfied: soundfile>=0.12.1 in /ibm/gpfs/home/snag0027/.local/lib/python3.10/site-packages (from librosa) (0.12.1)
--- Logging error ---
