/cm/local/apps/slurm/var/spool/job10412/slurm_script: line 10: apt-get: command not found
ERROR: Unable to locate a modulefile for 'apps/ffmpeg/4.1/gcc-4.9.4'
ERROR: Unable to locate a modulefile for 'apps/ffmpeg/4.3.2/gcc-8.2-cmake-3.17.1'
Defaulting to user installation because normal site-packages is not writeable
Requirement already satisfied: transformers in ./.local/lib/python3.10/site-packages (4.27.3)
Requirement already satisfied: datasets in ./.local/lib/python3.10/site-packages (2.10.1)
Requirement already satisfied: evaluate in ./.local/lib/python3.10/site-packages (0.4.0)
Requirement already satisfied: librosa in ./.local/lib/python3.10/site-packages (0.10.0.post2)
Requirement already satisfied: torchmetrics in ./.local/lib/python3.10/site-packages (0.11.4)
Requirement already satisfied: opensmile in ./.local/lib/python3.10/site-packages (2.4.2)
Requirement already satisfied: packaging>=20.0 in /app/python/3.10.5/lib/python3.10/site-packages (from transformers) (21.3)
Requirement already satisfied: regex!=2019.12.17 in ./.local/lib/python3.10/site-packages (from transformers) (2023.3.23)
Requirement already satisfied: pyyaml>=5.1 in /app/python/3.10.5/lib/python3.10/site-packages (from transformers) (6.0)
Requirement already satisfied: tqdm>=4.27 in ./.local/lib/python3.10/site-packages (from transformers) (4.65.0)
Requirement already satisfied: filelock in ./.local/lib/python3.10/site-packages (from transformers) (3.10.2)
Requirement already satisfied: tokenizers!=0.11.3,<0.14,>=0.11.1 in ./.local/lib/python3.10/site-packages (from transformers) (0.13.2)
Requirement already satisfied: numpy>=1.17 in /app/python/3.10.5/lib/python3.10/site-packages (from transformers) (1.22.4)
Requirement already satisfied: huggingface-hub<1.0,>=0.11.0 in ./.local/lib/python3.10/site-packages (from transformers) (0.13.3)
Requirement already satisfied: requests in /app/python/3.10.5/lib/python3.10/site-packages (from transformers) (2.28.1)
Requirement already satisfied: aiohttp in /app/python/3.10.5/lib/python3.10/site-packages (from datasets) (3.8.3)
Requirement already satisfied: fsspec[http]>=2021.11.1 in /app/python/3.10.5/lib/python3.10/site-packages (from datasets) (2022.5.0)
Requirement already satisfied: responses<0.19 in ./.local/lib/python3.10/site-packages (from datasets) (0.18.0)
Requirement already satisfied: pyarrow>=6.0.0 in /app/python/3.10.5/lib/python3.10/site-packages (from datasets) (8.0.0)
Requirement already satisfied: dill<0.3.7,>=0.3.0 in ./.local/lib/python3.10/site-packages (from datasets) (0.3.6)
Requirement already satisfied: pandas in /app/python/3.10.5/lib/python3.10/site-packages (from datasets) (1.4.3)
Requirement already satisfied: multiprocess in ./.local/lib/python3.10/site-packages (from datasets) (0.70.14)
Requirement already satisfied: xxhash in ./.local/lib/python3.10/site-packages (from datasets) (3.2.0)
Requirement already satisfied: pooch<1.7,>=1.0 in ./.local/lib/python3.10/site-packages (from librosa) (1.6.0)
Requirement already satisfied: joblib>=0.14 in /app/python/3.10.5/lib/python3.10/site-packages (from librosa) (1.1.0)
Requirement already satisfied: msgpack>=1.0 in /app/python/3.10.5/lib/python3.10/site-packages (from librosa) (1.0.4)
Requirement already satisfied: scipy>=1.2.0 in /app/python/3.10.5/lib/python3.10/site-packages (from librosa) (1.8.1)
Requirement already satisfied: soundfile>=0.12.1 in ./.local/lib/python3.10/site-packages (from librosa) (0.12.1)
Requirement already satisfied: lazy-loader>=0.1 in ./.local/lib/python3.10/site-packages (from librosa) (0.2)
Requirement already satisfied: scikit-learn>=0.20.0 in /app/python/3.10.5/lib/python3.10/site-packages (from librosa) (1.1.1)
Requirement already satisfied: decorator>=4.3.0 in /app/python/3.10.5/lib/python3.10/site-packages (from librosa) (5.1.1)
Requirement already satisfied: audioread>=2.1.9 in ./.local/lib/python3.10/site-packages (from librosa) (3.0.0)
Requirement already satisfied: numba>=0.51.0 in /app/python/3.10.5/lib/python3.10/site-packages (from librosa) (0.55.2)
Requirement already satisfied: typing-extensions>=4.1.1 in /app/python/3.10.5/lib/python3.10/site-packages (from librosa) (4.3.0)
Requirement already satisfied: soxr>=0.3.2 in ./.local/lib/python3.10/site-packages (from librosa) (0.3.4)
Requirement already satisfied: torch>=1.8.1 in /app/python/3.10.5/lib/python3.10/site-packages (from torchmetrics) (1.12.0+cu116)
Requirement already satisfied: audinterface>=0.7.0 in ./.local/lib/python3.10/site-packages (from opensmile) (1.0.1)
Requirement already satisfied: audobject>=0.6.1 in ./.local/lib/python3.10/site-packages (from opensmile) (0.7.9)
Requirement already satisfied: audformat<2.0.0,>=0.15.3 in ./.local/lib/python3.10/site-packages (from audinterface>=0.7.0->opensmile) (0.16.1)
Requirement already satisfied: audmath>=1.2.1 in ./.local/lib/python3.10/site-packages (from audinterface>=0.7.0->opensmile) (1.2.1)
Requirement already satisfied: audresample<2.0.0,>=1.1.0 in ./.local/lib/python3.10/site-packages (from audinterface>=0.7.0->opensmile) (1.2.1)
Requirement already satisfied: oyaml in ./.local/lib/python3.10/site-packages (from audobject>=0.6.1->opensmile) (1.0)
Requirement already satisfied: importlib-metadata>=4.8.0 in ./.local/lib/python3.10/site-packages (from audobject>=0.6.1->opensmile) (6.4.1)
Requirement already satisfied: audeer>=1.18.0 in ./.local/lib/python3.10/site-packages (from audobject>=0.6.1->opensmile) (1.19.0)
Requirement already satisfied: setuptools in /app/python/3.10.5/lib/python3.10/site-packages (from numba>=0.51.0->librosa) (58.1.0)
Requirement already satisfied: llvmlite<0.39,>=0.38.0rc1 in /app/python/3.10.5/lib/python3.10/site-packages (from numba>=0.51.0->librosa) (0.38.1)
Requirement already satisfied: pyparsing!=3.0.5,>=2.0.2 in /app/python/3.10.5/lib/python3.10/site-packages (from packaging>=20.0->transformers) (3.0.9)
Requirement already satisfied: appdirs>=1.3.0 in /app/python/3.10.5/lib/python3.10/site-packages (from pooch<1.7,>=1.0->librosa) (1.4.4)
Requirement already satisfied: certifi>=2017.4.17 in /app/python/3.10.5/lib/python3.10/site-packages (from requests->transformers) (2022.6.15)
Requirement already satisfied: charset-normalizer<3,>=2 in /app/python/3.10.5/lib/python3.10/site-packages (from requests->transformers) (2.1.0)
Requirement already satisfied: urllib3<1.27,>=1.21.1 in /app/python/3.10.5/lib/python3.10/site-packages (from requests->transformers) (1.26.9)
Requirement already satisfied: idna<4,>=2.5 in /app/python/3.10.5/lib/python3.10/site-packages (from requests->transformers) (3.3)
Requirement already satisfied: threadpoolctl>=2.0.0 in /app/python/3.10.5/lib/python3.10/site-packages (from scikit-learn>=0.20.0->librosa) (3.1.0)
Requirement already satisfied: cffi>=1.0 in /app/python/3.10.5/lib/python3.10/site-packages (from soundfile>=0.12.1->librosa) (1.15.1)
Requirement already satisfied: attrs>=17.3.0 in /app/python/3.10.5/lib/python3.10/site-packages (from aiohttp->datasets) (22.1.0)
Requirement already satisfied: multidict<7.0,>=4.5 in /app/python/3.10.5/lib/python3.10/site-packages (from aiohttp->datasets) (6.0.2)
Requirement already satisfied: aiosignal>=1.1.2 in /app/python/3.10.5/lib/python3.10/site-packages (from aiohttp->datasets) (1.2.0)
Requirement already satisfied: yarl<2.0,>=1.0 in /app/python/3.10.5/lib/python3.10/site-packages (from aiohttp->datasets) (1.8.1)
Requirement already satisfied: frozenlist>=1.1.1 in /app/python/3.10.5/lib/python3.10/site-packages (from aiohttp->datasets) (1.3.1)
Requirement already satisfied: async-timeout<5.0,>=4.0.0a3 in /app/python/3.10.5/lib/python3.10/site-packages (from aiohttp->datasets) (4.0.2)
Requirement already satisfied: python-dateutil>=2.8.1 in /app/python/3.10.5/lib/python3.10/site-packages (from pandas->datasets) (2.8.2)
Requirement already satisfied: pytz>=2020.1 in /app/python/3.10.5/lib/python3.10/site-packages (from pandas->datasets) (2022.1)
Requirement already satisfied: iso-639 in ./.local/lib/python3.10/site-packages (from audformat<2.0.0,>=0.15.3->audinterface>=0.7.0->opensmile) (0.4.5)
Requirement already satisfied: iso3166 in ./.local/lib/python3.10/site-packages (from audformat<2.0.0,>=0.15.3->audinterface>=0.7.0->opensmile) (2.1.1)
Requirement already satisfied: audiofile>=0.4.0 in ./.local/lib/python3.10/site-packages (from audformat<2.0.0,>=0.15.3->audinterface>=0.7.0->opensmile) (1.2.1)
Requirement already satisfied: pycparser in /app/python/3.10.5/lib/python3.10/site-packages (from cffi>=1.0->soundfile>=0.12.1->librosa) (2.21)
Requirement already satisfied: zipp>=0.5 in ./.local/lib/python3.10/site-packages (from importlib-metadata>=4.8.0->audobject>=0.6.1->opensmile) (3.15.0)
Requirement already satisfied: six>=1.5 in /app/python/3.10.5/lib/python3.10/site-packages (from python-dateutil>=2.8.1->pandas->datasets) (1.16.0)
2023-04-17 20:36:46.382972: I tensorflow/core/util/util.cc:169] oneDNN custom operations are on. You may see slightly different numerical results due to floating-point round-off errors from different computation orders. To turn them off, set the environment variable `TF_ENABLE_ONEDNN_OPTS=0`.
INFO:root:Number of egemaps features: 64
INFO:root:Total number of features: 450
['pcm_RMSenergy_sma_max', 'pcm_RMSenergy_sma_min', 'pcm_RMSenergy_sma_range', 'pcm_RMSenergy_sma_maxPos', 'pcm_RMSenergy_sma_minPos', 'pcm_RMSenergy_sma_amean', 'pcm_RMSenergy_sma_linregc1', 'pcm_RMSenergy_sma_linregc2', 'pcm_RMSenergy_sma_linregerrQ', 'pcm_RMSenergy_sma_stddev', 'pcm_RMSenergy_sma_skewness', 'pcm_RMSenergy_sma_kurtosis', 'pcm_fftMag_mfcc_sma[1]_max', 'pcm_fftMag_mfcc_sma[1]_min', 'pcm_fftMag_mfcc_sma[1]_range', 'pcm_fftMag_mfcc_sma[1]_maxPos', 'pcm_fftMag_mfcc_sma[1]_minPos', 'pcm_fftMag_mfcc_sma[1]_amean', 'pcm_fftMag_mfcc_sma[1]_linregc1', 'pcm_fftMag_mfcc_sma[1]_linregc2', 'pcm_fftMag_mfcc_sma[1]_linregerrQ', 'pcm_fftMag_mfcc_sma[1]_stddev', 'pcm_fftMag_mfcc_sma[1]_skewness', 'pcm_fftMag_mfcc_sma[1]_kurtosis', 'pcm_fftMag_mfcc_sma[2]_max', 'pcm_fftMag_mfcc_sma[2]_min', 'pcm_fftMag_mfcc_sma[2]_range', 'pcm_fftMag_mfcc_sma[2]_maxPos', 'pcm_fftMag_mfcc_sma[2]_minPos', 'pcm_fftMag_mfcc_sma[2]_amean', 'pcm_fftMag_mfcc_sma[2]_linregc1', 'pcm_fftMag_mfcc_sma[2]_linregc2', 'pcm_fftMag_mfcc_sma[2]_linregerrQ', 'pcm_fftMag_mfcc_sma[2]_stddev', 'pcm_fftMag_mfcc_sma[2]_skewness', 'pcm_fftMag_mfcc_sma[2]_kurtosis', 'pcm_fftMag_mfcc_sma[3]_max', 'pcm_fftMag_mfcc_sma[3]_min', 'pcm_fftMag_mfcc_sma[3]_range', 'pcm_fftMag_mfcc_sma[3]_maxPos', 'pcm_fftMag_mfcc_sma[3]_minPos', 'pcm_fftMag_mfcc_sma[3]_amean', 'pcm_fftMag_mfcc_sma[3]_linregc1', 'pcm_fftMag_mfcc_sma[3]_linregc2', 'pcm_fftMag_mfcc_sma[3]_linregerrQ', 'pcm_fftMag_mfcc_sma[3]_stddev', 'pcm_fftMag_mfcc_sma[3]_skewness', 'pcm_fftMag_mfcc_sma[3]_kurtosis', 'pcm_fftMag_mfcc_sma[4]_max', 'pcm_fftMag_mfcc_sma[4]_min', 'pcm_fftMag_mfcc_sma[4]_range', 'pcm_fftMag_mfcc_sma[4]_maxPos', 'pcm_fftMag_mfcc_sma[4]_minPos', 'pcm_fftMag_mfcc_sma[4]_amean', 'pcm_fftMag_mfcc_sma[4]_linregc1', 'pcm_fftMag_mfcc_sma[4]_linregc2', 'pcm_fftMag_mfcc_sma[4]_linregerrQ', 'pcm_fftMag_mfcc_sma[4]_stddev', 'pcm_fftMag_mfcc_sma[4]_skewness', 'pcm_fftMag_mfcc_sma[4]_kurtosis', 'pcm_fftMag_mfcc_sma[5]_max', 'pcm_fftMag_mfcc_sma[5]_min', 'pcm_fftMag_mfcc_sma[5]_range', 'pcm_fftMag_mfcc_sma[5]_maxPos', 'pcm_fftMag_mfcc_sma[5]_minPos', 'pcm_fftMag_mfcc_sma[5]_amean', 'pcm_fftMag_mfcc_sma[5]_linregc1', 'pcm_fftMag_mfcc_sma[5]_linregc2', 'pcm_fftMag_mfcc_sma[5]_linregerrQ', 'pcm_fftMag_mfcc_sma[5]_stddev', 'pcm_fftMag_mfcc_sma[5]_skewness', 'pcm_fftMag_mfcc_sma[5]_kurtosis', 'pcm_fftMag_mfcc_sma[6]_max', 'pcm_fftMag_mfcc_sma[6]_min', 'pcm_fftMag_mfcc_sma[6]_range', 'pcm_fftMag_mfcc_sma[6]_maxPos', 'pcm_fftMag_mfcc_sma[6]_minPos', 'pcm_fftMag_mfcc_sma[6]_amean', 'pcm_fftMag_mfcc_sma[6]_linregc1', 'pcm_fftMag_mfcc_sma[6]_linregc2', 'pcm_fftMag_mfcc_sma[6]_linregerrQ', 'pcm_fftMag_mfcc_sma[6]_stddev', 'pcm_fftMag_mfcc_sma[6]_skewness', 'pcm_fftMag_mfcc_sma[6]_kurtosis', 'pcm_fftMag_mfcc_sma[7]_max', 'pcm_fftMag_mfcc_sma[7]_min', 'pcm_fftMag_mfcc_sma[7]_range', 'pcm_fftMag_mfcc_sma[7]_maxPos', 'pcm_fftMag_mfcc_sma[7]_minPos', 'pcm_fftMag_mfcc_sma[7]_amean', 'pcm_fftMag_mfcc_sma[7]_linregc1', 'pcm_fftMag_mfcc_sma[7]_linregc2', 'pcm_fftMag_mfcc_sma[7]_linregerrQ', 'pcm_fftMag_mfcc_sma[7]_stddev', 'pcm_fftMag_mfcc_sma[7]_skewness', 'pcm_fftMag_mfcc_sma[7]_kurtosis', 'pcm_fftMag_mfcc_sma[8]_max', 'pcm_fftMag_mfcc_sma[8]_min', 'pcm_fftMag_mfcc_sma[8]_range', 'pcm_fftMag_mfcc_sma[8]_maxPos', 'pcm_fftMag_mfcc_sma[8]_minPos', 'pcm_fftMag_mfcc_sma[8]_amean', 'pcm_fftMag_mfcc_sma[8]_linregc1', 'pcm_fftMag_mfcc_sma[8]_linregc2', 'pcm_fftMag_mfcc_sma[8]_linregerrQ', 'pcm_fftMag_mfcc_sma[8]_stddev', 'pcm_fftMag_mfcc_sma[8]_skewness', 'pcm_fftMag_mfcc_sma[8]_kurtosis', 'pcm_fftMag_mfcc_sma[9]_max', 'pcm_fftMag_mfcc_sma[9]_min', 'pcm_fftMag_mfcc_sma[9]_range', 'pcm_fftMag_mfcc_sma[9]_maxPos', 'pcm_fftMag_mfcc_sma[9]_minPos', 'pcm_fftMag_mfcc_sma[9]_amean', 'pcm_fftMag_mfcc_sma[9]_linregc1', 'pcm_fftMag_mfcc_sma[9]_linregc2', 'pcm_fftMag_mfcc_sma[9]_linregerrQ', 'pcm_fftMag_mfcc_sma[9]_stddev', 'pcm_fftMag_mfcc_sma[9]_skewness', 'pcm_fftMag_mfcc_sma[9]_kurtosis', 'pcm_fftMag_mfcc_sma[10]_max', 'pcm_fftMag_mfcc_sma[10]_min', 'pcm_fftMag_mfcc_sma[10]_range', 'pcm_fftMag_mfcc_sma[10]_maxPos', 'pcm_fftMag_mfcc_sma[10]_minPos', 'pcm_fftMag_mfcc_sma[10]_amean', 'pcm_fftMag_mfcc_sma[10]_linregc1', 'pcm_fftMag_mfcc_sma[10]_linregc2', 'pcm_fftMag_mfcc_sma[10]_linregerrQ', 'pcm_fftMag_mfcc_sma[10]_stddev', 'pcm_fftMag_mfcc_sma[10]_skewness', 'pcm_fftMag_mfcc_sma[10]_kurtosis', 'pcm_fftMag_mfcc_sma[11]_max', 'pcm_fftMag_mfcc_sma[11]_min', 'pcm_fftMag_mfcc_sma[11]_range', 'pcm_fftMag_mfcc_sma[11]_maxPos', 'pcm_fftMag_mfcc_sma[11]_minPos', 'pcm_fftMag_mfcc_sma[11]_amean', 'pcm_fftMag_mfcc_sma[11]_linregc1', 'pcm_fftMag_mfcc_sma[11]_linregc2', 'pcm_fftMag_mfcc_sma[11]_linregerrQ', 'pcm_fftMag_mfcc_sma[11]_stddev', 'pcm_fftMag_mfcc_sma[11]_skewness', 'pcm_fftMag_mfcc_sma[11]_kurtosis', 'pcm_fftMag_mfcc_sma[12]_max', 'pcm_fftMag_mfcc_sma[12]_min', 'pcm_fftMag_mfcc_sma[12]_range', 'pcm_fftMag_mfcc_sma[12]_maxPos', 'pcm_fftMag_mfcc_sma[12]_minPos', 'pcm_fftMag_mfcc_sma[12]_amean', 'pcm_fftMag_mfcc_sma[12]_linregc1', 'pcm_fftMag_mfcc_sma[12]_linregc2', 'pcm_fftMag_mfcc_sma[12]_linregerrQ', 'pcm_fftMag_mfcc_sma[12]_stddev', 'pcm_fftMag_mfcc_sma[12]_skewness', 'pcm_fftMag_mfcc_sma[12]_kurtosis', 'pcm_zcr_sma_max', 'pcm_zcr_sma_min', 'pcm_zcr_sma_range', 'pcm_zcr_sma_maxPos', 'pcm_zcr_sma_minPos', 'pcm_zcr_sma_amean', 'pcm_zcr_sma_linregc1', 'pcm_zcr_sma_linregc2', 'pcm_zcr_sma_linregerrQ', 'pcm_zcr_sma_stddev', 'pcm_zcr_sma_skewness', 'pcm_zcr_sma_kurtosis', 'voiceProb_sma_max', 'voiceProb_sma_min', 'voiceProb_sma_range', 'voiceProb_sma_maxPos', 'voiceProb_sma_minPos', 'voiceProb_sma_amean', 'voiceProb_sma_linregc1', 'voiceProb_sma_linregc2', 'voiceProb_sma_linregerrQ', 'voiceProb_sma_stddev', 'voiceProb_sma_skewness', 'voiceProb_sma_kurtosis', 'F0_sma_max', 'F0_sma_min', 'F0_sma_range', 'F0_sma_maxPos', 'F0_sma_minPos', 'F0_sma_amean', 'F0_sma_linregc1', 'F0_sma_linregc2', 'F0_sma_linregerrQ', 'F0_sma_stddev', 'F0_sma_skewness', 'F0_sma_kurtosis', 'pcm_RMSenergy_sma_de_max', 'pcm_RMSenergy_sma_de_min', 'pcm_RMSenergy_sma_de_range', 'pcm_RMSenergy_sma_de_maxPos', 'pcm_RMSenergy_sma_de_minPos', 'pcm_RMSenergy_sma_de_amean', 'pcm_RMSenergy_sma_de_linregc1', 'pcm_RMSenergy_sma_de_linregc2', 'pcm_RMSenergy_sma_de_linregerrQ', 'pcm_RMSenergy_sma_de_stddev', 'pcm_RMSenergy_sma_de_skewness', 'pcm_RMSenergy_sma_de_kurtosis', 'pcm_fftMag_mfcc_sma_de[1]_max', 'pcm_fftMag_mfcc_sma_de[1]_min', 'pcm_fftMag_mfcc_sma_de[1]_range', 'pcm_fftMag_mfcc_sma_de[1]_maxPos', 'pcm_fftMag_mfcc_sma_de[1]_minPos', 'pcm_fftMag_mfcc_sma_de[1]_amean', 'pcm_fftMag_mfcc_sma_de[1]_linregc1', 'pcm_fftMag_mfcc_sma_de[1]_linregc2', 'pcm_fftMag_mfcc_sma_de[1]_linregerrQ', 'pcm_fftMag_mfcc_sma_de[1]_stddev', 'pcm_fftMag_mfcc_sma_de[1]_skewness', 'pcm_fftMag_mfcc_sma_de[1]_kurtosis', 'pcm_fftMag_mfcc_sma_de[2]_max', 'pcm_fftMag_mfcc_sma_de[2]_min', 'pcm_fftMag_mfcc_sma_de[2]_range', 'pcm_fftMag_mfcc_sma_de[2]_maxPos', 'pcm_fftMag_mfcc_sma_de[2]_minPos', 'pcm_fftMag_mfcc_sma_de[2]_amean', 'pcm_fftMag_mfcc_sma_de[2]_linregc1', 'pcm_fftMag_mfcc_sma_de[2]_linregc2', 'pcm_fftMag_mfcc_sma_de[2]_linregerrQ', 'pcm_fftMag_mfcc_sma_de[2]_stddev', 'pcm_fftMag_mfcc_sma_de[2]_skewness', 'pcm_fftMag_mfcc_sma_de[2]_kurtosis', 'pcm_fftMag_mfcc_sma_de[3]_max', 'pcm_fftMag_mfcc_sma_de[3]_min', 'pcm_fftMag_mfcc_sma_de[3]_range', 'pcm_fftMag_mfcc_sma_de[3]_maxPos', 'pcm_fftMag_mfcc_sma_de[3]_minPos', 'pcm_fftMag_mfcc_sma_de[3]_amean', 'pcm_fftMag_mfcc_sma_de[3]_linregc1', 'pcm_fftMag_mfcc_sma_de[3]_linregc2', 'pcm_fftMag_mfcc_sma_de[3]_linregerrQ', 'pcm_fftMag_mfcc_sma_de[3]_stddev', 'pcm_fftMag_mfcc_sma_de[3]_skewness', 'pcm_fftMag_mfcc_sma_de[3]_kurtosis', 'pcm_fftMag_mfcc_sma_de[4]_max', 'pcm_fftMag_mfcc_sma_de[4]_min', 'pcm_fftMag_mfcc_sma_de[4]_range', 'pcm_fftMag_mfcc_sma_de[4]_maxPos', 'pcm_fftMag_mfcc_sma_de[4]_minPos', 'pcm_fftMag_mfcc_sma_de[4]_amean', 'pcm_fftMag_mfcc_sma_de[4]_linregc1', 'pcm_fftMag_mfcc_sma_de[4]_linregc2', 'pcm_fftMag_mfcc_sma_de[4]_linregerrQ', 'pcm_fftMag_mfcc_sma_de[4]_stddev', 'pcm_fftMag_mfcc_sma_de[4]_skewness', 'pcm_fftMag_mfcc_sma_de[4]_kurtosis', 'pcm_fftMag_mfcc_sma_de[5]_max', 'pcm_fftMag_mfcc_sma_de[5]_min', 'pcm_fftMag_mfcc_sma_de[5]_range', 'pcm_fftMag_mfcc_sma_de[5]_maxPos', 'pcm_fftMag_mfcc_sma_de[5]_minPos', 'pcm_fftMag_mfcc_sma_de[5]_amean', 'pcm_fftMag_mfcc_sma_de[5]_linregc1', 'pcm_fftMag_mfcc_sma_de[5]_linregc2', 'pcm_fftMag_mfcc_sma_de[5]_linregerrQ', 'pcm_fftMag_mfcc_sma_de[5]_stddev', 'pcm_fftMag_mfcc_sma_de[5]_skewness', 'pcm_fftMag_mfcc_sma_de[5]_kurtosis', 'pcm_fftMag_mfcc_sma_de[6]_max', 'pcm_fftMag_mfcc_sma_de[6]_min', 'pcm_fftMag_mfcc_sma_de[6]_range', 'pcm_fftMag_mfcc_sma_de[6]_maxPos', 'pcm_fftMag_mfcc_sma_de[6]_minPos', 'pcm_fftMag_mfcc_sma_de[6]_amean', 'pcm_fftMag_mfcc_sma_de[6]_linregc1', 'pcm_fftMag_mfcc_sma_de[6]_linregc2', 'pcm_fftMag_mfcc_sma_de[6]_linregerrQ', 'pcm_fftMag_mfcc_sma_de[6]_stddev', 'pcm_fftMag_mfcc_sma_de[6]_skewness', 'pcm_fftMag_mfcc_sma_de[6]_kurtosis', 'pcm_fftMag_mfcc_sma_de[7]_max', 'pcm_fftMag_mfcc_sma_de[7]_min', 'pcm_fftMag_mfcc_sma_de[7]_range', 'pcm_fftMag_mfcc_sma_de[7]_maxPos', 'pcm_fftMag_mfcc_sma_de[7]_minPos', 'pcm_fftMag_mfcc_sma_de[7]_amean', 'pcm_fftMag_mfcc_sma_de[7]_linregc1', 'pcm_fftMag_mfcc_sma_de[7]_linregc2', 'pcm_fftMag_mfcc_sma_de[7]_linregerrQ', 'pcm_fftMag_mfcc_sma_de[7]_stddev', 'pcm_fftMag_mfcc_sma_de[7]_skewness', 'pcm_fftMag_mfcc_sma_de[7]_kurtosis', 'pcm_fftMag_mfcc_sma_de[8]_max', 'pcm_fftMag_mfcc_sma_de[8]_min', 'pcm_fftMag_mfcc_sma_de[8]_range', 'pcm_fftMag_mfcc_sma_de[8]_maxPos', 'pcm_fftMag_mfcc_sma_de[8]_minPos', 'pcm_fftMag_mfcc_sma_de[8]_amean', 'pcm_fftMag_mfcc_sma_de[8]_linregc1', 'pcm_fftMag_mfcc_sma_de[8]_linregc2', 'pcm_fftMag_mfcc_sma_de[8]_linregerrQ', 'pcm_fftMag_mfcc_sma_de[8]_stddev', 'pcm_fftMag_mfcc_sma_de[8]_skewness', 'pcm_fftMag_mfcc_sma_de[8]_kurtosis', 'pcm_fftMag_mfcc_sma_de[9]_max', 'pcm_fftMag_mfcc_sma_de[9]_min', 'pcm_fftMag_mfcc_sma_de[9]_range', 'pcm_fftMag_mfcc_sma_de[9]_maxPos', 'pcm_fftMag_mfcc_sma_de[9]_minPos', 'pcm_fftMag_mfcc_sma_de[9]_amean', 'pcm_fftMag_mfcc_sma_de[9]_linregc1', 'pcm_fftMag_mfcc_sma_de[9]_linregc2', 'pcm_fftMag_mfcc_sma_de[9]_linregerrQ', 'pcm_fftMag_mfcc_sma_de[9]_stddev', 'pcm_fftMag_mfcc_sma_de[9]_skewness', 'pcm_fftMag_mfcc_sma_de[9]_kurtosis', 'pcm_fftMag_mfcc_sma_de[10]_max', 'pcm_fftMag_mfcc_sma_de[10]_min', 'pcm_fftMag_mfcc_sma_de[10]_range', 'pcm_fftMag_mfcc_sma_de[10]_maxPos', 'pcm_fftMag_mfcc_sma_de[10]_minPos', 'pcm_fftMag_mfcc_sma_de[10]_amean', 'pcm_fftMag_mfcc_sma_de[10]_linregc1', 'pcm_fftMag_mfcc_sma_de[10]_linregc2', 'pcm_fftMag_mfcc_sma_de[10]_linregerrQ', 'pcm_fftMag_mfcc_sma_de[10]_stddev', 'pcm_fftMag_mfcc_sma_de[10]_skewness', 'pcm_fftMag_mfcc_sma_de[10]_kurtosis', 'pcm_fftMag_mfcc_sma_de[11]_max', 'pcm_fftMag_mfcc_sma_de[11]_min', 'pcm_fftMag_mfcc_sma_de[11]_range', 'pcm_fftMag_mfcc_sma_de[11]_maxPos', 'pcm_fftMag_mfcc_sma_de[11]_minPos', 'pcm_fftMag_mfcc_sma_de[11]_amean', 'pcm_fftMag_mfcc_sma_de[11]_linregc1', 'pcm_fftMag_mfcc_sma_de[11]_linregc2', 'pcm_fftMag_mfcc_sma_de[11]_linregerrQ', 'pcm_fftMag_mfcc_sma_de[11]_stddev', 'pcm_fftMag_mfcc_sma_de[11]_skewness', 'pcm_fftMag_mfcc_sma_de[11]_kurtosis', 'pcm_fftMag_mfcc_sma_de[12]_max', 'pcm_fftMag_mfcc_sma_de[12]_min', 'pcm_fftMag_mfcc_sma_de[12]_range', 'pcm_fftMag_mfcc_sma_de[12]_maxPos', 'pcm_fftMag_mfcc_sma_de[12]_minPos', 'pcm_fftMag_mfcc_sma_de[12]_amean', 'pcm_fftMag_mfcc_sma_de[12]_linregc1', 'pcm_fftMag_mfcc_sma_de[12]_linregc2', 'pcm_fftMag_mfcc_sma_de[12]_linregerrQ', 'pcm_fftMag_mfcc_sma_de[12]_stddev', 'pcm_fftMag_mfcc_sma_de[12]_skewness', 'pcm_fftMag_mfcc_sma_de[12]_kurtosis', 'pcm_zcr_sma_de_max', 'pcm_zcr_sma_de_min', 'pcm_zcr_sma_de_range', 'pcm_zcr_sma_de_maxPos', 'pcm_zcr_sma_de_minPos', 'pcm_zcr_sma_de_amean', 'pcm_zcr_sma_de_linregc1', 'pcm_zcr_sma_de_linregc2', 'pcm_zcr_sma_de_linregerrQ', 'pcm_zcr_sma_de_stddev', 'pcm_zcr_sma_de_skewness', 'pcm_zcr_sma_de_kurtosis', 'voiceProb_sma_de_max', 'voiceProb_sma_de_min', 'voiceProb_sma_de_range', 'voiceProb_sma_de_maxPos', 'voiceProb_sma_de_minPos', 'voiceProb_sma_de_amean', 'voiceProb_sma_de_linregc1', 'voiceProb_sma_de_linregc2', 'voiceProb_sma_de_linregerrQ', 'voiceProb_sma_de_stddev', 'voiceProb_sma_de_skewness', 'voiceProb_sma_de_kurtosis', 'F0_sma_de_max', 'F0_sma_de_min', 'F0_sma_de_range', 'F0_sma_de_maxPos', 'F0_sma_de_minPos', 'F0_sma_de_amean', 'F0_sma_de_linregc1', 'F0_sma_de_linregc2', 'F0_sma_de_linregerrQ', 'F0_sma_de_stddev', 'F0_sma_de_skewness', 'F0_sma_de_kurtosis']
Number of is09 features: 386
Traceback (most recent call last):
  File "/home/snag0027/speech-depression/cluster/train_ast_multistream.py", line 13, in <module>
    from dataloader.dataloadermultimodal import DaicWozDatasetWithFeatures
  File "/ibm/gpfs/home/snag0027/speech-depression/cluster/dataloader/dataloadermultimodal.py", line 12, in <module>
    from feature_processing.process_features import process_features
  File "/ibm/gpfs/home/snag0027/speech-depression/cluster/feature_processing/process_features.py", line 58, in <module>
    for folder in os.listdir(datafolder):
FileNotFoundError: [Errno 2] No such file or directory: './daic_woz'
