Defaulting to user installation because normal site-packages is not writeable
Requirement already satisfied: transformers in ./.local/lib/python3.10/site-packages (4.27.3)
Requirement already satisfied: datasets in ./.local/lib/python3.10/site-packages (2.10.1)
Requirement already satisfied: evaluate in ./.local/lib/python3.10/site-packages (0.4.0)
Requirement already satisfied: librosa in ./.local/lib/python3.10/site-packages (0.10.0.post2)
Requirement already satisfied: tqdm>=4.27 in ./.local/lib/python3.10/site-packages (from transformers) (4.65.0)
Requirement already satisfied: filelock in ./.local/lib/python3.10/site-packages (from transformers) (3.10.2)
Requirement already satisfied: tokenizers!=0.11.3,<0.14,>=0.11.1 in ./.local/lib/python3.10/site-packages (from transformers) (0.13.2)
Requirement already satisfied: huggingface-hub<1.0,>=0.11.0 in ./.local/lib/python3.10/site-packages (from transformers) (0.13.3)
Requirement already satisfied: requests in /app/python/3.10.5/lib/python3.10/site-packages (from transformers) (2.28.1)
Requirement already satisfied: numpy>=1.17 in /app/python/3.10.5/lib/python3.10/site-packages (from transformers) (1.22.4)
Requirement already satisfied: pyyaml>=5.1 in /app/python/3.10.5/lib/python3.10/site-packages (from transformers) (6.0)
Requirement already satisfied: regex!=2019.12.17 in ./.local/lib/python3.10/site-packages (from transformers) (2023.3.23)
Requirement already satisfied: packaging>=20.0 in /app/python/3.10.5/lib/python3.10/site-packages (from transformers) (21.3)
Requirement already satisfied: pandas in /app/python/3.10.5/lib/python3.10/site-packages (from datasets) (1.4.3)
Requirement already satisfied: aiohttp in /app/python/3.10.5/lib/python3.10/site-packages (from datasets) (3.8.3)
Requirement already satisfied: responses<0.19 in ./.local/lib/python3.10/site-packages (from datasets) (0.18.0)
Requirement already satisfied: pyarrow>=6.0.0 in /app/python/3.10.5/lib/python3.10/site-packages (from datasets) (8.0.0)
Requirement already satisfied: multiprocess in ./.local/lib/python3.10/site-packages (from datasets) (0.70.14)
Requirement already satisfied: dill<0.3.7,>=0.3.0 in ./.local/lib/python3.10/site-packages (from datasets) (0.3.6)
Requirement already satisfied: xxhash in ./.local/lib/python3.10/site-packages (from datasets) (3.2.0)
Requirement already satisfied: fsspec[http]>=2021.11.1 in /app/python/3.10.5/lib/python3.10/site-packages (from datasets) (2022.5.0)
Requirement already satisfied: scipy>=1.2.0 in /app/python/3.10.5/lib/python3.10/site-packages (from librosa) (1.8.1)
Requirement already satisfied: pooch<1.7,>=1.0 in ./.local/lib/python3.10/site-packages (from librosa) (1.6.0)
Requirement already satisfied: soxr>=0.3.2 in ./.local/lib/python3.10/site-packages (from librosa) (0.3.4)
Requirement already satisfied: msgpack>=1.0 in /app/python/3.10.5/lib/python3.10/site-packages (from librosa) (1.0.4)
Requirement already satisfied: typing-extensions>=4.1.1 in /app/python/3.10.5/lib/python3.10/site-packages (from librosa) (4.3.0)
Requirement already satisfied: soundfile>=0.12.1 in ./.local/lib/python3.10/site-packages (from librosa) (0.12.1)
Requirement already satisfied: joblib>=0.14 in /app/python/3.10.5/lib/python3.10/site-packages (from librosa) (1.1.0)
Requirement already satisfied: decorator>=4.3.0 in /app/python/3.10.5/lib/python3.10/site-packages (from librosa) (5.1.1)
Requirement already satisfied: numba>=0.51.0 in /app/python/3.10.5/lib/python3.10/site-packages (from librosa) (0.55.2)
Requirement already satisfied: lazy-loader>=0.1 in ./.local/lib/python3.10/site-packages (from librosa) (0.2)
Requirement already satisfied: audioread>=2.1.9 in ./.local/lib/python3.10/site-packages (from librosa) (3.0.0)
Requirement already satisfied: scikit-learn>=0.20.0 in /app/python/3.10.5/lib/python3.10/site-packages (from librosa) (1.1.1)
Requirement already satisfied: llvmlite<0.39,>=0.38.0rc1 in /app/python/3.10.5/lib/python3.10/site-packages (from numba>=0.51.0->librosa) (0.38.1)
Requirement already satisfied: setuptools in /app/python/3.10.5/lib/python3.10/site-packages (from numba>=0.51.0->librosa) (58.1.0)
Requirement already satisfied: pyparsing!=3.0.5,>=2.0.2 in /app/python/3.10.5/lib/python3.10/site-packages (from packaging>=20.0->transformers) (3.0.9)
Requirement already satisfied: appdirs>=1.3.0 in /app/python/3.10.5/lib/python3.10/site-packages (from pooch<1.7,>=1.0->librosa) (1.4.4)
Requirement already satisfied: idna<4,>=2.5 in /app/python/3.10.5/lib/python3.10/site-packages (from requests->transformers) (3.3)
Requirement already satisfied: urllib3<1.27,>=1.21.1 in /app/python/3.10.5/lib/python3.10/site-packages (from requests->transformers) (1.26.9)
Requirement already satisfied: certifi>=2017.4.17 in /app/python/3.10.5/lib/python3.10/site-packages (from requests->transformers) (2022.6.15)
Requirement already satisfied: charset-normalizer<3,>=2 in /app/python/3.10.5/lib/python3.10/site-packages (from requests->transformers) (2.1.0)
Requirement already satisfied: threadpoolctl>=2.0.0 in /app/python/3.10.5/lib/python3.10/site-packages (from scikit-learn>=0.20.0->librosa) (3.1.0)
Requirement already satisfied: cffi>=1.0 in /app/python/3.10.5/lib/python3.10/site-packages (from soundfile>=0.12.1->librosa) (1.15.1)
Requirement already satisfied: multidict<7.0,>=4.5 in /app/python/3.10.5/lib/python3.10/site-packages (from aiohttp->datasets) (6.0.2)
Requirement already satisfied: async-timeout<5.0,>=4.0.0a3 in /app/python/3.10.5/lib/python3.10/site-packages (from aiohttp->datasets) (4.0.2)
Requirement already satisfied: aiosignal>=1.1.2 in /app/python/3.10.5/lib/python3.10/site-packages (from aiohttp->datasets) (1.2.0)
Requirement already satisfied: attrs>=17.3.0 in /app/python/3.10.5/lib/python3.10/site-packages (from aiohttp->datasets) (22.1.0)
Requirement already satisfied: frozenlist>=1.1.1 in /app/python/3.10.5/lib/python3.10/site-packages (from aiohttp->datasets) (1.3.1)
Requirement already satisfied: yarl<2.0,>=1.0 in /app/python/3.10.5/lib/python3.10/site-packages (from aiohttp->datasets) (1.8.1)
Requirement already satisfied: python-dateutil>=2.8.1 in /app/python/3.10.5/lib/python3.10/site-packages (from pandas->datasets) (2.8.2)
Requirement already satisfied: pytz>=2020.1 in /app/python/3.10.5/lib/python3.10/site-packages (from pandas->datasets) (2022.1)
Requirement already satisfied: pycparser in /app/python/3.10.5/lib/python3.10/site-packages (from cffi>=1.0->soundfile>=0.12.1->librosa) (2.21)
Requirement already satisfied: six>=1.5 in /app/python/3.10.5/lib/python3.10/site-packages (from python-dateutil>=2.8.1->pandas->datasets) (1.16.0)

[notice] A new release of pip available: 22.3.1 -> 23.0.1
[notice] To update, run: pip install --upgrade pip
2023-03-25 16:31:25.499639: I tensorflow/core/util/util.cc:169] oneDNN custom operations are on. You may see slightly different numerical results due to floating-point round-off errors from different computation orders. To turn them off, set the environment variable `TF_ENABLE_ONEDNN_OPTS=0`.
Downloading and preparing dataset dataloader/daic_woz to /ibm/gpfs/home/snag0027/speech-depression/cluster/cache_daic_woz/dataloader/daic_woz-data_dir=./0.0.1/0bdb75b59ec230b7535b9f18c611371dbc1ef469f9a8cec0294d4fa81c180b88...
Generating train split: 0 examples [00:00, ? examples/s]                                                        19.0
2.0
16.0
10.0
11.0
3.0
0.0
1.0
10.0
9.0
0.0
16.0
7.0
8.0
1.0
7.0
8.0
16.0
5.0
3.0
13.0
12.0
2.0
12.0
0.0
0.0
11.0
0.0
9.0
3.0
15.0
0.0
5.0
7.0
12.0
4.0
0.0
15.0
22.0
0.0
1.0
11.0
5.0
3.0
10.0
16.0
11.0
7.0
4.0
8.0
14.0
1.0
1.0
1.0
14.0
1.0
3.0
0.0
0.0
11.0
11.0
7.0
5.0
13.0
2.0
1.0
1.0
2.0
9.0
18.0
8.0
9.0
1.0
7.0
7.0
5.0
6.0
17.0
0.0
7.0
12.0
4.0
10.0
4.0
1.0
0.0
0.0
17.0
3.0
0.0
3.0
7.0
1.0
3.0
15.0
3.0
0.0
5.0
2.0
2.0
10.0
10.0
18.0
0.0
1.0
9.0
6.0
9.0
4.0
3.0
1.0
9.0
0.0
17.0
3.0
15.0
16.0
7.0
17.0
3.0
8.0
7.0
23.0
2.0
3.0
3.0
1.0
2.0
9.0
11.0
0.0
7.0
21.0
7.0
6.0
18.0
0.0
10.0
1.0
0.0
2.0
2.0
10.0
13.0
5.0
19.0
4.0
2.0
5.0
0.0
2.0
3.0
12.0
Generating validation split: 0 examples [00:00, ? examples/s]                                                             19.0
2.0
16.0
10.0
11.0
3.0
0.0
1.0
10.0
9.0
0.0
16.0
7.0
8.0
1.0
7.0
8.0
16.0
5.0
3.0
13.0
12.0
2.0
12.0
0.0
0.0
11.0
0.0
9.0
3.0
15.0
0.0
5.0
7.0
12.0
4.0
0.0
15.0
22.0
0.0
1.0
11.0
5.0
3.0
10.0
16.0
11.0
7.0
4.0
8.0
14.0
1.0
1.0
1.0
14.0
1.0
3.0
0.0
0.0
11.0
11.0
7.0
5.0
13.0
2.0
1.0
1.0
2.0
9.0
18.0
8.0
9.0
1.0
7.0
7.0
5.0
6.0
17.0
0.0
7.0
12.0
4.0
10.0
4.0
1.0
0.0
0.0
17.0
3.0
0.0
3.0
7.0
1.0
3.0
15.0
3.0
0.0
5.0
2.0
2.0
10.0
10.0
18.0
0.0
1.0
9.0
6.0
9.0
4.0
3.0
1.0
9.0
0.0
17.0
3.0
15.0
16.0
7.0
17.0
3.0
8.0
7.0
23.0
2.0
3.0
3.0
1.0
2.0
9.0
11.0
0.0
7.0
21.0
7.0
6.0
18.0
0.0
10.0
1.0
0.0
2.0
2.0
10.0
13.0
5.0
19.0
4.0
2.0
5.0
0.0
2.0
3.0
12.0
Generating test split: 0 examples [00:00, ? examples/s]                                                       19.0
2.0
16.0
10.0
11.0
3.0
0.0
1.0
10.0
9.0
0.0
16.0
7.0
8.0
1.0
7.0
8.0
16.0
5.0
3.0
13.0
12.0
2.0
12.0
0.0
0.0
11.0
0.0
9.0
3.0
15.0
0.0
5.0
7.0
12.0
4.0
0.0
15.0
22.0
0.0
1.0
11.0
5.0
3.0
10.0
16.0
11.0
7.0
4.0
8.0
14.0
1.0
1.0
1.0
14.0
1.0
3.0
0.0
0.0
11.0
11.0
7.0
5.0
13.0
2.0
1.0
1.0
2.0
9.0
18.0
8.0
9.0
1.0
7.0
7.0
5.0
6.0
17.0
0.0
7.0
12.0
4.0
10.0
4.0
1.0
0.0
0.0
17.0
3.0
0.0
3.0
7.0
1.0
3.0
15.0
3.0
0.0
5.0
2.0
2.0
10.0
10.0
18.0
0.0
1.0
9.0
6.0
9.0
4.0
3.0
1.0
9.0
0.0
17.0
3.0
15.0
16.0
7.0
17.0
3.0
8.0
7.0
23.0
2.0
3.0
3.0
1.0
2.0
9.0
11.0
0.0
7.0
21.0
7.0
6.0
18.0
0.0
10.0
1.0
0.0
2.0
2.0
10.0
13.0
5.0
19.0
4.0
2.0
5.0
0.0
2.0
3.0
12.0
Dataset dataloader downloaded and prepared to /ibm/gpfs/home/snag0027/speech-depression/cluster/cache_daic_woz/dataloader/daic_woz-data_dir=./0.0.1/0bdb75b59ec230b7535b9f18c611371dbc1ef469f9a8cec0294d4fa81c180b88. Subsequent calls will reuse this data.
  0%|          | 0/3 [00:00<?, ?it/s]100%|██████████| 3/3 [00:00<00:00, 1104.15it/s]
INFO:root:Starting training of pure AST model...
/home/snag0027/.local/lib/python3.10/site-packages/transformers/optimization.py:391: FutureWarning: This implementation of AdamW is deprecated and will be removed in a future version. Use the PyTorch implementation torch.optim.AdamW instead, or set `no_deprecation_warning=True` to disable this warning
  warnings.warn(
Dataset({
    features: ['file', 'audio', 'label'],
    num_rows: 153
})
Dataset({
    features: ['file', 'audio', 'label'],
    num_rows: 153
})
Dataset({
    features: ['file', 'audio', 'label'],
    num_rows: 153
})
  0%|          | 0/1000 [00:00<?, ?it/s]Traceback (most recent call last):
  File "/home/snag0027/speech-depression/cluster/train.py", line 74, in <module>
    trainer.train()
  File "/home/snag0027/.local/lib/python3.10/site-packages/transformers/trainer.py", line 1633, in train
    return inner_training_loop(
  File "/home/snag0027/.local/lib/python3.10/site-packages/transformers/trainer.py", line 1872, in _inner_training_loop
    for step, inputs in enumerate(epoch_iterator):
  File "/app/python/3.10.5/lib/python3.10/site-packages/torch/utils/data/dataloader.py", line 652, in __next__
    data = self._next_data()
  File "/app/python/3.10.5/lib/python3.10/site-packages/torch/utils/data/dataloader.py", line 692, in _next_data
    data = self._dataset_fetcher.fetch(index)  # may raise StopIteration
  File "/app/python/3.10.5/lib/python3.10/site-packages/torch/utils/data/_utils/fetch.py", line 52, in fetch
    return self.collate_fn(data)
  File "/home/snag0027/.local/lib/python3.10/site-packages/transformers/data/data_collator.py", line 70, in default_data_collator
    return torch_default_data_collator(features)
  File "/home/snag0027/.local/lib/python3.10/site-packages/transformers/data/data_collator.py", line 119, in torch_default_data_collator
    batch["labels"] = torch.tensor([f["label"] for f in features], dtype=dtype)
ValueError: too many dimensions 'str'
  0%|          | 0/1000 [00:00<?, ?it/s]
