Defaulting to user installation because normal site-packages is not writeable
Requirement already satisfied: transformers in ./.local/lib/python3.10/site-packages (4.27.3)
Requirement already satisfied: datasets in ./.local/lib/python3.10/site-packages (2.10.1)
Requirement already satisfied: evaluate in ./.local/lib/python3.10/site-packages (0.4.0)
Requirement already satisfied: librosa in ./.local/lib/python3.10/site-packages (0.10.0.post2)
Requirement already satisfied: regex!=2019.12.17 in ./.local/lib/python3.10/site-packages (from transformers) (2023.3.23)
Requirement already satisfied: pyyaml>=5.1 in /app/python/3.10.5/lib/python3.10/site-packages (from transformers) (6.0)
Requirement already satisfied: numpy>=1.17 in /app/python/3.10.5/lib/python3.10/site-packages (from transformers) (1.22.4)
Requirement already satisfied: huggingface-hub<1.0,>=0.11.0 in ./.local/lib/python3.10/site-packages (from transformers) (0.13.3)
Requirement already satisfied: tokenizers!=0.11.3,<0.14,>=0.11.1 in ./.local/lib/python3.10/site-packages (from transformers) (0.13.2)
Requirement already satisfied: tqdm>=4.27 in ./.local/lib/python3.10/site-packages (from transformers) (4.65.0)
Requirement already satisfied: packaging>=20.0 in /app/python/3.10.5/lib/python3.10/site-packages (from transformers) (21.3)
Requirement already satisfied: requests in /app/python/3.10.5/lib/python3.10/site-packages (from transformers) (2.28.1)
Requirement already satisfied: filelock in ./.local/lib/python3.10/site-packages (from transformers) (3.10.2)
Requirement already satisfied: pandas in /app/python/3.10.5/lib/python3.10/site-packages (from datasets) (1.4.3)
Requirement already satisfied: xxhash in ./.local/lib/python3.10/site-packages (from datasets) (3.2.0)
Requirement already satisfied: responses<0.19 in ./.local/lib/python3.10/site-packages (from datasets) (0.18.0)
Requirement already satisfied: aiohttp in /app/python/3.10.5/lib/python3.10/site-packages (from datasets) (3.8.3)
Requirement already satisfied: multiprocess in ./.local/lib/python3.10/site-packages (from datasets) (0.70.14)
Requirement already satisfied: dill<0.3.7,>=0.3.0 in ./.local/lib/python3.10/site-packages (from datasets) (0.3.6)
Requirement already satisfied: fsspec[http]>=2021.11.1 in /app/python/3.10.5/lib/python3.10/site-packages (from datasets) (2022.5.0)
Requirement already satisfied: pyarrow>=6.0.0 in /app/python/3.10.5/lib/python3.10/site-packages (from datasets) (8.0.0)
Requirement already satisfied: msgpack>=1.0 in /app/python/3.10.5/lib/python3.10/site-packages (from librosa) (1.0.4)
Requirement already satisfied: audioread>=2.1.9 in ./.local/lib/python3.10/site-packages (from librosa) (3.0.0)
Requirement already satisfied: joblib>=0.14 in /app/python/3.10.5/lib/python3.10/site-packages (from librosa) (1.1.0)
Requirement already satisfied: scikit-learn>=0.20.0 in /app/python/3.10.5/lib/python3.10/site-packages (from librosa) (1.1.1)
Requirement already satisfied: pooch<1.7,>=1.0 in ./.local/lib/python3.10/site-packages (from librosa) (1.6.0)
Requirement already satisfied: decorator>=4.3.0 in /app/python/3.10.5/lib/python3.10/site-packages (from librosa) (5.1.1)
Requirement already satisfied: soundfile>=0.12.1 in ./.local/lib/python3.10/site-packages (from librosa) (0.12.1)
Requirement already satisfied: scipy>=1.2.0 in /app/python/3.10.5/lib/python3.10/site-packages (from librosa) (1.8.1)
Requirement already satisfied: numba>=0.51.0 in /app/python/3.10.5/lib/python3.10/site-packages (from librosa) (0.55.2)
Requirement already satisfied: soxr>=0.3.2 in ./.local/lib/python3.10/site-packages (from librosa) (0.3.4)
Requirement already satisfied: typing-extensions>=4.1.1 in /app/python/3.10.5/lib/python3.10/site-packages (from librosa) (4.3.0)
Requirement already satisfied: lazy-loader>=0.1 in ./.local/lib/python3.10/site-packages (from librosa) (0.2)
Requirement already satisfied: llvmlite<0.39,>=0.38.0rc1 in /app/python/3.10.5/lib/python3.10/site-packages (from numba>=0.51.0->librosa) (0.38.1)
Requirement already satisfied: setuptools in /app/python/3.10.5/lib/python3.10/site-packages (from numba>=0.51.0->librosa) (58.1.0)
Requirement already satisfied: pyparsing!=3.0.5,>=2.0.2 in /app/python/3.10.5/lib/python3.10/site-packages (from packaging>=20.0->transformers) (3.0.9)
Requirement already satisfied: appdirs>=1.3.0 in /app/python/3.10.5/lib/python3.10/site-packages (from pooch<1.7,>=1.0->librosa) (1.4.4)
Requirement already satisfied: certifi>=2017.4.17 in /app/python/3.10.5/lib/python3.10/site-packages (from requests->transformers) (2022.6.15)
Requirement already satisfied: urllib3<1.27,>=1.21.1 in /app/python/3.10.5/lib/python3.10/site-packages (from requests->transformers) (1.26.9)
Requirement already satisfied: charset-normalizer<3,>=2 in /app/python/3.10.5/lib/python3.10/site-packages (from requests->transformers) (2.1.0)
Requirement already satisfied: idna<4,>=2.5 in /app/python/3.10.5/lib/python3.10/site-packages (from requests->transformers) (3.3)
Requirement already satisfied: threadpoolctl>=2.0.0 in /app/python/3.10.5/lib/python3.10/site-packages (from scikit-learn>=0.20.0->librosa) (3.1.0)
Requirement already satisfied: cffi>=1.0 in /app/python/3.10.5/lib/python3.10/site-packages (from soundfile>=0.12.1->librosa) (1.15.1)
Requirement already satisfied: multidict<7.0,>=4.5 in /app/python/3.10.5/lib/python3.10/site-packages (from aiohttp->datasets) (6.0.2)
Requirement already satisfied: frozenlist>=1.1.1 in /app/python/3.10.5/lib/python3.10/site-packages (from aiohttp->datasets) (1.3.1)
Requirement already satisfied: aiosignal>=1.1.2 in /app/python/3.10.5/lib/python3.10/site-packages (from aiohttp->datasets) (1.2.0)
Requirement already satisfied: attrs>=17.3.0 in /app/python/3.10.5/lib/python3.10/site-packages (from aiohttp->datasets) (22.1.0)
Requirement already satisfied: yarl<2.0,>=1.0 in /app/python/3.10.5/lib/python3.10/site-packages (from aiohttp->datasets) (1.8.1)
Requirement already satisfied: async-timeout<5.0,>=4.0.0a3 in /app/python/3.10.5/lib/python3.10/site-packages (from aiohttp->datasets) (4.0.2)
Requirement already satisfied: pytz>=2020.1 in /app/python/3.10.5/lib/python3.10/site-packages (from pandas->datasets) (2022.1)
Requirement already satisfied: python-dateutil>=2.8.1 in /app/python/3.10.5/lib/python3.10/site-packages (from pandas->datasets) (2.8.2)
Requirement already satisfied: pycparser in /app/python/3.10.5/lib/python3.10/site-packages (from cffi>=1.0->soundfile>=0.12.1->librosa) (2.21)
Requirement already satisfied: six>=1.5 in /app/python/3.10.5/lib/python3.10/site-packages (from python-dateutil>=2.8.1->pandas->datasets) (1.16.0)

[notice] A new release of pip available: 22.3.1 -> 23.0.1
[notice] To update, run: pip install --upgrade pip
2023-03-26 18:17:33.023469: I tensorflow/core/util/util.cc:169] oneDNN custom operations are on. You may see slightly different numerical results due to floating-point round-off errors from different computation orders. To turn them off, set the environment variable `TF_ENABLE_ONEDNN_OPTS=0`.
Could not find image processor class in the image processor config or the model config. Loading based on pattern matching with the model's feature extractor configuration.
WARNING:datasets.builder:Found cached dataset dataloader (/ibm/gpfs/home/snag0027/speech-depression/cluster/cache_daic_woz/dataloader/daic_woz-data_dir=./0.0.1/5b00cefa9b002548292269d0b8cc821ebd20b5575d0b86b9cb013a76ebd73e2a)
  0%|          | 0/3 [00:00<?, ?it/s]100%|██████████| 3/3 [00:00<00:00, 1121.17it/s]
Printing type
Dataset({
    features: ['file', 'audio', 'label'],
    num_rows: 151
})
Dataset({
    features: ['file', 'audio', 'label'],
    num_rows: 151
})
Train length:  151
Validation length:  151
Test length:  151
Printing sample
<class 'dict'>
<class 'numpy.ndarray'>
Map:   0%|          | 0/151 [00:00<?, ? examples/s]Map: 100%|██████████| 151/151 [00:08<00:00, 17.11 examples/s]                                                             {'file': ['/home/snag0027/daic_woz/splits/train/367_P/367_PARTICIPANT_merged.wav', '/home/snag0027/daic_woz/splits/train/485_P/485_PARTICIPANT_merged.wav', '/home/snag0027/daic_woz/splits/train/414_P/414_PARTICIPANT_merged.wav', '/home/snag0027/daic_woz/splits/train/325_P/325_PARTICIPANT_merged.wav', '/home/snag0027/daic_woz/splits/train/320_P/320_PARTICIPANT_merged.wav', '/home/snag0027/daic_woz/splits/train/489_P/489_PARTICIPANT_merged.wav', '/home/snag0027/daic_woz/splits/train/492_P/492_PARTICIPANT_merged.wav', '/home/snag0027/daic_woz/splits/train/455_P/455_PARTICIPANT_merged.wav', '/home/snag0027/daic_woz/splits/train/418_P/418_PARTICIPANT_merged.wav', '/home/snag0027/daic_woz/splits/train/450_P/450_PARTICIPANT_merged.wav', '/home/snag0027/daic_woz/splits/train/361_P/361_PARTICIPANT_merged.wav', '/home/snag0027/daic_woz/splits/train/459_P/459_PARTICIPANT_merged.wav', '/home/snag0027/daic_woz/splits/train/336_P/336_PARTICIPANT_merged.wav', '/home/snag0027/daic_woz/splits/train/491_P/491_PARTICIPANT_merged.wav', '/home/snag0027/daic_woz/splits/train/454_P/454_PARTICIPANT_merged.wav', '/home/snag0027/daic_woz/splits/train/417_P/417_PARTICIPANT_merged.wav', '/home/snag0027/daic_woz/splits/train/331_P/331_PARTICIPANT_merged.wav', '/home/snag0027/daic_woz/splits/train/377_P/377_PARTICIPANT_merged.wav', '/home/snag0027/daic_woz/splits/train/458_P/458_PARTICIPANT_merged.wav', '/home/snag0027/daic_woz/splits/train/424_P/424_PARTICIPANT_merged.wav', '/home/snag0027/daic_woz/splits/train/372_P/372_PARTICIPANT_merged.wav', '/home/snag0027/daic_woz/splits/train/335_P/335_PARTICIPANT_merged.wav', '/home/snag0027/daic_woz/splits/train/490_P/490_PARTICIPANT_merged.wav', '/home/snag0027/daic_woz/splits/train/330_P/330_PARTICIPANT_merged.wav', '/home/snag0027/daic_woz/splits/train/428_P/428_PARTICIPANT_merged.wav', '/home/snag0027/daic_woz/splits/train/339_P/339_PARTICIPANT_merged.wav', '/home/snag0027/daic_woz/splits/train/423_P/423_PARTICIPANT_merged.wav', '/home/snag0027/daic_woz/splits/train/371_P/371_PARTICIPANT_merged.wav', '/home/snag0027/daic_woz/splits/train/469_P/469_PARTICIPANT_merged.wav', '/home/snag0027/daic_woz/splits/train/309_P/309_PARTICIPANT_merged.wav', '/home/snag0027/daic_woz/splits/train/464_P/464_PARTICIPANT_merged.wav', '/home/snag0027/daic_woz/splits/train/427_P/427_PARTICIPANT_merged.wav', '/home/snag0027/daic_woz/splits/train/341_P/341_PARTICIPANT_merged.wav', '/home/snag0027/daic_woz/splits/train/422_P/422_PARTICIPANT_merged.wav', '/home/snag0027/daic_woz/splits/train/468_P/468_PARTICIPANT_merged.wav', '/home/snag0027/daic_woz/splits/train/382_P/382_PARTICIPANT_merged.wav', '/home/snag0027/daic_woz/splits/train/345_P/345_PARTICIPANT_merged.wav', '/home/snag0027/daic_woz/splits/train/308_P/308_PARTICIPANT_merged.wav', '/home/snag0027/daic_woz/splits/train/463_P/463_PARTICIPANT_merged.wav', '/home/snag0027/daic_woz/splits/train/340_P/340_PARTICIPANT_merged.wav', '/home/snag0027/daic_woz/splits/train/386_P/386_PARTICIPANT_merged.wav', '/home/snag0027/daic_woz/splits/train/349_P/349_PARTICIPANT_merged.wav', '/home/snag0027/daic_woz/splits/train/470_P/470_PARTICIPANT_merged.wav', '/home/snag0027/daic_woz/splits/train/433_P/433_PARTICIPANT_merged.wav', '/home/snag0027/daic_woz/splits/train/381_P/381_PARTICIPANT_merged.wav', '/home/snag0027/daic_woz/splits/train/344_P/344_PARTICIPANT_merged.wav', '/home/snag0027/daic_woz/splits/train/479_P/479_PARTICIPANT_merged.wav', '/home/snag0027/daic_woz/splits/train/474_P/474_PARTICIPANT_merged.wav', '/home/snag0027/daic_woz/splits/train/385_P/385_PARTICIPANT_merged.wav', '/home/snag0027/daic_woz/splits/train/351_P/351_PARTICIPANT_merged.wav', '/home/snag0027/daic_woz/splits/train/314_P/314_PARTICIPANT_merged.wav', '/home/snag0027/daic_woz/splits/train/432_P/432_PARTICIPANT_merged.wav', '/home/snag0027/daic_woz/splits/train/478_P/478_PARTICIPANT_merged.wav', '/home/snag0027/daic_woz/splits/train/389_P/389_PARTICIPANT_merged.wav', '/home/snag0027/daic_woz/splits/train/392_P/392_PARTICIPANT_merged.wav', '/home/snag0027/daic_woz/splits/train/318_P/318_PARTICIPANT_merged.wav', '/home/snag0027/daic_woz/splits/train/473_P/473_PARTICIPANT_merged.wav', '/home/snag0027/daic_woz/splits/train/436_P/436_PARTICIPANT_merged.wav', '/home/snag0027/daic_woz/splits/train/402_P/402_PARTICIPANT_merged.wav', '/home/snag0027/daic_woz/splits/train/350_P/350_PARTICIPANT_merged.wav', '/home/snag0027/daic_woz/splits/train/313_P/313_PARTICIPANT_merged.wav', '/home/snag0027/daic_woz/splits/train/396_P/396_PARTICIPANT_merged.wav', '/home/snag0027/daic_woz/splits/train/359_P/359_PARTICIPANT_merged.wav', '/home/snag0027/daic_woz/splits/train/477_P/477_PARTICIPANT_merged.wav', '/home/snag0027/daic_woz/splits/train/480_P/480_PARTICIPANT_merged.wav', '/home/snag0027/daic_woz/splits/train/443_P/443_PARTICIPANT_merged.wav', '/home/snag0027/daic_woz/splits/train/406_P/406_PARTICIPANT_merged.wav', '/home/snag0027/daic_woz/splits/train/391_P/391_PARTICIPANT_merged.wav', '/home/snag0027/daic_woz/splits/train/354_P/354_PARTICIPANT_merged.wav', '/home/snag0027/daic_woz/splits/train/317_P/317_PARTICIPANT_merged.wav', '/home/snag0027/daic_woz/splits/train/401_P/401_PARTICIPANT_merged.wav', '/home/snag0027/daic_woz/splits/train/447_P/447_PARTICIPANT_merged.wav', '/home/snag0027/daic_woz/splits/train/395_P/395_PARTICIPANT_merged.wav', '/home/snag0027/daic_woz/splits/train/358_P/358_PARTICIPANT_merged.wav', '/home/snag0027/daic_woz/splits/train/324_P/324_PARTICIPANT_merged.wav', '/home/snag0027/daic_woz/splits/train/442_P/442_PARTICIPANT_merged.wav', '/home/snag0027/daic_woz/splits/train/405_P/405_PARTICIPANT_merged.wav', '/home/snag0027/daic_woz/splits/train/488_P/488_PARTICIPANT_merged.wav', '/home/snag0027/daic_woz/splits/train/399_P/399_PARTICIPANT_merged.wav', '/home/snag0027/daic_woz/splits/train/365_P/365_PARTICIPANT_merged.wav', '/home/snag0027/daic_woz/splits/train/328_P/328_PARTICIPANT_merged.wav', '/home/snag0027/daic_woz/splits/train/409_P/409_PARTICIPANT_merged.wav', '/home/snag0027/daic_woz/splits/train/360_P/360_PARTICIPANT_merged.wav', '/home/snag0027/daic_woz/splits/train/323_P/323_PARTICIPANT_merged.wav', '/home/snag0027/daic_woz/splits/train/369_P/369_PARTICIPANT_merged.wav', '/home/snag0027/daic_woz/splits/train/487_P/487_PARTICIPANT_merged.wav', '/home/snag0027/daic_woz/splits/train/453_P/453_PARTICIPANT_merged.wav', '/home/snag0027/daic_woz/splits/train/416_P/416_PARTICIPANT_merged.wav', '/home/snag0027/daic_woz/splits/train/364_P/364_PARTICIPANT_merged.wav', '/home/snag0027/daic_woz/splits/train/457_P/457_PARTICIPANT_merged.wav', '/home/snag0027/daic_woz/splits/train/368_P/368_PARTICIPANT_merged.wav', '/home/snag0027/daic_woz/splits/train/452_P/452_PARTICIPANT_merged.wav', '/home/snag0027/daic_woz/splits/train/415_P/415_PARTICIPANT_merged.wav', '/home/snag0027/daic_woz/splits/train/338_P/338_PARTICIPANT_merged.wav', '/home/snag0027/daic_woz/splits/train/419_P/419_PARTICIPANT_merged.wav', '/home/snag0027/daic_woz/splits/train/370_P/370_PARTICIPANT_merged.wav', '/home/snag0027/daic_woz/splits/train/333_P/333_PARTICIPANT_merged.wav', '/home/snag0027/daic_woz/splits/train/379_P/379_PARTICIPANT_merged.wav', '/home/snag0027/daic_woz/splits/train/374_P/374_PARTICIPANT_merged.wav', '/home/snag0027/daic_woz/splits/train/337_P/337_PARTICIPANT_merged.wav', '/home/snag0027/daic_woz/splits/train/421_P/421_PARTICIPANT_merged.wav', '/home/snag0027/daic_woz/splits/train/332_P/332_PARTICIPANT_merged.wav', '/home/snag0027/daic_woz/splits/train/467_P/467_PARTICIPANT_merged.wav', '/home/snag0027/daic_woz/splits/train/378_P/378_PARTICIPANT_merged.wav', '/home/snag0027/daic_woz/splits/train/462_P/462_PARTICIPANT_merged.wav', '/home/snag0027/daic_woz/splits/train/425_P/425_PARTICIPANT_merged.wav', '/home/snag0027/daic_woz/splits/train/373_P/373_PARTICIPANT_merged.wav', '/home/snag0027/daic_woz/splits/train/302_P/302_PARTICIPANT_merged.wav', '/home/snag0027/daic_woz/splits/train/420_P/420_PARTICIPANT_merged.wav', '/home/snag0027/daic_woz/splits/train/429_P/429_PARTICIPANT_merged.wav', '/home/snag0027/daic_woz/splits/train/343_P/343_PARTICIPANT_merged.wav', '/home/snag0027/daic_woz/splits/train/306_P/306_PARTICIPANT_merged.wav', '/home/snag0027/daic_woz/splits/train/461_P/461_PARTICIPANT_merged.wav', '/home/snag0027/daic_woz/splits/train/301_P/301_PARTICIPANT_merged.wav', '/home/snag0027/daic_woz/splits/train/384_P/384_PARTICIPANT_merged.wav', '/home/snag0027/daic_woz/splits/train/347_P/347_PARTICIPANT_merged.wav', '/home/snag0027/daic_woz/splits/train/305_P/305_PARTICIPANT_merged.wav', '/home/snag0027/daic_woz/splits/train/388_P/388_PARTICIPANT_merged.wav', '/home/snag0027/daic_woz/splits/train/472_P/472_PARTICIPANT_merged.wav', '/home/snag0027/daic_woz/splits/train/435_P/435_PARTICIPANT_merged.wav', '/home/snag0027/daic_woz/splits/train/383_P/383_PARTICIPANT_merged.wav', '/home/snag0027/daic_woz/splits/train/346_P/346_PARTICIPANT_merged.wav', '/home/snag0027/daic_woz/splits/train/312_P/312_PARTICIPANT_merged.wav', '/home/snag0027/daic_woz/splits/train/430_P/430_PARTICIPANT_merged.wav', '/home/snag0027/daic_woz/splits/train/476_P/476_PARTICIPANT_merged.wav', '/home/snag0027/daic_woz/splits/train/439_P/439_PARTICIPANT_merged.wav', '/home/snag0027/daic_woz/splits/train/387_P/387_PARTICIPANT_merged.wav', '/home/snag0027/daic_woz/splits/train/390_P/390_PARTICIPANT_merged.wav', '/home/snag0027/daic_woz/splits/train/353_P/353_PARTICIPANT_merged.wav', '/home/snag0027/daic_woz/splits/train/471_P/471_PARTICIPANT_merged.wav', '/home/snag0027/daic_woz/splits/train/400_P/400_PARTICIPANT_merged.wav', '/home/snag0027/daic_woz/splits/train/311_P/311_PARTICIPANT_merged.wav', '/home/snag0027/daic_woz/splits/train/357_P/357_PARTICIPANT_merged.wav', '/home/snag0027/daic_woz/splits/train/475_P/475_PARTICIPANT_merged.wav', '/home/snag0027/daic_woz/splits/train/441_P/441_PARTICIPANT_merged.wav', '/home/snag0027/daic_woz/splits/train/404_P/404_PARTICIPANT_merged.wav', '/home/snag0027/daic_woz/splits/train/352_P/352_PARTICIPANT_merged.wav', '/home/snag0027/daic_woz/splits/train/445_P/445_PARTICIPANT_merged.wav', '/home/snag0027/daic_woz/splits/train/408_P/408_PARTICIPANT_merged.wav', '/home/snag0027/daic_woz/splits/train/393_P/393_PARTICIPANT_merged.wav', '/home/snag0027/daic_woz/splits/train/356_P/356_PARTICIPANT_merged.wav', '/home/snag0027/daic_woz/splits/train/319_P/319_PARTICIPANT_merged.wav', '/home/snag0027/daic_woz/splits/train/322_P/322_PARTICIPANT_merged.wav', '/home/snag0027/daic_woz/splits/train/440_P/440_PARTICIPANT_merged.wav', '/home/snag0027/daic_woz/splits/train/486_P/486_PARTICIPANT_merged.wav', '/home/snag0027/daic_woz/splits/train/449_P/449_PARTICIPANT_merged.wav', '/home/snag0027/daic_woz/splits/train/397_P/397_PARTICIPANT_merged.wav', '/home/snag0027/daic_woz/splits/train/363_P/363_PARTICIPANT_merged.wav', '/home/snag0027/daic_woz/splits/train/326_P/326_PARTICIPANT_merged.wav', '/home/snag0027/daic_woz/splits/train/407_P/407_PARTICIPANT_merged.wav', '/home/snag0027/daic_woz/splits/train/410_P/410_PARTICIPANT_merged.wav'], 'audio': [{'path': '/home/snag0027/daic_woz/splits/train/367_P/367_PARTICIPANT_merged.wav', 'array': array([-0.00421143, -0.00424194, -0.00421143, ..., -0.00073242,
       -0.00079346, -0.00079346], dtype=float32), 'sampling_rate': 16000}, {'path': '/home/snag0027/daic_woz/splits/train/485_P/485_PARTICIPANT_merged.wav', 'array': array([7.3242188e-04, 4.8828125e-04, 2.4414062e-04, ..., 9.1552734e-05,
       1.2207031e-04, 9.1552734e-05], dtype=float32), 'sampling_rate': 16000}, {'path': '/home/snag0027/daic_woz/splits/train/414_P/414_PARTICIPANT_merged.wav', 'array': array([-0.00140381, -0.00149536, -0.00152588, ..., -0.00057983,
       -0.00061035, -0.00054932], dtype=float32), 'sampling_rate': 16000}, {'path': '/home/snag0027/daic_woz/splits/train/325_P/325_PARTICIPANT_merged.wav', 'array': array([-0.00531006, -0.00460815, -0.003479  , ..., -0.00030518,
       -0.00030518, -0.00021362], dtype=float32), 'sampling_rate': 16000}, {'path': '/home/snag0027/daic_woz/splits/train/320_P/320_PARTICIPANT_merged.wav', 'array': array([ 2.7465820e-04,  0.0000000e+00, -9.1552734e-05, ...,
        2.6245117e-03,  2.7465820e-03,  2.5634766e-03], dtype=float32), 'sampling_rate': 16000}, {'path': '/home/snag0027/daic_woz/splits/train/489_P/489_PARTICIPANT_merged.wav', 'array': array([ 0.00094604,  0.00085449,  0.00088501, ..., -0.00030518,
       -0.00036621, -0.00033569], dtype=float32), 'sampling_rate': 16000}, {'path': '/home/snag0027/daic_woz/splits/train/492_P/492_PARTICIPANT_merged.wav', 'array': array([ 0.00177002,  0.0017395 ,  0.00167847, ..., -0.00012207,
       -0.00021362, -0.00024414], dtype=float32), 'sampling_rate': 16000}, {'path': '/home/snag0027/daic_woz/splits/train/455_P/455_PARTICIPANT_merged.wav', 'array': array([-0.00372314, -0.00271606, -0.00183105, ...,  0.00097656,
        0.0010376 ,  0.00109863], dtype=float32), 'sampling_rate': 16000}, {'path': '/home/snag0027/daic_woz/splits/train/418_P/418_PARTICIPANT_merged.wav', 'array': array([-1.8310547e-04, -9.1552734e-05, -6.1035156e-05, ...,
       -4.5776367e-04, -5.1879883e-04, -5.4931641e-04], dtype=float32), 'sampling_rate': 16000}, {'path': '/home/snag0027/daic_woz/splits/train/450_P/450_PARTICIPANT_merged.wav', 'array': array([8.5449219e-04, 5.1879883e-04, 9.1552734e-05, ..., 4.2724609e-04,
       4.2724609e-04, 3.9672852e-04], dtype=float32), 'sampling_rate': 16000}, {'path': '/home/snag0027/daic_woz/splits/train/361_P/361_PARTICIPANT_merged.wav', 'array': array([-0.02539062, -0.02661133, -0.02703857, ..., -0.00021362,
       -0.00012207, -0.00015259], dtype=float32), 'sampling_rate': 16000}, {'path': '/home/snag0027/daic_woz/splits/train/459_P/459_PARTICIPANT_merged.wav', 'array': array([ 1.8920898e-03,  1.9226074e-03,  1.8920898e-03, ...,
        9.1552734e-05,  0.0000000e+00, -3.0517578e-05], dtype=float32), 'sampling_rate': 16000}, {'path': '/home/snag0027/daic_woz/splits/train/336_P/336_PARTICIPANT_merged.wav', 'array': array([-0.00720215, -0.00579834, -0.00540161, ...,  0.00057983,
        0.00061035,  0.0007019 ], dtype=float32), 'sampling_rate': 16000}, {'path': '/home/snag0027/daic_woz/splits/train/491_P/491_PARTICIPANT_merged.wav', 'array': array([-0.00012207, -0.00015259, -0.00018311, ...,  0.00079346,
        0.00094604,  0.00100708], dtype=float32), 'sampling_rate': 16000}, {'path': '/home/snag0027/daic_woz/splits/train/454_P/454_PARTICIPANT_merged.wav', 'array': array([0.00054932, 0.0007019 , 0.00097656, ..., 0.00033569, 0.00033569,
       0.00042725], dtype=float32), 'sampling_rate': 16000}, {'path': '/home/snag0027/daic_woz/splits/train/417_P/417_PARTICIPANT_merged.wav', 'array': array([-0.0005188 , -0.00054932, -0.00054932, ..., -0.00033569,
       -0.00027466, -0.00015259], dtype=float32), 'sampling_rate': 16000}, {'path': '/home/snag0027/daic_woz/splits/train/331_P/331_PARTICIPANT_merged.wav', 'array': array([-0.00085449, -0.00073242, -0.00076294, ...,  0.00024414,
        0.00030518,  0.00024414], dtype=float32), 'sampling_rate': 16000}, {'path': '/home/snag0027/daic_woz/splits/train/377_P/377_PARTICIPANT_merged.wav', 'array': array([-1.1596680e-03, -1.0375977e-03, -7.3242188e-04, ...,
       -6.1035156e-05, -6.1035156e-05, -3.0517578e-05], dtype=float32), 'sampling_rate': 16000}, {'path': '/home/snag0027/daic_woz/splits/train/458_P/458_PARTICIPANT_merged.wav', 'array': array([0.        , 0.00024414, 0.00045776, ..., 0.00091553, 0.00109863,
       0.00082397], dtype=float32), 'sampling_rate': 16000}, {'path': '/home/snag0027/daic_woz/splits/train/424_P/424_PARTICIPANT_merged.wav', 'array': array([-0.00115967, -0.0012207 , -0.00131226, ..., -0.00265503,
       -0.00253296, -0.00265503], dtype=float32), 'sampling_rate': 16000}, {'path': '/home/snag0027/daic_woz/splits/train/372_P/372_PARTICIPANT_merged.wav', 'array': array([-8.5449219e-04, -8.8500977e-04, -8.2397461e-04, ...,
       -6.1035156e-05, -6.1035156e-05,  0.0000000e+00], dtype=float32), 'sampling_rate': 16000}, {'path': '/home/snag0027/daic_woz/splits/train/335_P/335_PARTICIPANT_merged.wav', 'array': array([-0.00042725, -0.00039673, -0.00045776, ...,  0.00064087,
        0.0005188 ,  0.00033569], dtype=float32), 'sampling_rate': 16000}, {'path': '/home/snag0027/daic_woz/splits/train/490_P/490_PARTICIPANT_merged.wav', 'array': array([-0.00015259, -0.00021362, -0.00015259, ...,  0.00128174,
        0.00131226,  0.00137329], dtype=float32), 'sampling_rate': 16000}, {'path': '/home/snag0027/daic_woz/splits/train/330_P/330_PARTICIPANT_merged.wav', 'array': array([ 0.00048828,  0.00048828,  0.00048828, ..., -0.00064087,
       -0.00067139, -0.00079346], dtype=float32), 'sampling_rate': 16000}, {'path': '/home/snag0027/daic_woz/splits/train/428_P/428_PARTICIPANT_merged.wav', 'array': array([ 0.0000000e+00,  6.1035156e-05,  3.0517578e-05, ...,
       -5.0323486e-02, -4.9865723e-02, -4.9194336e-02], dtype=float32), 'sampling_rate': 16000}, {'path': '/home/snag0027/daic_woz/splits/train/339_P/339_PARTICIPANT_merged.wav', 'array': array([-3.0517578e-05, -9.1552734e-05, -6.1035156e-05, ...,
        1.2207031e-03,  1.5563965e-03,  2.3193359e-03], dtype=float32), 'sampling_rate': 16000}, {'path': '/home/snag0027/daic_woz/splits/train/423_P/423_PARTICIPANT_merged.wav', 'array': array([-6.1035156e-04, -5.4931641e-04, -4.8828125e-04, ...,
       -3.0517578e-05,  2.7465820e-04,  5.7983398e-04], dtype=float32), 'sampling_rate': 16000}, {'path': '/home/snag0027/daic_woz/splits/train/371_P/371_PARTICIPANT_merged.wav', 'array': array([-0.00302124, -0.00308228, -0.00305176, ..., -0.00054932,
       -0.00045776, -0.00045776], dtype=float32), 'sampling_rate': 16000}, {'path': '/home/snag0027/daic_woz/splits/train/469_P/469_PARTICIPANT_merged.wav', 'array': array([4.8828125e-04, 4.5776367e-04, 3.6621094e-04, ..., 3.3569336e-04,
       9.1552734e-05, 3.0517578e-05], dtype=float32), 'sampling_rate': 16000}, {'path': '/home/snag0027/daic_woz/splits/train/309_P/309_PARTICIPANT_merged.wav', 'array': array([-0.00091553, -0.00152588, -0.00344849, ...,  0.01846313,
        0.01693726,  0.01571655], dtype=float32), 'sampling_rate': 16000}, {'path': '/home/snag0027/daic_woz/splits/train/464_P/464_PARTICIPANT_merged.wav', 'array': array([0.00021362, 0.00018311, 0.00021362, ..., 0.00091553, 0.00082397,
       0.00067139], dtype=float32), 'sampling_rate': 16000}, {'path': '/home/snag0027/daic_woz/splits/train/427_P/427_PARTICIPANT_merged.wav', 'array': array([-0.00039673, -0.00045776, -0.00039673, ..., -0.00048828,
       -0.00054932, -0.0005188 ], dtype=float32), 'sampling_rate': 16000}, {'path': '/home/snag0027/daic_woz/splits/train/341_P/341_PARTICIPANT_merged.wav', 'array': array([-2.4414062e-04, -1.8310547e-04, -1.2207031e-04, ...,
        9.1552734e-05,  9.1552734e-05,  6.1035156e-05], dtype=float32), 'sampling_rate': 16000}, {'path': '/home/snag0027/daic_woz/splits/train/422_P/422_PARTICIPANT_merged.wav', 'array': array([0.00085449, 0.00085449, 0.0007019 , ..., 0.00241089, 0.00222778,
       0.00216675], dtype=float32), 'sampling_rate': 16000}, {'path': '/home/snag0027/daic_woz/splits/train/468_P/468_PARTICIPANT_merged.wav', 'array': array([-0.00012207,  0.00018311,  0.00042725, ...,  0.00134277,
        0.00137329,  0.00143433], dtype=float32), 'sampling_rate': 16000}, {'path': '/home/snag0027/daic_woz/splits/train/382_P/382_PARTICIPANT_merged.wav', 'array': array([-0.00579834, -0.00582886, -0.00579834, ..., -0.00134277,
       -0.00131226, -0.00131226], dtype=float32), 'sampling_rate': 16000}, {'path': '/home/snag0027/daic_woz/splits/train/345_P/345_PARTICIPANT_merged.wav', 'array': array([ 0.00131226,  0.00137329,  0.00152588, ..., -0.00021362,
       -0.00018311, -0.00018311], dtype=float32), 'sampling_rate': 16000}, {'path': '/home/snag0027/daic_woz/splits/train/308_P/308_PARTICIPANT_merged.wav', 'array': array([-0.01342773, -0.01620483, -0.01785278, ...,  0.01046753,
        0.01074219,  0.00915527], dtype=float32), 'sampling_rate': 16000}, {'path': '/home/snag0027/daic_woz/splits/train/463_P/463_PARTICIPANT_merged.wav', 'array': array([ 1.6174316e-03,  1.6174316e-03,  1.6479492e-03, ...,
        1.8310547e-04,  3.0517578e-05, -9.1552734e-05], dtype=float32), 'sampling_rate': 16000}, {'path': '/home/snag0027/daic_woz/splits/train/340_P/340_PARTICIPANT_merged.wav', 'array': array([0.00714111, 0.00512695, 0.01098633, ..., 0.00073242, 0.00079346,
       0.00076294], dtype=float32), 'sampling_rate': 16000}, {'path': '/home/snag0027/daic_woz/splits/train/386_P/386_PARTICIPANT_merged.wav', 'array': array([-0.00061035, -0.00057983, -0.00057983, ..., -0.00097656,
       -0.00079346, -0.00073242], dtype=float32), 'sampling_rate': 16000}, {'path': '/home/snag0027/daic_woz/splits/train/349_P/349_PARTICIPANT_merged.wav', 'array': array([-0.00756836, -0.00772095, -0.0078125 , ..., -0.00042725,
       -0.00039673, -0.00027466], dtype=float32), 'sampling_rate': 16000}, {'path': '/home/snag0027/daic_woz/splits/train/470_P/470_PARTICIPANT_merged.wav', 'array': array([-3.0517578e-05, -6.1035156e-05, -9.1552734e-05, ...,
       -5.1879883e-04, -5.7983398e-04, -6.1035156e-04], dtype=float32), 'sampling_rate': 16000}, {'path': '/home/snag0027/daic_woz/splits/train/433_P/433_PARTICIPANT_merged.wav', 'array': array([ 0.00061035,  0.0005188 ,  0.00027466, ..., -0.00076294,
       -0.00079346, -0.00088501], dtype=float32), 'sampling_rate': 16000}, {'path': '/home/snag0027/daic_woz/splits/train/381_P/381_PARTICIPANT_merged.wav', 'array': array([0.00039673, 0.00039673, 0.00042725, ..., 0.00759888, 0.00759888,
       0.00765991], dtype=float32), 'sampling_rate': 16000}, {'path': '/home/snag0027/daic_woz/splits/train/344_P/344_PARTICIPANT_merged.wav', 'array': array([ 0.05355835,  0.01904297, -0.00869751, ..., -0.00973511,
       -0.01028442, -0.01071167], dtype=float32), 'sampling_rate': 16000}, {'path': '/home/snag0027/daic_woz/splits/train/479_P/479_PARTICIPANT_merged.wav', 'array': array([ 0.00036621,  0.00036621,  0.00039673, ..., -0.00054932,
       -0.00039673, -0.00024414], dtype=float32), 'sampling_rate': 16000}, {'path': '/home/snag0027/daic_woz/splits/train/474_P/474_PARTICIPANT_merged.wav', 'array': array([-8.8500977e-04, -4.8828125e-04, -3.0517578e-05, ...,
       -2.1362305e-04, -1.5258789e-04, -1.2207031e-04], dtype=float32), 'sampling_rate': 16000}, {'path': '/home/snag0027/daic_woz/splits/train/385_P/385_PARTICIPANT_merged.wav', 'array': array([1.2512207e-02, 1.2420654e-02, 1.2359619e-02, ..., 0.0000000e+00,
       0.0000000e+00, 6.1035156e-05], dtype=float32), 'sampling_rate': 16000}, {'path': '/home/snag0027/daic_woz/splits/train/351_P/351_PARTICIPANT_merged.wav', 'array': array([0.01873779, 0.01873779, 0.01263428, ..., 0.00091553, 0.00097656,
       0.00100708], dtype=float32), 'sampling_rate': 16000}, {'path': '/home/snag0027/daic_woz/splits/train/314_P/314_PARTICIPANT_merged.wav', 'array': array([-0.01278687, -0.01403809, -0.01431274, ..., -0.00033569,
       -0.00048828, -0.0005188 ], dtype=float32), 'sampling_rate': 16000}, {'path': '/home/snag0027/daic_woz/splits/train/432_P/432_PARTICIPANT_merged.wav', 'array': array([-6.1035156e-04, -6.4086914e-04, -5.4931641e-04, ...,
        1.2207031e-04,  0.0000000e+00,  6.1035156e-05], dtype=float32), 'sampling_rate': 16000}, {'path': '/home/snag0027/daic_woz/splits/train/478_P/478_PARTICIPANT_merged.wav', 'array': array([ 0.00024414,  0.00024414,  0.00024414, ..., -0.0005188 ,
       -0.00030518,  0.        ], dtype=float32), 'sampling_rate': 16000}, {'path': '/home/snag0027/daic_woz/splits/train/389_P/389_PARTICIPANT_merged.wav', 'array': array([-7.6293945e-04, -9.7656250e-04, -8.5449219e-04, ...,
       -1.5258789e-04, -9.1552734e-05, -9.1552734e-05], dtype=float32), 'sampling_rate': 16000}, {'path': '/home/snag0027/daic_woz/splits/train/392_P/392_PARTICIPANT_merged.wav', 'array': array([ 0.00021362,  0.00012207,  0.00012207, ..., -0.00021362,
       -0.00018311, -0.00015259], dtype=float32), 'sampling_rate': 16000}, {'path': '/home/snag0027/daic_woz/splits/train/318_P/318_PARTICIPANT_merged.wav', 'array': array([-1.1901855e-03, -1.1291504e-03, -1.2207031e-03, ...,
       -6.1035156e-05, -3.0517578e-05, -3.0517578e-05], dtype=float32), 'sampling_rate': 16000}, {'path': '/home/snag0027/daic_woz/splits/train/473_P/473_PARTICIPANT_merged.wav', 'array': array([0.00067139, 0.00073242, 0.00076294, ..., 0.00048828, 0.00036621,
       0.00039673], dtype=float32), 'sampling_rate': 16000}, {'path': '/home/snag0027/daic_woz/splits/train/436_P/436_PARTICIPANT_merged.wav', 'array': array([-9.7656250e-04, -1.0375977e-03, -1.0681152e-03, ...,
       -9.1552734e-05, -1.8310547e-04, -1.8310547e-04], dtype=float32), 'sampling_rate': 16000}, {'path': '/home/snag0027/daic_woz/splits/train/402_P/402_PARTICIPANT_merged.wav', 'array': array([-0.01147461, -0.00958252, -0.00933838, ..., -0.00198364,
       -0.00192261, -0.00192261], dtype=float32), 'sampling_rate': 16000}, {'path': '/home/snag0027/daic_woz/splits/train/350_P/350_PARTICIPANT_merged.wav', 'array': array([-0.00158691, -0.00665283, -0.00848389, ..., -0.00030518,
       -0.0005188 , -0.0007019 ], dtype=float32), 'sampling_rate': 16000}, {'path': '/home/snag0027/daic_woz/splits/train/313_P/313_PARTICIPANT_merged.wav', 'array': array([ 0.00341797,  0.00390625,  0.00384521, ..., -0.00112915,
       -0.00112915, -0.00100708], dtype=float32), 'sampling_rate': 16000}, {'path': '/home/snag0027/daic_woz/splits/train/396_P/396_PARTICIPANT_merged.wav', 'array': array([-1.5258789e-04, -9.1552734e-05, -9.1552734e-05, ...,
        2.1362305e-04,  3.3569336e-04,  3.0517578e-04], dtype=float32), 'sampling_rate': 16000}, {'path': '/home/snag0027/daic_woz/splits/train/359_P/359_PARTICIPANT_merged.wav', 'array': array([-0.01486206, -0.01309204, -0.01171875, ...,  0.0010376 ,
        0.00094604,  0.00094604], dtype=float32), 'sampling_rate': 16000}, {'path': '/home/snag0027/daic_woz/splits/train/477_P/477_PARTICIPANT_merged.wav', 'array': array([-0.00091553, -0.00067139, -0.00021362, ..., -0.00045776,
       -0.00030518, -0.00030518], dtype=float32), 'sampling_rate': 16000}, {'path': '/home/snag0027/daic_woz/splits/train/480_P/480_PARTICIPANT_merged.wav', 'array': array([ 0.00024414,  0.00018311,  0.00024414, ..., -0.00149536,
       -0.00161743, -0.00152588], dtype=float32), 'sampling_rate': 16000}, {'path': '/home/snag0027/daic_woz/splits/train/443_P/443_PARTICIPANT_merged.wav', 'array': array([ 0.00115967,  0.00106812,  0.00097656, ...,  0.        ,
       -0.00018311, -0.00027466], dtype=float32), 'sampling_rate': 16000}, {'path': '/home/snag0027/daic_woz/splits/train/406_P/406_PARTICIPANT_merged.wav', 'array': array([0.00042725, 0.00042725, 0.00045776, ..., 0.00036621, 0.00030518,
       0.00027466], dtype=float32), 'sampling_rate': 16000}, {'path': '/home/snag0027/daic_woz/splits/train/391_P/391_PARTICIPANT_merged.wav', 'array': array([ 0.00021362,  0.00021362,  0.00021362, ..., -0.00158691,
       -0.00091553, -0.00088501], dtype=float32), 'sampling_rate': 16000}, {'path': '/home/snag0027/daic_woz/splits/train/354_P/354_PARTICIPANT_merged.wav', 'array': array([-0.00183105, -0.00170898, -0.0017395 , ...,  0.0007019 ,
        0.00064087,  0.00057983], dtype=float32), 'sampling_rate': 16000}, {'path': '/home/snag0027/daic_woz/splits/train/317_P/317_PARTICIPANT_merged.wav', 'array': array([-0.00424194, -0.00384521, -0.00323486, ...,  0.00057983,
        0.00054932,  0.00039673], dtype=float32), 'sampling_rate': 16000}, {'path': '/home/snag0027/daic_woz/splits/train/401_P/401_PARTICIPANT_merged.wav', 'array': array([-0.00033569, -0.00039673, -0.00039673, ..., -0.00039673,
       -0.00039673, -0.00030518], dtype=float32), 'sampling_rate': 16000}, {'path': '/home/snag0027/daic_woz/splits/train/447_P/447_PARTICIPANT_merged.wav', 'array': array([ 0.00048828,  0.00048828,  0.00048828, ..., -0.00097656,
       -0.0010376 , -0.00097656], dtype=float32), 'sampling_rate': 16000}, {'path': '/home/snag0027/daic_woz/splits/train/395_P/395_PARTICIPANT_merged.wav', 'array': array([ 0.0000000e+00,  6.1035156e-05,  0.0000000e+00, ...,
       -2.1362305e-04, -9.1552734e-05,  6.1035156e-05], dtype=float32), 'sampling_rate': 16000}, {'path': '/home/snag0027/daic_woz/splits/train/358_P/358_PARTICIPANT_merged.wav', 'array': array([-0.00683594, -0.00613403, -0.0083313 , ...,  0.0007019 ,
        0.00073242,  0.00067139], dtype=float32), 'sampling_rate': 16000}, {'path': '/home/snag0027/daic_woz/splits/train/324_P/324_PARTICIPANT_merged.wav', 'array': array([ 2.6550293e-03,  2.6550293e-03,  2.6245117e-03, ...,
       -6.1035156e-05,  9.1552734e-05, -3.0517578e-05], dtype=float32), 'sampling_rate': 16000}, {'path': '/home/snag0027/daic_woz/splits/train/442_P/442_PARTICIPANT_merged.wav', 'array': array([-0.00033569, -0.00027466, -0.00027466, ..., -0.0007019 ,
       -0.0007019 , -0.0007019 ], dtype=float32), 'sampling_rate': 16000}, {'path': '/home/snag0027/daic_woz/splits/train/405_P/405_PARTICIPANT_merged.wav', 'array': array([-0.00021362, -0.00015259, -0.00018311, ...,  0.00036621,
        0.00036621,  0.00036621], dtype=float32), 'sampling_rate': 16000}, {'path': '/home/snag0027/daic_woz/splits/train/488_P/488_PARTICIPANT_merged.wav', 'array': array([ 0.00164795,  0.00158691,  0.00125122, ..., -0.00036621,
        0.00018311,  0.00067139], dtype=float32), 'sampling_rate': 16000}, {'path': '/home/snag0027/daic_woz/splits/train/399_P/399_PARTICIPANT_merged.wav', 'array': array([-0.00106812, -0.00106812, -0.00109863, ..., -0.00039673,
       -0.00042725, -0.00042725], dtype=float32), 'sampling_rate': 16000}, {'path': '/home/snag0027/daic_woz/splits/train/365_P/365_PARTICIPANT_merged.wav', 'array': array([-9.1552734e-05, -9.1552734e-05, -3.0517578e-05, ...,
       -1.5869141e-03, -1.6479492e-03, -1.5869141e-03], dtype=float32), 'sampling_rate': 16000}, {'path': '/home/snag0027/daic_woz/splits/train/328_P/328_PARTICIPANT_merged.wav', 'array': array([ 0.01205444,  0.01324463,  0.01489258, ..., -0.00302124,
       -0.0022583 , -0.00177002], dtype=float32), 'sampling_rate': 16000}, {'path': '/home/snag0027/daic_woz/splits/train/409_P/409_PARTICIPANT_merged.wav', 'array': array([-0.00115967, -0.00091553, -0.00097656, ..., -0.00042725,
       -0.00045776, -0.00036621], dtype=float32), 'sampling_rate': 16000}, {'path': '/home/snag0027/daic_woz/splits/train/360_P/360_PARTICIPANT_merged.wav', 'array': array([ 0.01834106,  0.01385498,  0.01226807, ..., -0.00085449,
       -0.00076294, -0.0007019 ], dtype=float32), 'sampling_rate': 16000}, {'path': '/home/snag0027/daic_woz/splits/train/323_P/323_PARTICIPANT_merged.wav', 'array': array([ 4.5776367e-04, -3.6621094e-04, -4.2724609e-04, ...,
       -6.1035156e-05, -6.1035156e-05, -6.1035156e-05], dtype=float32), 'sampling_rate': 16000}, {'path': '/home/snag0027/daic_woz/splits/train/369_P/369_PARTICIPANT_merged.wav', 'array': array([ 0.00021362,  0.00021362,  0.00024414, ..., -0.00271606,
       -0.00283813, -0.00250244], dtype=float32), 'sampling_rate': 16000}, {'path': '/home/snag0027/daic_woz/splits/train/487_P/487_PARTICIPANT_merged.wav', 'array': array([-0.0050354 , -0.00515747, -0.00534058, ...,  0.00021362,
        0.00024414,  0.00030518], dtype=float32), 'sampling_rate': 16000}, {'path': '/home/snag0027/daic_woz/splits/train/453_P/453_PARTICIPANT_merged.wav', 'array': array([-1.2207031e-04, -1.5258789e-04, -6.1035156e-05, ...,
        4.2724609e-04,  2.4414062e-04,  1.8310547e-04], dtype=float32), 'sampling_rate': 16000}, {'path': '/home/snag0027/daic_woz/splits/train/416_P/416_PARTICIPANT_merged.wav', 'array': array([-0.00079346, -0.00079346, -0.00076294, ..., -0.00048828,
       -0.00057983, -0.0005188 ], dtype=float32), 'sampling_rate': 16000}, {'path': '/home/snag0027/daic_woz/splits/train/364_P/364_PARTICIPANT_merged.wav', 'array': array([-0.00024414, -0.00021362,  0.        , ...,  0.0005188 ,
        0.00048828,  0.00048828], dtype=float32), 'sampling_rate': 16000}, {'path': '/home/snag0027/daic_woz/splits/train/457_P/457_PARTICIPANT_merged.wav', 'array': array([ 0.0017395 ,  0.00177002,  0.00186157, ..., -0.00097656,
       -0.0010376 , -0.00100708], dtype=float32), 'sampling_rate': 16000}, {'path': '/home/snag0027/daic_woz/splits/train/368_P/368_PARTICIPANT_merged.wav', 'array': array([-0.00274658, -0.00271606, -0.00268555, ..., -0.00164795,
       -0.00204468, -0.00228882], dtype=float32), 'sampling_rate': 16000}, {'path': '/home/snag0027/daic_woz/splits/train/452_P/452_PARTICIPANT_merged.wav', 'array': array([0.00021362, 0.00018311, 0.00018311, ..., 0.00045776, 0.00057983,
       0.00048828], dtype=float32), 'sampling_rate': 16000}, {'path': '/home/snag0027/daic_woz/splits/train/415_P/415_PARTICIPANT_merged.wav', 'array': array([-0.00085449, -0.00085449, -0.00085449, ...,  0.00137329,
        0.00164795,  0.00158691], dtype=float32), 'sampling_rate': 16000}, {'path': '/home/snag0027/daic_woz/splits/train/338_P/338_PARTICIPANT_merged.wav', 'array': array([-0.00021362, -0.00021362, -0.00027466, ..., -0.00305176,
       -0.0027771 , -0.00250244], dtype=float32), 'sampling_rate': 16000}, {'path': '/home/snag0027/daic_woz/splits/train/419_P/419_PARTICIPANT_merged.wav', 'array': array([-0.00125122, -0.0012207 , -0.00125122, ..., -0.00073242,
       -0.00064087, -0.00057983], dtype=float32), 'sampling_rate': 16000}, {'path': '/home/snag0027/daic_woz/splits/train/370_P/370_PARTICIPANT_merged.wav', 'array': array([ 0.00109863,  0.00106812,  0.00112915, ..., -0.00140381,
       -0.00106812, -0.00140381], dtype=float32), 'sampling_rate': 16000}, {'path': '/home/snag0027/daic_woz/splits/train/333_P/333_PARTICIPANT_merged.wav', 'array': array([-0.00125122, -0.00131226, -0.00128174, ..., -0.00036621,
       -0.00045776, -0.00048828], dtype=float32), 'sampling_rate': 16000}, {'path': '/home/snag0027/daic_woz/splits/train/379_P/379_PARTICIPANT_merged.wav', 'array': array([ 0.0000000e+00,  0.0000000e+00, -6.1035156e-05, ...,
        1.8615723e-03,  1.8310547e-03,  1.8615723e-03], dtype=float32), 'sampling_rate': 16000}, {'path': '/home/snag0027/daic_woz/splits/train/374_P/374_PARTICIPANT_merged.wav', 'array': array([ 9.1552734e-05,  6.1035156e-05,  6.1035156e-05, ...,
       -1.9226074e-03, -2.0141602e-03, -2.2583008e-03], dtype=float32), 'sampling_rate': 16000}, {'path': '/home/snag0027/daic_woz/splits/train/337_P/337_PARTICIPANT_merged.wav', 'array': array([-0.00836182, -0.01031494, -0.00915527, ...,  0.00042725,
        0.00039673,  0.00027466], dtype=float32), 'sampling_rate': 16000}, {'path': '/home/snag0027/daic_woz/splits/train/421_P/421_PARTICIPANT_merged.wav', 'array': array([ 0.00109863,  0.00112915,  0.00119019, ..., -0.00033569,
       -0.00039673, -0.00033569], dtype=float32), 'sampling_rate': 16000}, {'path': '/home/snag0027/daic_woz/splits/train/332_P/332_PARTICIPANT_merged.wav', 'array': array([-5.0659180e-03, -4.6386719e-03, -4.2724609e-03, ...,
       -1.2207031e-04, -6.1035156e-05, -1.5258789e-04], dtype=float32), 'sampling_rate': 16000}, {'path': '/home/snag0027/daic_woz/splits/train/467_P/467_PARTICIPANT_merged.wav', 'array': array([-3.0517578e-05, -9.1552734e-05, -1.2207031e-04, ...,
       -3.0517578e-04, -2.7465820e-04, -1.2207031e-04], dtype=float32), 'sampling_rate': 16000}, {'path': '/home/snag0027/daic_woz/splits/train/378_P/378_PARTICIPANT_merged.wav', 'array': array([-0.00527954, -0.00518799, -0.00521851, ...,  0.00030518,
        0.00067139,  0.0007019 ], dtype=float32), 'sampling_rate': 16000}, {'path': '/home/snag0027/daic_woz/splits/train/462_P/462_PARTICIPANT_merged.wav', 'array': array([-0.00067139, -0.00085449, -0.00073242, ..., -0.0015564 ,
       -0.00158691, -0.00149536], dtype=float32), 'sampling_rate': 16000}, {'path': '/home/snag0027/daic_woz/splits/train/425_P/425_PARTICIPANT_merged.wav', 'array': array([0.00042725, 0.00045776, 0.00054932, ..., 0.00048828, 0.00048828,
       0.00048828], dtype=float32), 'sampling_rate': 16000}, {'path': '/home/snag0027/daic_woz/splits/train/373_P/373_PARTICIPANT_merged.wav', 'array': array([-0.00024414, -0.00027466, -0.00024414, ..., -0.00054932,
       -0.00048828, -0.0005188 ], dtype=float32), 'sampling_rate': 16000}, {'path': '/home/snag0027/daic_woz/splits/train/302_P/302_PARTICIPANT_merged.wav', 'array': array([ 1.4251709e-02,  1.5533447e-02,  1.6418457e-02, ...,
       -2.7465820e-04, -3.0517578e-05,  3.0517578e-05], dtype=float32), 'sampling_rate': 16000}, {'path': '/home/snag0027/daic_woz/splits/train/420_P/420_PARTICIPANT_merged.wav', 'array': array([ 1.2512207e-03,  1.2817383e-03,  1.2512207e-03, ...,
       -4.8828125e-04, -2.7465820e-04,  6.1035156e-05], dtype=float32), 'sampling_rate': 16000}, {'path': '/home/snag0027/daic_woz/splits/train/429_P/429_PARTICIPANT_merged.wav', 'array': array([1.8310547e-04, 2.1362305e-04, 2.7465820e-04, ..., 6.1035156e-05,
       1.2207031e-04, 2.4414062e-04], dtype=float32), 'sampling_rate': 16000}, {'path': '/home/snag0027/daic_woz/splits/train/343_P/343_PARTICIPANT_merged.wav', 'array': array([ 0.00180054,  0.00167847,  0.00167847, ..., -0.00054932,
       -0.00048828, -0.00033569], dtype=float32), 'sampling_rate': 16000}, {'path': '/home/snag0027/daic_woz/splits/train/306_P/306_PARTICIPANT_merged.wav', 'array': array([-0.00604248, -0.00952148, -0.00872803, ...,  0.015625  ,
        0.01675415,  0.01876831], dtype=float32), 'sampling_rate': 16000}, {'path': '/home/snag0027/daic_woz/splits/train/461_P/461_PARTICIPANT_merged.wav', 'array': array([ 0.00042725,  0.00039673,  0.00030518, ..., -0.00039673,
       -0.00039673, -0.00054932], dtype=float32), 'sampling_rate': 16000}, {'path': '/home/snag0027/daic_woz/splits/train/301_P/301_PARTICIPANT_merged.wav', 'array': array([-0.00192261, -0.0020752 , -0.00256348, ...,  0.0020752 ,
        0.00271606,  0.00170898], dtype=float32), 'sampling_rate': 16000}, {'path': '/home/snag0027/daic_woz/splits/train/384_P/384_PARTICIPANT_merged.wav', 'array': array([-0.00027466, -0.00030518, -0.00039673, ...,  0.00213623,
        0.00204468,  0.00201416], dtype=float32), 'sampling_rate': 16000}, {'path': '/home/snag0027/daic_woz/splits/train/347_P/347_PARTICIPANT_merged.wav', 'array': array([-0.00054932, -0.00057983, -0.00064087, ...,  0.00048828,
        0.00048828,  0.0005188 ], dtype=float32), 'sampling_rate': 16000}, {'path': '/home/snag0027/daic_woz/splits/train/305_P/305_PARTICIPANT_merged.wav', 'array': array([0.01766968, 0.01708984, 0.01580811, ..., 0.01052856, 0.00991821,
       0.00964355], dtype=float32), 'sampling_rate': 16000}, {'path': '/home/snag0027/daic_woz/splits/train/388_P/388_PARTICIPANT_merged.wav', 'array': array([ 0.00045776,  0.00048828,  0.00042725, ..., -0.00076294,
       -0.00079346, -0.00076294], dtype=float32), 'sampling_rate': 16000}, {'path': '/home/snag0027/daic_woz/splits/train/472_P/472_PARTICIPANT_merged.wav', 'array': array([ 0.00091553,  0.00091553,  0.00094604, ..., -0.00054932,
       -0.0005188 , -0.00054932], dtype=float32), 'sampling_rate': 16000}, {'path': '/home/snag0027/daic_woz/splits/train/435_P/435_PARTICIPANT_merged.wav', 'array': array([ 0.0000000e+00, -5.4931641e-04, -9.7656250e-04, ...,
        3.0517578e-05,  1.2207031e-04,  9.1552734e-05], dtype=float32), 'sampling_rate': 16000}, {'path': '/home/snag0027/daic_woz/splits/train/383_P/383_PARTICIPANT_merged.wav', 'array': array([-0.00064087, -0.00067139, -0.00067139, ..., -0.00387573,
       -0.00408936, -0.00430298], dtype=float32), 'sampling_rate': 16000}, {'path': '/home/snag0027/daic_woz/splits/train/346_P/346_PARTICIPANT_merged.wav', 'array': array([ 0.00033569,  0.00027466,  0.00027466, ..., -0.00048828,
       -0.00067139, -0.00042725], dtype=float32), 'sampling_rate': 16000}, {'path': '/home/snag0027/daic_woz/splits/train/312_P/312_PARTICIPANT_merged.wav', 'array': array([-0.00637817, -0.00695801, -0.00793457, ...,  0.00064087,
        0.00067139,  0.00067139], dtype=float32), 'sampling_rate': 16000}, {'path': '/home/snag0027/daic_woz/splits/train/430_P/430_PARTICIPANT_merged.wav', 'array': array([0.00015259, 0.00012207, 0.00018311, ..., 0.00054932, 0.00061035,
       0.00061035], dtype=float32), 'sampling_rate': 16000}, {'path': '/home/snag0027/daic_woz/splits/train/476_P/476_PARTICIPANT_merged.wav', 'array': array([-0.00048828, -0.00054932, -0.0005188 , ...,  0.00036621,
        0.00039673,  0.00036621], dtype=float32), 'sampling_rate': 16000}, {'path': '/home/snag0027/daic_woz/splits/train/439_P/439_PARTICIPANT_merged.wav', 'array': array([0.        , 0.00012207, 0.00024414, ..., 0.00036621, 0.00039673,
       0.00030518], dtype=float32), 'sampling_rate': 16000}, {'path': '/home/snag0027/daic_woz/splits/train/387_P/387_PARTICIPANT_merged.wav', 'array': array([8.5449219e-04, 9.7656250e-04, 9.7656250e-04, ..., 2.4414062e-04,
       6.1035156e-05, 3.0517578e-05], dtype=float32), 'sampling_rate': 16000}, {'path': '/home/snag0027/daic_woz/splits/train/390_P/390_PARTICIPANT_merged.wav', 'array': array([ 0.00045776,  0.00042725,  0.00042725, ..., -0.00018311,
       -0.00015259, -0.00012207], dtype=float32), 'sampling_rate': 16000}, {'path': '/home/snag0027/daic_woz/splits/train/353_P/353_PARTICIPANT_merged.wav', 'array': array([-0.00662231, -0.00595093, -0.00497437, ...,  0.00024414,
        0.00021362,  0.00015259], dtype=float32), 'sampling_rate': 16000}, {'path': '/home/snag0027/daic_woz/splits/train/471_P/471_PARTICIPANT_merged.wav', 'array': array([-0.00088501, -0.00112915, -0.00119019, ...,  0.00064087,
        0.00057983,  0.00036621], dtype=float32), 'sampling_rate': 16000}, {'path': '/home/snag0027/daic_woz/splits/train/400_P/400_PARTICIPANT_merged.wav', 'array': array([ 3.0517578e-05,  1.2207031e-04,  9.1552734e-05, ...,
       -1.6174316e-03, -1.5258789e-03, -1.6174316e-03], dtype=float32), 'sampling_rate': 16000}, {'path': '/home/snag0027/daic_woz/splits/train/311_P/311_PARTICIPANT_merged.wav', 'array': array([ 0.00357056,  0.00286865,  0.00311279, ...,  0.00079346,
       -0.0005188 , -0.0015564 ], dtype=float32), 'sampling_rate': 16000}, {'path': '/home/snag0027/daic_woz/splits/train/357_P/357_PARTICIPANT_merged.wav', 'array': array([-0.01239014, -0.01522827, -0.01589966, ...,  0.00537109,
        0.0038147 ,  0.00363159], dtype=float32), 'sampling_rate': 16000}, {'path': '/home/snag0027/daic_woz/splits/train/475_P/475_PARTICIPANT_merged.wav', 'array': array([ 0.00021362, -0.00012207, -0.00054932, ..., -0.00158691,
       -0.00152588, -0.00109863], dtype=float32), 'sampling_rate': 16000}, {'path': '/home/snag0027/daic_woz/splits/train/441_P/441_PARTICIPANT_merged.wav', 'array': array([0.00033569, 0.00039673, 0.00039673, ..., 0.00222778, 0.00238037,
       0.00247192], dtype=float32), 'sampling_rate': 16000}, {'path': '/home/snag0027/daic_woz/splits/train/404_P/404_PARTICIPANT_merged.wav', 'array': array([ 4.4219971e-02,  4.8248291e-02,  5.2154541e-02, ...,
       -3.0517578e-05, -3.0517578e-05, -6.1035156e-05], dtype=float32), 'sampling_rate': 16000}, {'path': '/home/snag0027/daic_woz/splits/train/352_P/352_PARTICIPANT_merged.wav', 'array': array([0.00112915, 0.00091553, 0.00097656, ..., 0.00036621, 0.00030518,
       0.00018311], dtype=float32), 'sampling_rate': 16000}, {'path': '/home/snag0027/daic_woz/splits/train/445_P/445_PARTICIPANT_merged.wav', 'array': array([ 5.1879883e-04,  3.0517578e-04, -1.2207031e-04, ...,
       -3.0517578e-05,  3.0517578e-05,  6.1035156e-05], dtype=float32), 'sampling_rate': 16000}, {'path': '/home/snag0027/daic_woz/splits/train/408_P/408_PARTICIPANT_merged.wav', 'array': array([-0.00054932, -0.0005188 , -0.00057983, ...,  0.00018311,
        0.00018311,  0.00012207], dtype=float32), 'sampling_rate': 16000}, {'path': '/home/snag0027/daic_woz/splits/train/393_P/393_PARTICIPANT_merged.wav', 'array': array([-0.00015259, -0.00012207, -0.00012207, ..., -0.00061035,
       -0.00061035, -0.0005188 ], dtype=float32), 'sampling_rate': 16000}, {'path': '/home/snag0027/daic_woz/splits/train/356_P/356_PARTICIPANT_merged.wav', 'array': array([0.00128174, 0.00128174, 0.00112915, ..., 0.00112915, 0.00119019,
       0.00109863], dtype=float32), 'sampling_rate': 16000}, {'path': '/home/snag0027/daic_woz/splits/train/319_P/319_PARTICIPANT_merged.wav', 'array': array([ 1.8310547e-04,  9.1552734e-05,  1.2207031e-04, ...,
       -1.5258789e-04, -1.2207031e-04, -1.2207031e-04], dtype=float32), 'sampling_rate': 16000}, {'path': '/home/snag0027/daic_woz/splits/train/322_P/322_PARTICIPANT_merged.wav', 'array': array([-0.00534058, -0.00570679, -0.0072937 , ..., -0.00012207,
       -0.00027466, -0.00057983], dtype=float32), 'sampling_rate': 16000}, {'path': '/home/snag0027/daic_woz/splits/train/440_P/440_PARTICIPANT_merged.wav', 'array': array([-0.0012207 , -0.00128174, -0.00131226, ...,  0.00067139,
        0.00076294,  0.00042725], dtype=float32), 'sampling_rate': 16000}, {'path': '/home/snag0027/daic_woz/splits/train/486_P/486_PARTICIPANT_merged.wav', 'array': array([ 0.00039673, -0.00012207, -0.00067139, ..., -0.00018311,
       -0.00036621, -0.00030518], dtype=float32), 'sampling_rate': 16000}, {'path': '/home/snag0027/daic_woz/splits/train/449_P/449_PARTICIPANT_merged.wav', 'array': array([ 5.7983398e-04,  6.4086914e-04,  7.3242188e-04, ...,
       -9.1552734e-05,  3.0517578e-05,  6.1035156e-05], dtype=float32), 'sampling_rate': 16000}, {'path': '/home/snag0027/daic_woz/splits/train/397_P/397_PARTICIPANT_merged.wav', 'array': array([ 2.3193359e-03,  2.2277832e-03,  2.2583008e-03, ...,
       -6.1035156e-05,  6.1035156e-05,  1.2207031e-04], dtype=float32), 'sampling_rate': 16000}, {'path': '/home/snag0027/daic_woz/splits/train/363_P/363_PARTICIPANT_merged.wav', 'array': array([-0.00057983, -0.00057983, -0.0005188 , ..., -0.00039673,
       -0.00012207, -0.00021362], dtype=float32), 'sampling_rate': 16000}, {'path': '/home/snag0027/daic_woz/splits/train/326_P/326_PARTICIPANT_merged.wav', 'array': array([ 0.00064087, -0.00018311, -0.00085449, ..., -0.00134277,
       -0.00115967, -0.00112915], dtype=float32), 'sampling_rate': 16000}, {'path': '/home/snag0027/daic_woz/splits/train/407_P/407_PARTICIPANT_merged.wav', 'array': array([-1.2207031e-04, -1.2207031e-04, -9.1552734e-05, ...,
       -3.0822754e-03, -2.9907227e-03, -2.8991699e-03], dtype=float32), 'sampling_rate': 16000}, {'path': '/home/snag0027/daic_woz/splits/train/410_P/410_PARTICIPANT_merged.wav', 'array': array([-1.2207031e-04, -1.5258789e-04, -1.5258789e-04, ...,
       -6.1035156e-05, -3.0517578e-05,  0.0000000e+00], dtype=float32), 'sampling_rate': 16000}], 'label': [19, 2, 16, 10, 11, 3, 0, 1, 10, 9, 0, 16, 7, 8, 1, 7, 8, 16, 5, 3, 13, 12, 2, 12, 0, 11, 0, 9, 3, 15, 0, 5, 7, 12, 4, 0, 15, 22, 0, 1, 11, 5, 3, 10, 16, 11, 7, 4, 8, 14, 1, 1, 1, 14, 1, 3, 0, 0, 11, 11, 7, 5, 13, 2, 1, 1, 2, 9, 18, 8, 9, 1, 7, 7, 5, 6, 17, 0, 7, 12, 4, 10, 4, 1, 0, 0, 17, 3, 0, 3, 7, 1, 3, 15, 3, 0, 5, 2, 2, 10, 10, 18, 0, 1, 9, 6, 9, 4, 3, 1, 9, 0, 17, 3, 15, 16, 7, 17, 3, 8, 7, 23, 2, 3, 3, 1, 2, 9, 11, 0, 7, 21, 7, 6, 18, 0, 10, 1, 0, 2, 10, 13, 5, 19, 4, 2, 5, 0, 2, 3, 12]}
Map:   0%|          | 0/151 [00:00<?, ? examples/s]Map:   0%|          | 0/151 [00:08<?, ? examples/s]                                                   Traceback (most recent call last):
  File "/home/snag0027/speech-depression/cluster/train.py", line 72, in <module>
    encoded_train = ds["train"].map(lambda x: processor(x["audio"]["array"], sampling_rate=16000, return_tensors="pt", padding=True), batched=True)
  File "/home/snag0027/.local/lib/python3.10/site-packages/datasets/arrow_dataset.py", line 563, in wrapper
    out: Union["Dataset", "DatasetDict"] = func(self, *args, **kwargs)
  File "/home/snag0027/.local/lib/python3.10/site-packages/datasets/arrow_dataset.py", line 528, in wrapper
    out: Union["Dataset", "DatasetDict"] = func(self, *args, **kwargs)
  File "/home/snag0027/.local/lib/python3.10/site-packages/datasets/arrow_dataset.py", line 2953, in map
    for rank, done, content in Dataset._map_single(**dataset_kwargs):
  File "/home/snag0027/.local/lib/python3.10/site-packages/datasets/arrow_dataset.py", line 3329, in _map_single
    batch = apply_function_on_filtered_inputs(
  File "/home/snag0027/.local/lib/python3.10/site-packages/datasets/arrow_dataset.py", line 3210, in apply_function_on_filtered_inputs
    processed_inputs = function(*fn_args, *additional_args, **fn_kwargs)
  File "/home/snag0027/speech-depression/cluster/train.py", line 72, in <lambda>
    encoded_train = ds["train"].map(lambda x: processor(x["audio"]["array"], sampling_rate=16000, return_tensors="pt", padding=True), batched=True)
TypeError: list indices must be integers or slices, not str
