/cm/local/apps/slurm/var/spool/job10936/slurm_script: line 10: apt-get: command not found
ERROR: Unable to locate a modulefile for 'apps/ffmpeg/4.1/gcc-4.9.4'
ERROR: Unable to locate a modulefile for 'apps/ffmpeg/4.3.2/gcc-8.2-cmake-3.17.1'
Defaulting to user installation because normal site-packages is not writeable
Requirement already satisfied: transformers in ./.local/lib/python3.10/site-packages (4.27.3)
Requirement already satisfied: datasets in ./.local/lib/python3.10/site-packages (2.10.1)
Requirement already satisfied: evaluate in ./.local/lib/python3.10/site-packages (0.4.0)
Requirement already satisfied: librosa in ./.local/lib/python3.10/site-packages (0.10.0.post2)
Requirement already satisfied: torchmetrics in ./.local/lib/python3.10/site-packages (0.11.4)
Requirement already satisfied: opensmile in ./.local/lib/python3.10/site-packages (2.4.2)
Requirement already satisfied: huggingface-hub<1.0,>=0.11.0 in ./.local/lib/python3.10/site-packages (from transformers) (0.13.3)
Requirement already satisfied: pyyaml>=5.1 in /app/python/3.10.5/lib/python3.10/site-packages (from transformers) (6.0)
Requirement already satisfied: filelock in ./.local/lib/python3.10/site-packages (from transformers) (3.10.2)
Requirement already satisfied: tokenizers!=0.11.3,<0.14,>=0.11.1 in ./.local/lib/python3.10/site-packages (from transformers) (0.13.2)
Requirement already satisfied: regex!=2019.12.17 in ./.local/lib/python3.10/site-packages (from transformers) (2023.3.23)
Requirement already satisfied: requests in /app/python/3.10.5/lib/python3.10/site-packages (from transformers) (2.28.1)
Requirement already satisfied: numpy>=1.17 in /app/python/3.10.5/lib/python3.10/site-packages (from transformers) (1.22.4)
Requirement already satisfied: tqdm>=4.27 in ./.local/lib/python3.10/site-packages (from transformers) (4.65.0)
Requirement already satisfied: packaging>=20.0 in /app/python/3.10.5/lib/python3.10/site-packages (from transformers) (21.3)
Requirement already satisfied: responses<0.19 in ./.local/lib/python3.10/site-packages (from datasets) (0.18.0)
Requirement already satisfied: pandas in /app/python/3.10.5/lib/python3.10/site-packages (from datasets) (1.4.3)
Requirement already satisfied: aiohttp in /app/python/3.10.5/lib/python3.10/site-packages (from datasets) (3.8.3)
Requirement already satisfied: fsspec[http]>=2021.11.1 in /app/python/3.10.5/lib/python3.10/site-packages (from datasets) (2022.5.0)
Requirement already satisfied: multiprocess in ./.local/lib/python3.10/site-packages (from datasets) (0.70.14)
Requirement already satisfied: pyarrow>=6.0.0 in /app/python/3.10.5/lib/python3.10/site-packages (from datasets) (8.0.0)
Requirement already satisfied: dill<0.3.7,>=0.3.0 in ./.local/lib/python3.10/site-packages (from datasets) (0.3.6)
Requirement already satisfied: xxhash in ./.local/lib/python3.10/site-packages (from datasets) (3.2.0)
Requirement already satisfied: audioread>=2.1.9 in ./.local/lib/python3.10/site-packages (from librosa) (3.0.0)
Requirement already satisfied: pooch<1.7,>=1.0 in ./.local/lib/python3.10/site-packages (from librosa) (1.6.0)
Requirement already satisfied: soxr>=0.3.2 in ./.local/lib/python3.10/site-packages (from librosa) (0.3.4)
Requirement already satisfied: scipy>=1.2.0 in /app/python/3.10.5/lib/python3.10/site-packages (from librosa) (1.8.1)
Requirement already satisfied: typing-extensions>=4.1.1 in /app/python/3.10.5/lib/python3.10/site-packages (from librosa) (4.3.0)
Requirement already satisfied: soundfile>=0.12.1 in ./.local/lib/python3.10/site-packages (from librosa) (0.12.1)
Requirement already satisfied: scikit-learn>=0.20.0 in /app/python/3.10.5/lib/python3.10/site-packages (from librosa) (1.1.1)
Requirement already satisfied: lazy-loader>=0.1 in ./.local/lib/python3.10/site-packages (from librosa) (0.2)
Requirement already satisfied: numba>=0.51.0 in /app/python/3.10.5/lib/python3.10/site-packages (from librosa) (0.55.2)
Requirement already satisfied: joblib>=0.14 in /app/python/3.10.5/lib/python3.10/site-packages (from librosa) (1.1.0)
Requirement already satisfied: msgpack>=1.0 in /app/python/3.10.5/lib/python3.10/site-packages (from librosa) (1.0.4)
Requirement already satisfied: decorator>=4.3.0 in /app/python/3.10.5/lib/python3.10/site-packages (from librosa) (5.1.1)
Requirement already satisfied: torch>=1.8.1 in /app/python/3.10.5/lib/python3.10/site-packages (from torchmetrics) (1.12.0+cu116)
Requirement already satisfied: audobject>=0.6.1 in ./.local/lib/python3.10/site-packages (from opensmile) (0.7.9)
Requirement already satisfied: audinterface>=0.7.0 in ./.local/lib/python3.10/site-packages (from opensmile) (1.0.1)
Requirement already satisfied: audformat<2.0.0,>=0.15.3 in ./.local/lib/python3.10/site-packages (from audinterface>=0.7.0->opensmile) (0.16.1)
Requirement already satisfied: audmath>=1.2.1 in ./.local/lib/python3.10/site-packages (from audinterface>=0.7.0->opensmile) (1.2.1)
Requirement already satisfied: audresample<2.0.0,>=1.1.0 in ./.local/lib/python3.10/site-packages (from audinterface>=0.7.0->opensmile) (1.2.1)
Requirement already satisfied: oyaml in ./.local/lib/python3.10/site-packages (from audobject>=0.6.1->opensmile) (1.0)
Requirement already satisfied: importlib-metadata>=4.8.0 in ./.local/lib/python3.10/site-packages (from audobject>=0.6.1->opensmile) (6.4.1)
Requirement already satisfied: audeer>=1.18.0 in ./.local/lib/python3.10/site-packages (from audobject>=0.6.1->opensmile) (1.19.0)
Requirement already satisfied: llvmlite<0.39,>=0.38.0rc1 in /app/python/3.10.5/lib/python3.10/site-packages (from numba>=0.51.0->librosa) (0.38.1)
Requirement already satisfied: setuptools in /app/python/3.10.5/lib/python3.10/site-packages (from numba>=0.51.0->librosa) (58.1.0)
Requirement already satisfied: pyparsing!=3.0.5,>=2.0.2 in /app/python/3.10.5/lib/python3.10/site-packages (from packaging>=20.0->transformers) (3.0.9)
Requirement already satisfied: appdirs>=1.3.0 in /app/python/3.10.5/lib/python3.10/site-packages (from pooch<1.7,>=1.0->librosa) (1.4.4)
Requirement already satisfied: charset-normalizer<3,>=2 in /app/python/3.10.5/lib/python3.10/site-packages (from requests->transformers) (2.1.0)
Requirement already satisfied: certifi>=2017.4.17 in /app/python/3.10.5/lib/python3.10/site-packages (from requests->transformers) (2022.6.15)
Requirement already satisfied: urllib3<1.27,>=1.21.1 in /app/python/3.10.5/lib/python3.10/site-packages (from requests->transformers) (1.26.9)
Requirement already satisfied: idna<4,>=2.5 in /app/python/3.10.5/lib/python3.10/site-packages (from requests->transformers) (3.3)
Requirement already satisfied: threadpoolctl>=2.0.0 in /app/python/3.10.5/lib/python3.10/site-packages (from scikit-learn>=0.20.0->librosa) (3.1.0)
Requirement already satisfied: cffi>=1.0 in /app/python/3.10.5/lib/python3.10/site-packages (from soundfile>=0.12.1->librosa) (1.15.1)
Requirement already satisfied: frozenlist>=1.1.1 in /app/python/3.10.5/lib/python3.10/site-packages (from aiohttp->datasets) (1.3.1)
Requirement already satisfied: multidict<7.0,>=4.5 in /app/python/3.10.5/lib/python3.10/site-packages (from aiohttp->datasets) (6.0.2)
Requirement already satisfied: async-timeout<5.0,>=4.0.0a3 in /app/python/3.10.5/lib/python3.10/site-packages (from aiohttp->datasets) (4.0.2)
Requirement already satisfied: attrs>=17.3.0 in /app/python/3.10.5/lib/python3.10/site-packages (from aiohttp->datasets) (22.1.0)
Requirement already satisfied: yarl<2.0,>=1.0 in /app/python/3.10.5/lib/python3.10/site-packages (from aiohttp->datasets) (1.8.1)
Requirement already satisfied: aiosignal>=1.1.2 in /app/python/3.10.5/lib/python3.10/site-packages (from aiohttp->datasets) (1.2.0)
Requirement already satisfied: pytz>=2020.1 in /app/python/3.10.5/lib/python3.10/site-packages (from pandas->datasets) (2022.1)
Requirement already satisfied: python-dateutil>=2.8.1 in /app/python/3.10.5/lib/python3.10/site-packages (from pandas->datasets) (2.8.2)
Requirement already satisfied: iso3166 in ./.local/lib/python3.10/site-packages (from audformat<2.0.0,>=0.15.3->audinterface>=0.7.0->opensmile) (2.1.1)
Requirement already satisfied: iso-639 in ./.local/lib/python3.10/site-packages (from audformat<2.0.0,>=0.15.3->audinterface>=0.7.0->opensmile) (0.4.5)
Requirement already satisfied: audiofile>=0.4.0 in ./.local/lib/python3.10/site-packages (from audformat<2.0.0,>=0.15.3->audinterface>=0.7.0->opensmile) (1.2.1)
Requirement already satisfied: pycparser in /app/python/3.10.5/lib/python3.10/site-packages (from cffi>=1.0->soundfile>=0.12.1->librosa) (2.21)
Requirement already satisfied: zipp>=0.5 in ./.local/lib/python3.10/site-packages (from importlib-metadata>=4.8.0->audobject>=0.6.1->opensmile) (3.15.0)
Requirement already satisfied: six>=1.5 in /app/python/3.10.5/lib/python3.10/site-packages (from python-dateutil>=2.8.1->pandas->datasets) (1.16.0)

[notice] A new release of pip is available: 23.0.1 -> 23.1.1
[notice] To update, run: pip install --upgrade pip
2023-04-26 12:53:05.589499: I tensorflow/core/util/util.cc:169] oneDNN custom operations are on. You may see slightly different numerical results due to floating-point round-off errors from different computation orders. To turn them off, set the environment variable `TF_ENABLE_ONEDNN_OPTS=0`.
INFO:root:Number of egemaps features: 90
INFO:root:Number of is09 features: 386
INFO:root:Total number of features: 476
Some weights of the model checkpoint at MIT/ast-finetuned-audioset-10-10-0.4593 were not used when initializing ASTModel: ['classifier.layernorm.weight', 'classifier.dense.bias', 'classifier.layernorm.bias', 'classifier.dense.weight']
- This IS expected if you are initializing ASTModel from the checkpoint of a model trained on another task or with another architecture (e.g. initializing a BertForSequenceClassification model from a BertForPreTraining model).
- This IS NOT expected if you are initializing ASTModel from the checkpoint of a model that you expect to be exactly identical (initializing a BertForSequenceClassification model from a BertForSequenceClassification model).
INFO:root:Using device: cpu
INFO:root:Using multi-class classification
INFO:root:Numerical feature dimension: 90
INFO:root:Speech feature dimension: 768
INFO:root:output_dim: 5
Some weights of TabularAST were not initialized from the model checkpoint at MIT/ast-finetuned-audioset-10-10-0.4593 and are newly initialized: ['audio_features_model.fc2.weight', 'audio_features_model.conv1.weight', 'audio_features_model.bn3.weight', 'audio_features_model.input_fc.weight', 'audio_features_model.conv1.bias', 'weight_num', 'bias_transformer', 'tabular_classifier.bn.1.bias', 'weight_transformer', 'tabular_classifier.bn.2.bias', 'audio_features_model.bn3.num_batches_tracked', 'audio_features_model.bn2.bias', 'audio_features_model.bn1.num_batches_tracked', 'tabular_classifier.layers.0.bias', 'bias_num', 'tabular_classifier.bn.1.running_mean', 'tabular_classifier.bn.2.running_var', 'audio_features_model.fc1.weight', 'audio_features_model.bn3.running_mean', 'tabular_classifier.bn.2.num_batches_tracked', 'audio_features_model.conv3.bias', 'tabular_classifier.layers.2.bias', 'audio_features_model.bn3.running_var', 'audio_features_model.bn1.running_var', 'tabular_classifier.layers.3.bias', 'audio_features_model.conv2.weight', 'tabular_classifier.layers.1.bias', 'audio_features_model.bn2.num_batches_tracked', 'weight_a', 'tabular_classifier.bn.0.running_var', 'tabular_classifier.layers.3.weight', 'audio_features_model.conv3.weight', 'tabular_classifier.bn.1.weight', 'tabular_classifier.bn.2.weight', 'tabular_classifier.layers.1.weight', 'audio_features_model.fc1.bias', 'tabular_classifier.bn.1.num_batches_tracked', 'tabular_classifier.layers.0.weight', 'audio_features_model.bn2.running_mean', 'audio_features_model.bn1.bias', 'audio_features_model.bn1.running_mean', 'tabular_classifier.bn.1.running_var', 'tabular_classifier.bn.2.running_mean', 'audio_features_model.conv2.bias', 'tabular_classifier.bn.0.weight', 'audio_features_model.bn2.running_var', 'tabular_classifier.bn.0.bias', 'tabular_classifier.bn.0.num_batches_tracked', 'audio_features_model.input_fc.bias', 'tabular_classifier.layers.2.weight', 'tabular_classifier.bn.0.running_mean', 'bias', 'audio_features_model.fc2.bias', 'audio_features_model.bn1.weight', 'audio_features_model.bn3.bias', 'audio_features_model.bn2.weight']
You should probably TRAIN this model on a down-stream task to be able to use it for predictions and inference.
Some weights of TabularAST were not initialized from the model checkpoint at MIT/ast-finetuned-audioset-10-10-0.4593 and are newly initialized because the shapes did not match:
- classifier.dense.weight: found shape torch.Size([527, 768]) in the checkpoint and torch.Size([5, 768]) in the model instantiated
- classifier.dense.bias: found shape torch.Size([527]) in the checkpoint and torch.Size([5]) in the model instantiated
You should probably TRAIN this model on a down-stream task to be able to use it for predictions and inference.
Could not find image processor class in the image processor config or the model config. Loading based on pattern matching with the model's feature extractor configuration.
WARNING:datasets.builder:Found cached dataset dataloadermultimodal (/ibm/gpfs/home/snag0027/speech-depression/cluster/cache_daic_woz/dataloadermultimodal/daic_woz-data_dir=./0.0.1/d279e716f1cabbccbe6c3a1fff1e7b552d053d1c445bab5a8d1d8d45e7a3182a)
['pcm_RMSenergy_sma_max', 'pcm_RMSenergy_sma_min', 'pcm_RMSenergy_sma_range', 'pcm_RMSenergy_sma_maxPos', 'pcm_RMSenergy_sma_minPos', 'pcm_RMSenergy_sma_amean', 'pcm_RMSenergy_sma_linregc1', 'pcm_RMSenergy_sma_linregc2', 'pcm_RMSenergy_sma_linregerrQ', 'pcm_RMSenergy_sma_stddev', 'pcm_RMSenergy_sma_skewness', 'pcm_RMSenergy_sma_kurtosis', 'pcm_fftMag_mfcc_sma[1]_max', 'pcm_fftMag_mfcc_sma[1]_min', 'pcm_fftMag_mfcc_sma[1]_range', 'pcm_fftMag_mfcc_sma[1]_maxPos', 'pcm_fftMag_mfcc_sma[1]_minPos', 'pcm_fftMag_mfcc_sma[1]_amean', 'pcm_fftMag_mfcc_sma[1]_linregc1', 'pcm_fftMag_mfcc_sma[1]_linregc2', 'pcm_fftMag_mfcc_sma[1]_linregerrQ', 'pcm_fftMag_mfcc_sma[1]_stddev', 'pcm_fftMag_mfcc_sma[1]_skewness', 'pcm_fftMag_mfcc_sma[1]_kurtosis', 'pcm_fftMag_mfcc_sma[2]_max', 'pcm_fftMag_mfcc_sma[2]_min', 'pcm_fftMag_mfcc_sma[2]_range', 'pcm_fftMag_mfcc_sma[2]_maxPos', 'pcm_fftMag_mfcc_sma[2]_minPos', 'pcm_fftMag_mfcc_sma[2]_amean', 'pcm_fftMag_mfcc_sma[2]_linregc1', 'pcm_fftMag_mfcc_sma[2]_linregc2', 'pcm_fftMag_mfcc_sma[2]_linregerrQ', 'pcm_fftMag_mfcc_sma[2]_stddev', 'pcm_fftMag_mfcc_sma[2]_skewness', 'pcm_fftMag_mfcc_sma[2]_kurtosis', 'pcm_fftMag_mfcc_sma[3]_max', 'pcm_fftMag_mfcc_sma[3]_min', 'pcm_fftMag_mfcc_sma[3]_range', 'pcm_fftMag_mfcc_sma[3]_maxPos', 'pcm_fftMag_mfcc_sma[3]_minPos', 'pcm_fftMag_mfcc_sma[3]_amean', 'pcm_fftMag_mfcc_sma[3]_linregc1', 'pcm_fftMag_mfcc_sma[3]_linregc2', 'pcm_fftMag_mfcc_sma[3]_linregerrQ', 'pcm_fftMag_mfcc_sma[3]_stddev', 'pcm_fftMag_mfcc_sma[3]_skewness', 'pcm_fftMag_mfcc_sma[3]_kurtosis', 'pcm_fftMag_mfcc_sma[4]_max', 'pcm_fftMag_mfcc_sma[4]_min', 'pcm_fftMag_mfcc_sma[4]_range', 'pcm_fftMag_mfcc_sma[4]_maxPos', 'pcm_fftMag_mfcc_sma[4]_minPos', 'pcm_fftMag_mfcc_sma[4]_amean', 'pcm_fftMag_mfcc_sma[4]_linregc1', 'pcm_fftMag_mfcc_sma[4]_linregc2', 'pcm_fftMag_mfcc_sma[4]_linregerrQ', 'pcm_fftMag_mfcc_sma[4]_stddev', 'pcm_fftMag_mfcc_sma[4]_skewness', 'pcm_fftMag_mfcc_sma[4]_kurtosis', 'pcm_fftMag_mfcc_sma[5]_max', 'pcm_fftMag_mfcc_sma[5]_min', 'pcm_fftMag_mfcc_sma[5]_range', 'pcm_fftMag_mfcc_sma[5]_maxPos', 'pcm_fftMag_mfcc_sma[5]_minPos', 'pcm_fftMag_mfcc_sma[5]_amean', 'pcm_fftMag_mfcc_sma[5]_linregc1', 'pcm_fftMag_mfcc_sma[5]_linregc2', 'pcm_fftMag_mfcc_sma[5]_linregerrQ', 'pcm_fftMag_mfcc_sma[5]_stddev', 'pcm_fftMag_mfcc_sma[5]_skewness', 'pcm_fftMag_mfcc_sma[5]_kurtosis', 'pcm_fftMag_mfcc_sma[6]_max', 'pcm_fftMag_mfcc_sma[6]_min', 'pcm_fftMag_mfcc_sma[6]_range', 'pcm_fftMag_mfcc_sma[6]_maxPos', 'pcm_fftMag_mfcc_sma[6]_minPos', 'pcm_fftMag_mfcc_sma[6]_amean', 'pcm_fftMag_mfcc_sma[6]_linregc1', 'pcm_fftMag_mfcc_sma[6]_linregc2', 'pcm_fftMag_mfcc_sma[6]_linregerrQ', 'pcm_fftMag_mfcc_sma[6]_stddev', 'pcm_fftMag_mfcc_sma[6]_skewness', 'pcm_fftMag_mfcc_sma[6]_kurtosis', 'pcm_fftMag_mfcc_sma[7]_max', 'pcm_fftMag_mfcc_sma[7]_min', 'pcm_fftMag_mfcc_sma[7]_range', 'pcm_fftMag_mfcc_sma[7]_maxPos', 'pcm_fftMag_mfcc_sma[7]_minPos', 'pcm_fftMag_mfcc_sma[7]_amean', 'pcm_fftMag_mfcc_sma[7]_linregc1', 'pcm_fftMag_mfcc_sma[7]_linregc2', 'pcm_fftMag_mfcc_sma[7]_linregerrQ', 'pcm_fftMag_mfcc_sma[7]_stddev', 'pcm_fftMag_mfcc_sma[7]_skewness', 'pcm_fftMag_mfcc_sma[7]_kurtosis', 'pcm_fftMag_mfcc_sma[8]_max', 'pcm_fftMag_mfcc_sma[8]_min', 'pcm_fftMag_mfcc_sma[8]_range', 'pcm_fftMag_mfcc_sma[8]_maxPos', 'pcm_fftMag_mfcc_sma[8]_minPos', 'pcm_fftMag_mfcc_sma[8]_amean', 'pcm_fftMag_mfcc_sma[8]_linregc1', 'pcm_fftMag_mfcc_sma[8]_linregc2', 'pcm_fftMag_mfcc_sma[8]_linregerrQ', 'pcm_fftMag_mfcc_sma[8]_stddev', 'pcm_fftMag_mfcc_sma[8]_skewness', 'pcm_fftMag_mfcc_sma[8]_kurtosis', 'pcm_fftMag_mfcc_sma[9]_max', 'pcm_fftMag_mfcc_sma[9]_min', 'pcm_fftMag_mfcc_sma[9]_range', 'pcm_fftMag_mfcc_sma[9]_maxPos', 'pcm_fftMag_mfcc_sma[9]_minPos', 'pcm_fftMag_mfcc_sma[9]_amean', 'pcm_fftMag_mfcc_sma[9]_linregc1', 'pcm_fftMag_mfcc_sma[9]_linregc2', 'pcm_fftMag_mfcc_sma[9]_linregerrQ', 'pcm_fftMag_mfcc_sma[9]_stddev', 'pcm_fftMag_mfcc_sma[9]_skewness', 'pcm_fftMag_mfcc_sma[9]_kurtosis', 'pcm_fftMag_mfcc_sma[10]_max', 'pcm_fftMag_mfcc_sma[10]_min', 'pcm_fftMag_mfcc_sma[10]_range', 'pcm_fftMag_mfcc_sma[10]_maxPos', 'pcm_fftMag_mfcc_sma[10]_minPos', 'pcm_fftMag_mfcc_sma[10]_amean', 'pcm_fftMag_mfcc_sma[10]_linregc1', 'pcm_fftMag_mfcc_sma[10]_linregc2', 'pcm_fftMag_mfcc_sma[10]_linregerrQ', 'pcm_fftMag_mfcc_sma[10]_stddev', 'pcm_fftMag_mfcc_sma[10]_skewness', 'pcm_fftMag_mfcc_sma[10]_kurtosis', 'pcm_fftMag_mfcc_sma[11]_max', 'pcm_fftMag_mfcc_sma[11]_min', 'pcm_fftMag_mfcc_sma[11]_range', 'pcm_fftMag_mfcc_sma[11]_maxPos', 'pcm_fftMag_mfcc_sma[11]_minPos', 'pcm_fftMag_mfcc_sma[11]_amean', 'pcm_fftMag_mfcc_sma[11]_linregc1', 'pcm_fftMag_mfcc_sma[11]_linregc2', 'pcm_fftMag_mfcc_sma[11]_linregerrQ', 'pcm_fftMag_mfcc_sma[11]_stddev', 'pcm_fftMag_mfcc_sma[11]_skewness', 'pcm_fftMag_mfcc_sma[11]_kurtosis', 'pcm_fftMag_mfcc_sma[12]_max', 'pcm_fftMag_mfcc_sma[12]_min', 'pcm_fftMag_mfcc_sma[12]_range', 'pcm_fftMag_mfcc_sma[12]_maxPos', 'pcm_fftMag_mfcc_sma[12]_minPos', 'pcm_fftMag_mfcc_sma[12]_amean', 'pcm_fftMag_mfcc_sma[12]_linregc1', 'pcm_fftMag_mfcc_sma[12]_linregc2', 'pcm_fftMag_mfcc_sma[12]_linregerrQ', 'pcm_fftMag_mfcc_sma[12]_stddev', 'pcm_fftMag_mfcc_sma[12]_skewness', 'pcm_fftMag_mfcc_sma[12]_kurtosis', 'pcm_zcr_sma_max', 'pcm_zcr_sma_min', 'pcm_zcr_sma_range', 'pcm_zcr_sma_maxPos', 'pcm_zcr_sma_minPos', 'pcm_zcr_sma_amean', 'pcm_zcr_sma_linregc1', 'pcm_zcr_sma_linregc2', 'pcm_zcr_sma_linregerrQ', 'pcm_zcr_sma_stddev', 'pcm_zcr_sma_skewness', 'pcm_zcr_sma_kurtosis', 'voiceProb_sma_max', 'voiceProb_sma_min', 'voiceProb_sma_range', 'voiceProb_sma_maxPos', 'voiceProb_sma_minPos', 'voiceProb_sma_amean', 'voiceProb_sma_linregc1', 'voiceProb_sma_linregc2', 'voiceProb_sma_linregerrQ', 'voiceProb_sma_stddev', 'voiceProb_sma_skewness', 'voiceProb_sma_kurtosis', 'F0_sma_max', 'F0_sma_min', 'F0_sma_range', 'F0_sma_maxPos', 'F0_sma_minPos', 'F0_sma_amean', 'F0_sma_linregc1', 'F0_sma_linregc2', 'F0_sma_linregerrQ', 'F0_sma_stddev', 'F0_sma_skewness', 'F0_sma_kurtosis', 'pcm_RMSenergy_sma_de_max', 'pcm_RMSenergy_sma_de_min', 'pcm_RMSenergy_sma_de_range', 'pcm_RMSenergy_sma_de_maxPos', 'pcm_RMSenergy_sma_de_minPos', 'pcm_RMSenergy_sma_de_amean', 'pcm_RMSenergy_sma_de_linregc1', 'pcm_RMSenergy_sma_de_linregc2', 'pcm_RMSenergy_sma_de_linregerrQ', 'pcm_RMSenergy_sma_de_stddev', 'pcm_RMSenergy_sma_de_skewness', 'pcm_RMSenergy_sma_de_kurtosis', 'pcm_fftMag_mfcc_sma_de[1]_max', 'pcm_fftMag_mfcc_sma_de[1]_min', 'pcm_fftMag_mfcc_sma_de[1]_range', 'pcm_fftMag_mfcc_sma_de[1]_maxPos', 'pcm_fftMag_mfcc_sma_de[1]_minPos', 'pcm_fftMag_mfcc_sma_de[1]_amean', 'pcm_fftMag_mfcc_sma_de[1]_linregc1', 'pcm_fftMag_mfcc_sma_de[1]_linregc2', 'pcm_fftMag_mfcc_sma_de[1]_linregerrQ', 'pcm_fftMag_mfcc_sma_de[1]_stddev', 'pcm_fftMag_mfcc_sma_de[1]_skewness', 'pcm_fftMag_mfcc_sma_de[1]_kurtosis', 'pcm_fftMag_mfcc_sma_de[2]_max', 'pcm_fftMag_mfcc_sma_de[2]_min', 'pcm_fftMag_mfcc_sma_de[2]_range', 'pcm_fftMag_mfcc_sma_de[2]_maxPos', 'pcm_fftMag_mfcc_sma_de[2]_minPos', 'pcm_fftMag_mfcc_sma_de[2]_amean', 'pcm_fftMag_mfcc_sma_de[2]_linregc1', 'pcm_fftMag_mfcc_sma_de[2]_linregc2', 'pcm_fftMag_mfcc_sma_de[2]_linregerrQ', 'pcm_fftMag_mfcc_sma_de[2]_stddev', 'pcm_fftMag_mfcc_sma_de[2]_skewness', 'pcm_fftMag_mfcc_sma_de[2]_kurtosis', 'pcm_fftMag_mfcc_sma_de[3]_max', 'pcm_fftMag_mfcc_sma_de[3]_min', 'pcm_fftMag_mfcc_sma_de[3]_range', 'pcm_fftMag_mfcc_sma_de[3]_maxPos', 'pcm_fftMag_mfcc_sma_de[3]_minPos', 'pcm_fftMag_mfcc_sma_de[3]_amean', 'pcm_fftMag_mfcc_sma_de[3]_linregc1', 'pcm_fftMag_mfcc_sma_de[3]_linregc2', 'pcm_fftMag_mfcc_sma_de[3]_linregerrQ', 'pcm_fftMag_mfcc_sma_de[3]_stddev', 'pcm_fftMag_mfcc_sma_de[3]_skewness', 'pcm_fftMag_mfcc_sma_de[3]_kurtosis', 'pcm_fftMag_mfcc_sma_de[4]_max', 'pcm_fftMag_mfcc_sma_de[4]_min', 'pcm_fftMag_mfcc_sma_de[4]_range', 'pcm_fftMag_mfcc_sma_de[4]_maxPos', 'pcm_fftMag_mfcc_sma_de[4]_minPos', 'pcm_fftMag_mfcc_sma_de[4]_amean', 'pcm_fftMag_mfcc_sma_de[4]_linregc1', 'pcm_fftMag_mfcc_sma_de[4]_linregc2', 'pcm_fftMag_mfcc_sma_de[4]_linregerrQ', 'pcm_fftMag_mfcc_sma_de[4]_stddev', 'pcm_fftMag_mfcc_sma_de[4]_skewness', 'pcm_fftMag_mfcc_sma_de[4]_kurtosis', 'pcm_fftMag_mfcc_sma_de[5]_max', 'pcm_fftMag_mfcc_sma_de[5]_min', 'pcm_fftMag_mfcc_sma_de[5]_range', 'pcm_fftMag_mfcc_sma_de[5]_maxPos', 'pcm_fftMag_mfcc_sma_de[5]_minPos', 'pcm_fftMag_mfcc_sma_de[5]_amean', 'pcm_fftMag_mfcc_sma_de[5]_linregc1', 'pcm_fftMag_mfcc_sma_de[5]_linregc2', 'pcm_fftMag_mfcc_sma_de[5]_linregerrQ', 'pcm_fftMag_mfcc_sma_de[5]_stddev', 'pcm_fftMag_mfcc_sma_de[5]_skewness', 'pcm_fftMag_mfcc_sma_de[5]_kurtosis', 'pcm_fftMag_mfcc_sma_de[6]_max', 'pcm_fftMag_mfcc_sma_de[6]_min', 'pcm_fftMag_mfcc_sma_de[6]_range', 'pcm_fftMag_mfcc_sma_de[6]_maxPos', 'pcm_fftMag_mfcc_sma_de[6]_minPos', 'pcm_fftMag_mfcc_sma_de[6]_amean', 'pcm_fftMag_mfcc_sma_de[6]_linregc1', 'pcm_fftMag_mfcc_sma_de[6]_linregc2', 'pcm_fftMag_mfcc_sma_de[6]_linregerrQ', 'pcm_fftMag_mfcc_sma_de[6]_stddev', 'pcm_fftMag_mfcc_sma_de[6]_skewness', 'pcm_fftMag_mfcc_sma_de[6]_kurtosis', 'pcm_fftMag_mfcc_sma_de[7]_max', 'pcm_fftMag_mfcc_sma_de[7]_min', 'pcm_fftMag_mfcc_sma_de[7]_range', 'pcm_fftMag_mfcc_sma_de[7]_maxPos', 'pcm_fftMag_mfcc_sma_de[7]_minPos', 'pcm_fftMag_mfcc_sma_de[7]_amean', 'pcm_fftMag_mfcc_sma_de[7]_linregc1', 'pcm_fftMag_mfcc_sma_de[7]_linregc2', 'pcm_fftMag_mfcc_sma_de[7]_linregerrQ', 'pcm_fftMag_mfcc_sma_de[7]_stddev', 'pcm_fftMag_mfcc_sma_de[7]_skewness', 'pcm_fftMag_mfcc_sma_de[7]_kurtosis', 'pcm_fftMag_mfcc_sma_de[8]_max', 'pcm_fftMag_mfcc_sma_de[8]_min', 'pcm_fftMag_mfcc_sma_de[8]_range', 'pcm_fftMag_mfcc_sma_de[8]_maxPos', 'pcm_fftMag_mfcc_sma_de[8]_minPos', 'pcm_fftMag_mfcc_sma_de[8]_amean', 'pcm_fftMag_mfcc_sma_de[8]_linregc1', 'pcm_fftMag_mfcc_sma_de[8]_linregc2', 'pcm_fftMag_mfcc_sma_de[8]_linregerrQ', 'pcm_fftMag_mfcc_sma_de[8]_stddev', 'pcm_fftMag_mfcc_sma_de[8]_skewness', 'pcm_fftMag_mfcc_sma_de[8]_kurtosis', 'pcm_fftMag_mfcc_sma_de[9]_max', 'pcm_fftMag_mfcc_sma_de[9]_min', 'pcm_fftMag_mfcc_sma_de[9]_range', 'pcm_fftMag_mfcc_sma_de[9]_maxPos', 'pcm_fftMag_mfcc_sma_de[9]_minPos', 'pcm_fftMag_mfcc_sma_de[9]_amean', 'pcm_fftMag_mfcc_sma_de[9]_linregc1', 'pcm_fftMag_mfcc_sma_de[9]_linregc2', 'pcm_fftMag_mfcc_sma_de[9]_linregerrQ', 'pcm_fftMag_mfcc_sma_de[9]_stddev', 'pcm_fftMag_mfcc_sma_de[9]_skewness', 'pcm_fftMag_mfcc_sma_de[9]_kurtosis', 'pcm_fftMag_mfcc_sma_de[10]_max', 'pcm_fftMag_mfcc_sma_de[10]_min', 'pcm_fftMag_mfcc_sma_de[10]_range', 'pcm_fftMag_mfcc_sma_de[10]_maxPos', 'pcm_fftMag_mfcc_sma_de[10]_minPos', 'pcm_fftMag_mfcc_sma_de[10]_amean', 'pcm_fftMag_mfcc_sma_de[10]_linregc1', 'pcm_fftMag_mfcc_sma_de[10]_linregc2', 'pcm_fftMag_mfcc_sma_de[10]_linregerrQ', 'pcm_fftMag_mfcc_sma_de[10]_stddev', 'pcm_fftMag_mfcc_sma_de[10]_skewness', 'pcm_fftMag_mfcc_sma_de[10]_kurtosis', 'pcm_fftMag_mfcc_sma_de[11]_max', 'pcm_fftMag_mfcc_sma_de[11]_min', 'pcm_fftMag_mfcc_sma_de[11]_range', 'pcm_fftMag_mfcc_sma_de[11]_maxPos', 'pcm_fftMag_mfcc_sma_de[11]_minPos', 'pcm_fftMag_mfcc_sma_de[11]_amean', 'pcm_fftMag_mfcc_sma_de[11]_linregc1', 'pcm_fftMag_mfcc_sma_de[11]_linregc2', 'pcm_fftMag_mfcc_sma_de[11]_linregerrQ', 'pcm_fftMag_mfcc_sma_de[11]_stddev', 'pcm_fftMag_mfcc_sma_de[11]_skewness', 'pcm_fftMag_mfcc_sma_de[11]_kurtosis', 'pcm_fftMag_mfcc_sma_de[12]_max', 'pcm_fftMag_mfcc_sma_de[12]_min', 'pcm_fftMag_mfcc_sma_de[12]_range', 'pcm_fftMag_mfcc_sma_de[12]_maxPos', 'pcm_fftMag_mfcc_sma_de[12]_minPos', 'pcm_fftMag_mfcc_sma_de[12]_amean', 'pcm_fftMag_mfcc_sma_de[12]_linregc1', 'pcm_fftMag_mfcc_sma_de[12]_linregc2', 'pcm_fftMag_mfcc_sma_de[12]_linregerrQ', 'pcm_fftMag_mfcc_sma_de[12]_stddev', 'pcm_fftMag_mfcc_sma_de[12]_skewness', 'pcm_fftMag_mfcc_sma_de[12]_kurtosis', 'pcm_zcr_sma_de_max', 'pcm_zcr_sma_de_min', 'pcm_zcr_sma_de_range', 'pcm_zcr_sma_de_maxPos', 'pcm_zcr_sma_de_minPos', 'pcm_zcr_sma_de_amean', 'pcm_zcr_sma_de_linregc1', 'pcm_zcr_sma_de_linregc2', 'pcm_zcr_sma_de_linregerrQ', 'pcm_zcr_sma_de_stddev', 'pcm_zcr_sma_de_skewness', 'pcm_zcr_sma_de_kurtosis', 'voiceProb_sma_de_max', 'voiceProb_sma_de_min', 'voiceProb_sma_de_range', 'voiceProb_sma_de_maxPos', 'voiceProb_sma_de_minPos', 'voiceProb_sma_de_amean', 'voiceProb_sma_de_linregc1', 'voiceProb_sma_de_linregc2', 'voiceProb_sma_de_linregerrQ', 'voiceProb_sma_de_stddev', 'voiceProb_sma_de_skewness', 'voiceProb_sma_de_kurtosis', 'F0_sma_de_max', 'F0_sma_de_min', 'F0_sma_de_range', 'F0_sma_de_maxPos', 'F0_sma_de_minPos', 'F0_sma_de_amean', 'F0_sma_de_linregc1', 'F0_sma_de_linregc2', 'F0_sma_de_linregerrQ', 'F0_sma_de_stddev', 'F0_sma_de_skewness', 'F0_sma_de_kurtosis']
  0%|          | 0/3 [00:00<?, ?it/s]100%|██████████| 3/3 [00:00<00:00, 999.83it/s]
WARNING:datasets.arrow_dataset:Loading cached processed dataset at /ibm/gpfs/home/snag0027/speech-depression/cluster/cache_daic_woz/dataloadermultimodal/daic_woz-data_dir=./0.0.1/d279e716f1cabbccbe6c3a1fff1e7b552d053d1c445bab5a8d1d8d45e7a3182a/cache-00bffa71635094e5.arrow
WARNING:datasets.arrow_dataset:Loading cached processed dataset at /ibm/gpfs/home/snag0027/speech-depression/cluster/cache_daic_woz/dataloadermultimodal/daic_woz-data_dir=./0.0.1/d279e716f1cabbccbe6c3a1fff1e7b552d053d1c445bab5a8d1d8d45e7a3182a/cache-3f262f9d23acf9d1.arrow
WARNING:datasets.arrow_dataset:Loading cached processed dataset at /ibm/gpfs/home/snag0027/speech-depression/cluster/cache_daic_woz/dataloadermultimodal/daic_woz-data_dir=./0.0.1/d279e716f1cabbccbe6c3a1fff1e7b552d053d1c445bab5a8d1d8d45e7a3182a/cache-72838e9f43d79814.arrow
INFO:root:Starting training of pure AST model...
/home/snag0027/.local/lib/python3.10/site-packages/transformers/optimization.py:391: FutureWarning: This implementation of AdamW is deprecated and will be removed in a future version. Use the PyTorch implementation torch.optim.AdamW instead, or set `no_deprecation_warning=True` to disable this warning
  warnings.warn(
  0%|          | 0/208 [00:00<?, ?it/s]INFO:root:Features: dict_keys(['audio_features', 'label', 'input_values'])
Traceback (most recent call last):
  File "/home/snag0027/speech-depression/cluster/train_ast_multistream.py", line 96, in <module>
    trainer.train()
  File "/home/snag0027/.local/lib/python3.10/site-packages/transformers/trainer.py", line 1633, in train
    return inner_training_loop(
  File "/home/snag0027/.local/lib/python3.10/site-packages/transformers/trainer.py", line 1872, in _inner_training_loop
    for step, inputs in enumerate(epoch_iterator):
  File "/app/python/3.10.5/lib/python3.10/site-packages/torch/utils/data/dataloader.py", line 652, in __next__
    data = self._next_data()
  File "/app/python/3.10.5/lib/python3.10/site-packages/torch/utils/data/dataloader.py", line 692, in _next_data
    data = self._dataset_fetcher.fetch(index)  # may raise StopIteration
  File "/app/python/3.10.5/lib/python3.10/site-packages/torch/utils/data/_utils/fetch.py", line 52, in fetch
    return self.collate_fn(data)
  File "/home/snag0027/speech-depression/cluster/train_ast_multistream.py", line 80, in data_collator
    batch["audio"] = torch.stack([torch.tensor(x["audio"]) for x in features]).to(device)
  File "/home/snag0027/speech-depression/cluster/train_ast_multistream.py", line 80, in <listcomp>
    batch["audio"] = torch.stack([torch.tensor(x["audio"]) for x in features]).to(device)
KeyError: 'audio'
  0%|          | 0/208 [00:00<?, ?it/s]
