/cm/local/apps/slurm/var/spool/job10414/slurm_script: line 10: apt-get: command not found
ERROR: Unable to locate a modulefile for 'apps/ffmpeg/4.1/gcc-4.9.4'
ERROR: Unable to locate a modulefile for 'apps/ffmpeg/4.3.2/gcc-8.2-cmake-3.17.1'
Defaulting to user installation because normal site-packages is not writeable
Requirement already satisfied: transformers in ./.local/lib/python3.10/site-packages (4.27.3)
Requirement already satisfied: datasets in ./.local/lib/python3.10/site-packages (2.10.1)
Requirement already satisfied: evaluate in ./.local/lib/python3.10/site-packages (0.4.0)
Requirement already satisfied: librosa in ./.local/lib/python3.10/site-packages (0.10.0.post2)
Requirement already satisfied: torchmetrics in ./.local/lib/python3.10/site-packages (0.11.4)
Requirement already satisfied: opensmile in ./.local/lib/python3.10/site-packages (2.4.2)
Requirement already satisfied: filelock in ./.local/lib/python3.10/site-packages (from transformers) (3.10.2)
Requirement already satisfied: tokenizers!=0.11.3,<0.14,>=0.11.1 in ./.local/lib/python3.10/site-packages (from transformers) (0.13.2)
Requirement already satisfied: numpy>=1.17 in /app/python/3.10.5/lib/python3.10/site-packages (from transformers) (1.22.4)
Requirement already satisfied: regex!=2019.12.17 in ./.local/lib/python3.10/site-packages (from transformers) (2023.3.23)
Requirement already satisfied: huggingface-hub<1.0,>=0.11.0 in ./.local/lib/python3.10/site-packages (from transformers) (0.13.3)
Requirement already satisfied: tqdm>=4.27 in ./.local/lib/python3.10/site-packages (from transformers) (4.65.0)
Requirement already satisfied: pyyaml>=5.1 in /app/python/3.10.5/lib/python3.10/site-packages (from transformers) (6.0)
Requirement already satisfied: requests in /app/python/3.10.5/lib/python3.10/site-packages (from transformers) (2.28.1)
Requirement already satisfied: packaging>=20.0 in /app/python/3.10.5/lib/python3.10/site-packages (from transformers) (21.3)
Requirement already satisfied: xxhash in ./.local/lib/python3.10/site-packages (from datasets) (3.2.0)
Requirement already satisfied: pyarrow>=6.0.0 in /app/python/3.10.5/lib/python3.10/site-packages (from datasets) (8.0.0)
Requirement already satisfied: fsspec[http]>=2021.11.1 in /app/python/3.10.5/lib/python3.10/site-packages (from datasets) (2022.5.0)
Requirement already satisfied: responses<0.19 in ./.local/lib/python3.10/site-packages (from datasets) (0.18.0)
Requirement already satisfied: pandas in /app/python/3.10.5/lib/python3.10/site-packages (from datasets) (1.4.3)
Requirement already satisfied: multiprocess in ./.local/lib/python3.10/site-packages (from datasets) (0.70.14)
Requirement already satisfied: aiohttp in /app/python/3.10.5/lib/python3.10/site-packages (from datasets) (3.8.3)
Requirement already satisfied: dill<0.3.7,>=0.3.0 in ./.local/lib/python3.10/site-packages (from datasets) (0.3.6)
Requirement already satisfied: scipy>=1.2.0 in /app/python/3.10.5/lib/python3.10/site-packages (from librosa) (1.8.1)
Requirement already satisfied: soxr>=0.3.2 in ./.local/lib/python3.10/site-packages (from librosa) (0.3.4)
Requirement already satisfied: typing-extensions>=4.1.1 in /app/python/3.10.5/lib/python3.10/site-packages (from librosa) (4.3.0)
Requirement already satisfied: msgpack>=1.0 in /app/python/3.10.5/lib/python3.10/site-packages (from librosa) (1.0.4)
Requirement already satisfied: lazy-loader>=0.1 in ./.local/lib/python3.10/site-packages (from librosa) (0.2)
Requirement already satisfied: scikit-learn>=0.20.0 in /app/python/3.10.5/lib/python3.10/site-packages (from librosa) (1.1.1)
Requirement already satisfied: audioread>=2.1.9 in ./.local/lib/python3.10/site-packages (from librosa) (3.0.0)
Requirement already satisfied: soundfile>=0.12.1 in ./.local/lib/python3.10/site-packages (from librosa) (0.12.1)
Requirement already satisfied: decorator>=4.3.0 in /app/python/3.10.5/lib/python3.10/site-packages (from librosa) (5.1.1)
Requirement already satisfied: pooch<1.7,>=1.0 in ./.local/lib/python3.10/site-packages (from librosa) (1.6.0)
Requirement already satisfied: numba>=0.51.0 in /app/python/3.10.5/lib/python3.10/site-packages (from librosa) (0.55.2)
Requirement already satisfied: joblib>=0.14 in /app/python/3.10.5/lib/python3.10/site-packages (from librosa) (1.1.0)
Requirement already satisfied: torch>=1.8.1 in /app/python/3.10.5/lib/python3.10/site-packages (from torchmetrics) (1.12.0+cu116)
Requirement already satisfied: audobject>=0.6.1 in ./.local/lib/python3.10/site-packages (from opensmile) (0.7.9)
Requirement already satisfied: audinterface>=0.7.0 in ./.local/lib/python3.10/site-packages (from opensmile) (1.0.1)
Requirement already satisfied: audmath>=1.2.1 in ./.local/lib/python3.10/site-packages (from audinterface>=0.7.0->opensmile) (1.2.1)
Requirement already satisfied: audformat<2.0.0,>=0.15.3 in ./.local/lib/python3.10/site-packages (from audinterface>=0.7.0->opensmile) (0.16.1)
Requirement already satisfied: audresample<2.0.0,>=1.1.0 in ./.local/lib/python3.10/site-packages (from audinterface>=0.7.0->opensmile) (1.2.1)
Requirement already satisfied: audeer>=1.18.0 in ./.local/lib/python3.10/site-packages (from audobject>=0.6.1->opensmile) (1.19.0)
Requirement already satisfied: oyaml in ./.local/lib/python3.10/site-packages (from audobject>=0.6.1->opensmile) (1.0)
Requirement already satisfied: importlib-metadata>=4.8.0 in ./.local/lib/python3.10/site-packages (from audobject>=0.6.1->opensmile) (6.4.1)
Requirement already satisfied: llvmlite<0.39,>=0.38.0rc1 in /app/python/3.10.5/lib/python3.10/site-packages (from numba>=0.51.0->librosa) (0.38.1)
Requirement already satisfied: setuptools in /app/python/3.10.5/lib/python3.10/site-packages (from numba>=0.51.0->librosa) (58.1.0)
Requirement already satisfied: pyparsing!=3.0.5,>=2.0.2 in /app/python/3.10.5/lib/python3.10/site-packages (from packaging>=20.0->transformers) (3.0.9)
Requirement already satisfied: appdirs>=1.3.0 in /app/python/3.10.5/lib/python3.10/site-packages (from pooch<1.7,>=1.0->librosa) (1.4.4)
Requirement already satisfied: certifi>=2017.4.17 in /app/python/3.10.5/lib/python3.10/site-packages (from requests->transformers) (2022.6.15)
Requirement already satisfied: idna<4,>=2.5 in /app/python/3.10.5/lib/python3.10/site-packages (from requests->transformers) (3.3)
Requirement already satisfied: urllib3<1.27,>=1.21.1 in /app/python/3.10.5/lib/python3.10/site-packages (from requests->transformers) (1.26.9)
Requirement already satisfied: charset-normalizer<3,>=2 in /app/python/3.10.5/lib/python3.10/site-packages (from requests->transformers) (2.1.0)
Requirement already satisfied: threadpoolctl>=2.0.0 in /app/python/3.10.5/lib/python3.10/site-packages (from scikit-learn>=0.20.0->librosa) (3.1.0)
Requirement already satisfied: cffi>=1.0 in /app/python/3.10.5/lib/python3.10/site-packages (from soundfile>=0.12.1->librosa) (1.15.1)
Requirement already satisfied: multidict<7.0,>=4.5 in /app/python/3.10.5/lib/python3.10/site-packages (from aiohttp->datasets) (6.0.2)
Requirement already satisfied: aiosignal>=1.1.2 in /app/python/3.10.5/lib/python3.10/site-packages (from aiohttp->datasets) (1.2.0)
Requirement already satisfied: frozenlist>=1.1.1 in /app/python/3.10.5/lib/python3.10/site-packages (from aiohttp->datasets) (1.3.1)
Requirement already satisfied: yarl<2.0,>=1.0 in /app/python/3.10.5/lib/python3.10/site-packages (from aiohttp->datasets) (1.8.1)
Requirement already satisfied: attrs>=17.3.0 in /app/python/3.10.5/lib/python3.10/site-packages (from aiohttp->datasets) (22.1.0)
Requirement already satisfied: async-timeout<5.0,>=4.0.0a3 in /app/python/3.10.5/lib/python3.10/site-packages (from aiohttp->datasets) (4.0.2)
Requirement already satisfied: pytz>=2020.1 in /app/python/3.10.5/lib/python3.10/site-packages (from pandas->datasets) (2022.1)
Requirement already satisfied: python-dateutil>=2.8.1 in /app/python/3.10.5/lib/python3.10/site-packages (from pandas->datasets) (2.8.2)
Requirement already satisfied: iso3166 in ./.local/lib/python3.10/site-packages (from audformat<2.0.0,>=0.15.3->audinterface>=0.7.0->opensmile) (2.1.1)
Requirement already satisfied: iso-639 in ./.local/lib/python3.10/site-packages (from audformat<2.0.0,>=0.15.3->audinterface>=0.7.0->opensmile) (0.4.5)
Requirement already satisfied: audiofile>=0.4.0 in ./.local/lib/python3.10/site-packages (from audformat<2.0.0,>=0.15.3->audinterface>=0.7.0->opensmile) (1.2.1)
Requirement already satisfied: pycparser in /app/python/3.10.5/lib/python3.10/site-packages (from cffi>=1.0->soundfile>=0.12.1->librosa) (2.21)
Requirement already satisfied: zipp>=0.5 in ./.local/lib/python3.10/site-packages (from importlib-metadata>=4.8.0->audobject>=0.6.1->opensmile) (3.15.0)
Requirement already satisfied: six>=1.5 in /app/python/3.10.5/lib/python3.10/site-packages (from python-dateutil>=2.8.1->pandas->datasets) (1.16.0)
2023-04-17 20:40:33.563336: I tensorflow/core/util/util.cc:169] oneDNN custom operations are on. You may see slightly different numerical results due to floating-point round-off errors from different computation orders. To turn them off, set the environment variable `TF_ENABLE_ONEDNN_OPTS=0`.
INFO:root:Number of egemaps features: 64
INFO:root:Total number of features: 450
Some weights of the model checkpoint at MIT/ast-finetuned-audioset-10-10-0.4593 were not used when initializing ASTModel: ['classifier.dense.weight', 'classifier.dense.bias', 'classifier.layernorm.bias', 'classifier.layernorm.weight']
- This IS expected if you are initializing ASTModel from the checkpoint of a model trained on another task or with another architecture (e.g. initializing a BertForSequenceClassification model from a BertForPreTraining model).
- This IS NOT expected if you are initializing ASTModel from the checkpoint of a model that you expect to be exactly identical (initializing a BertForSequenceClassification model from a BertForSequenceClassification model).
Could not find image processor class in the image processor config or the model config. Loading based on pattern matching with the model's feature extractor configuration.
['pcm_RMSenergy_sma_max', 'pcm_RMSenergy_sma_min', 'pcm_RMSenergy_sma_range', 'pcm_RMSenergy_sma_maxPos', 'pcm_RMSenergy_sma_minPos', 'pcm_RMSenergy_sma_amean', 'pcm_RMSenergy_sma_linregc1', 'pcm_RMSenergy_sma_linregc2', 'pcm_RMSenergy_sma_linregerrQ', 'pcm_RMSenergy_sma_stddev', 'pcm_RMSenergy_sma_skewness', 'pcm_RMSenergy_sma_kurtosis', 'pcm_fftMag_mfcc_sma[1]_max', 'pcm_fftMag_mfcc_sma[1]_min', 'pcm_fftMag_mfcc_sma[1]_range', 'pcm_fftMag_mfcc_sma[1]_maxPos', 'pcm_fftMag_mfcc_sma[1]_minPos', 'pcm_fftMag_mfcc_sma[1]_amean', 'pcm_fftMag_mfcc_sma[1]_linregc1', 'pcm_fftMag_mfcc_sma[1]_linregc2', 'pcm_fftMag_mfcc_sma[1]_linregerrQ', 'pcm_fftMag_mfcc_sma[1]_stddev', 'pcm_fftMag_mfcc_sma[1]_skewness', 'pcm_fftMag_mfcc_sma[1]_kurtosis', 'pcm_fftMag_mfcc_sma[2]_max', 'pcm_fftMag_mfcc_sma[2]_min', 'pcm_fftMag_mfcc_sma[2]_range', 'pcm_fftMag_mfcc_sma[2]_maxPos', 'pcm_fftMag_mfcc_sma[2]_minPos', 'pcm_fftMag_mfcc_sma[2]_amean', 'pcm_fftMag_mfcc_sma[2]_linregc1', 'pcm_fftMag_mfcc_sma[2]_linregc2', 'pcm_fftMag_mfcc_sma[2]_linregerrQ', 'pcm_fftMag_mfcc_sma[2]_stddev', 'pcm_fftMag_mfcc_sma[2]_skewness', 'pcm_fftMag_mfcc_sma[2]_kurtosis', 'pcm_fftMag_mfcc_sma[3]_max', 'pcm_fftMag_mfcc_sma[3]_min', 'pcm_fftMag_mfcc_sma[3]_range', 'pcm_fftMag_mfcc_sma[3]_maxPos', 'pcm_fftMag_mfcc_sma[3]_minPos', 'pcm_fftMag_mfcc_sma[3]_amean', 'pcm_fftMag_mfcc_sma[3]_linregc1', 'pcm_fftMag_mfcc_sma[3]_linregc2', 'pcm_fftMag_mfcc_sma[3]_linregerrQ', 'pcm_fftMag_mfcc_sma[3]_stddev', 'pcm_fftMag_mfcc_sma[3]_skewness', 'pcm_fftMag_mfcc_sma[3]_kurtosis', 'pcm_fftMag_mfcc_sma[4]_max', 'pcm_fftMag_mfcc_sma[4]_min', 'pcm_fftMag_mfcc_sma[4]_range', 'pcm_fftMag_mfcc_sma[4]_maxPos', 'pcm_fftMag_mfcc_sma[4]_minPos', 'pcm_fftMag_mfcc_sma[4]_amean', 'pcm_fftMag_mfcc_sma[4]_linregc1', 'pcm_fftMag_mfcc_sma[4]_linregc2', 'pcm_fftMag_mfcc_sma[4]_linregerrQ', 'pcm_fftMag_mfcc_sma[4]_stddev', 'pcm_fftMag_mfcc_sma[4]_skewness', 'pcm_fftMag_mfcc_sma[4]_kurtosis', 'pcm_fftMag_mfcc_sma[5]_max', 'pcm_fftMag_mfcc_sma[5]_min', 'pcm_fftMag_mfcc_sma[5]_range', 'pcm_fftMag_mfcc_sma[5]_maxPos', 'pcm_fftMag_mfcc_sma[5]_minPos', 'pcm_fftMag_mfcc_sma[5]_amean', 'pcm_fftMag_mfcc_sma[5]_linregc1', 'pcm_fftMag_mfcc_sma[5]_linregc2', 'pcm_fftMag_mfcc_sma[5]_linregerrQ', 'pcm_fftMag_mfcc_sma[5]_stddev', 'pcm_fftMag_mfcc_sma[5]_skewness', 'pcm_fftMag_mfcc_sma[5]_kurtosis', 'pcm_fftMag_mfcc_sma[6]_max', 'pcm_fftMag_mfcc_sma[6]_min', 'pcm_fftMag_mfcc_sma[6]_range', 'pcm_fftMag_mfcc_sma[6]_maxPos', 'pcm_fftMag_mfcc_sma[6]_minPos', 'pcm_fftMag_mfcc_sma[6]_amean', 'pcm_fftMag_mfcc_sma[6]_linregc1', 'pcm_fftMag_mfcc_sma[6]_linregc2', 'pcm_fftMag_mfcc_sma[6]_linregerrQ', 'pcm_fftMag_mfcc_sma[6]_stddev', 'pcm_fftMag_mfcc_sma[6]_skewness', 'pcm_fftMag_mfcc_sma[6]_kurtosis', 'pcm_fftMag_mfcc_sma[7]_max', 'pcm_fftMag_mfcc_sma[7]_min', 'pcm_fftMag_mfcc_sma[7]_range', 'pcm_fftMag_mfcc_sma[7]_maxPos', 'pcm_fftMag_mfcc_sma[7]_minPos', 'pcm_fftMag_mfcc_sma[7]_amean', 'pcm_fftMag_mfcc_sma[7]_linregc1', 'pcm_fftMag_mfcc_sma[7]_linregc2', 'pcm_fftMag_mfcc_sma[7]_linregerrQ', 'pcm_fftMag_mfcc_sma[7]_stddev', 'pcm_fftMag_mfcc_sma[7]_skewness', 'pcm_fftMag_mfcc_sma[7]_kurtosis', 'pcm_fftMag_mfcc_sma[8]_max', 'pcm_fftMag_mfcc_sma[8]_min', 'pcm_fftMag_mfcc_sma[8]_range', 'pcm_fftMag_mfcc_sma[8]_maxPos', 'pcm_fftMag_mfcc_sma[8]_minPos', 'pcm_fftMag_mfcc_sma[8]_amean', 'pcm_fftMag_mfcc_sma[8]_linregc1', 'pcm_fftMag_mfcc_sma[8]_linregc2', 'pcm_fftMag_mfcc_sma[8]_linregerrQ', 'pcm_fftMag_mfcc_sma[8]_stddev', 'pcm_fftMag_mfcc_sma[8]_skewness', 'pcm_fftMag_mfcc_sma[8]_kurtosis', 'pcm_fftMag_mfcc_sma[9]_max', 'pcm_fftMag_mfcc_sma[9]_min', 'pcm_fftMag_mfcc_sma[9]_range', 'pcm_fftMag_mfcc_sma[9]_maxPos', 'pcm_fftMag_mfcc_sma[9]_minPos', 'pcm_fftMag_mfcc_sma[9]_amean', 'pcm_fftMag_mfcc_sma[9]_linregc1', 'pcm_fftMag_mfcc_sma[9]_linregc2', 'pcm_fftMag_mfcc_sma[9]_linregerrQ', 'pcm_fftMag_mfcc_sma[9]_stddev', 'pcm_fftMag_mfcc_sma[9]_skewness', 'pcm_fftMag_mfcc_sma[9]_kurtosis', 'pcm_fftMag_mfcc_sma[10]_max', 'pcm_fftMag_mfcc_sma[10]_min', 'pcm_fftMag_mfcc_sma[10]_range', 'pcm_fftMag_mfcc_sma[10]_maxPos', 'pcm_fftMag_mfcc_sma[10]_minPos', 'pcm_fftMag_mfcc_sma[10]_amean', 'pcm_fftMag_mfcc_sma[10]_linregc1', 'pcm_fftMag_mfcc_sma[10]_linregc2', 'pcm_fftMag_mfcc_sma[10]_linregerrQ', 'pcm_fftMag_mfcc_sma[10]_stddev', 'pcm_fftMag_mfcc_sma[10]_skewness', 'pcm_fftMag_mfcc_sma[10]_kurtosis', 'pcm_fftMag_mfcc_sma[11]_max', 'pcm_fftMag_mfcc_sma[11]_min', 'pcm_fftMag_mfcc_sma[11]_range', 'pcm_fftMag_mfcc_sma[11]_maxPos', 'pcm_fftMag_mfcc_sma[11]_minPos', 'pcm_fftMag_mfcc_sma[11]_amean', 'pcm_fftMag_mfcc_sma[11]_linregc1', 'pcm_fftMag_mfcc_sma[11]_linregc2', 'pcm_fftMag_mfcc_sma[11]_linregerrQ', 'pcm_fftMag_mfcc_sma[11]_stddev', 'pcm_fftMag_mfcc_sma[11]_skewness', 'pcm_fftMag_mfcc_sma[11]_kurtosis', 'pcm_fftMag_mfcc_sma[12]_max', 'pcm_fftMag_mfcc_sma[12]_min', 'pcm_fftMag_mfcc_sma[12]_range', 'pcm_fftMag_mfcc_sma[12]_maxPos', 'pcm_fftMag_mfcc_sma[12]_minPos', 'pcm_fftMag_mfcc_sma[12]_amean', 'pcm_fftMag_mfcc_sma[12]_linregc1', 'pcm_fftMag_mfcc_sma[12]_linregc2', 'pcm_fftMag_mfcc_sma[12]_linregerrQ', 'pcm_fftMag_mfcc_sma[12]_stddev', 'pcm_fftMag_mfcc_sma[12]_skewness', 'pcm_fftMag_mfcc_sma[12]_kurtosis', 'pcm_zcr_sma_max', 'pcm_zcr_sma_min', 'pcm_zcr_sma_range', 'pcm_zcr_sma_maxPos', 'pcm_zcr_sma_minPos', 'pcm_zcr_sma_amean', 'pcm_zcr_sma_linregc1', 'pcm_zcr_sma_linregc2', 'pcm_zcr_sma_linregerrQ', 'pcm_zcr_sma_stddev', 'pcm_zcr_sma_skewness', 'pcm_zcr_sma_kurtosis', 'voiceProb_sma_max', 'voiceProb_sma_min', 'voiceProb_sma_range', 'voiceProb_sma_maxPos', 'voiceProb_sma_minPos', 'voiceProb_sma_amean', 'voiceProb_sma_linregc1', 'voiceProb_sma_linregc2', 'voiceProb_sma_linregerrQ', 'voiceProb_sma_stddev', 'voiceProb_sma_skewness', 'voiceProb_sma_kurtosis', 'F0_sma_max', 'F0_sma_min', 'F0_sma_range', 'F0_sma_maxPos', 'F0_sma_minPos', 'F0_sma_amean', 'F0_sma_linregc1', 'F0_sma_linregc2', 'F0_sma_linregerrQ', 'F0_sma_stddev', 'F0_sma_skewness', 'F0_sma_kurtosis', 'pcm_RMSenergy_sma_de_max', 'pcm_RMSenergy_sma_de_min', 'pcm_RMSenergy_sma_de_range', 'pcm_RMSenergy_sma_de_maxPos', 'pcm_RMSenergy_sma_de_minPos', 'pcm_RMSenergy_sma_de_amean', 'pcm_RMSenergy_sma_de_linregc1', 'pcm_RMSenergy_sma_de_linregc2', 'pcm_RMSenergy_sma_de_linregerrQ', 'pcm_RMSenergy_sma_de_stddev', 'pcm_RMSenergy_sma_de_skewness', 'pcm_RMSenergy_sma_de_kurtosis', 'pcm_fftMag_mfcc_sma_de[1]_max', 'pcm_fftMag_mfcc_sma_de[1]_min', 'pcm_fftMag_mfcc_sma_de[1]_range', 'pcm_fftMag_mfcc_sma_de[1]_maxPos', 'pcm_fftMag_mfcc_sma_de[1]_minPos', 'pcm_fftMag_mfcc_sma_de[1]_amean', 'pcm_fftMag_mfcc_sma_de[1]_linregc1', 'pcm_fftMag_mfcc_sma_de[1]_linregc2', 'pcm_fftMag_mfcc_sma_de[1]_linregerrQ', 'pcm_fftMag_mfcc_sma_de[1]_stddev', 'pcm_fftMag_mfcc_sma_de[1]_skewness', 'pcm_fftMag_mfcc_sma_de[1]_kurtosis', 'pcm_fftMag_mfcc_sma_de[2]_max', 'pcm_fftMag_mfcc_sma_de[2]_min', 'pcm_fftMag_mfcc_sma_de[2]_range', 'pcm_fftMag_mfcc_sma_de[2]_maxPos', 'pcm_fftMag_mfcc_sma_de[2]_minPos', 'pcm_fftMag_mfcc_sma_de[2]_amean', 'pcm_fftMag_mfcc_sma_de[2]_linregc1', 'pcm_fftMag_mfcc_sma_de[2]_linregc2', 'pcm_fftMag_mfcc_sma_de[2]_linregerrQ', 'pcm_fftMag_mfcc_sma_de[2]_stddev', 'pcm_fftMag_mfcc_sma_de[2]_skewness', 'pcm_fftMag_mfcc_sma_de[2]_kurtosis', 'pcm_fftMag_mfcc_sma_de[3]_max', 'pcm_fftMag_mfcc_sma_de[3]_min', 'pcm_fftMag_mfcc_sma_de[3]_range', 'pcm_fftMag_mfcc_sma_de[3]_maxPos', 'pcm_fftMag_mfcc_sma_de[3]_minPos', 'pcm_fftMag_mfcc_sma_de[3]_amean', 'pcm_fftMag_mfcc_sma_de[3]_linregc1', 'pcm_fftMag_mfcc_sma_de[3]_linregc2', 'pcm_fftMag_mfcc_sma_de[3]_linregerrQ', 'pcm_fftMag_mfcc_sma_de[3]_stddev', 'pcm_fftMag_mfcc_sma_de[3]_skewness', 'pcm_fftMag_mfcc_sma_de[3]_kurtosis', 'pcm_fftMag_mfcc_sma_de[4]_max', 'pcm_fftMag_mfcc_sma_de[4]_min', 'pcm_fftMag_mfcc_sma_de[4]_range', 'pcm_fftMag_mfcc_sma_de[4]_maxPos', 'pcm_fftMag_mfcc_sma_de[4]_minPos', 'pcm_fftMag_mfcc_sma_de[4]_amean', 'pcm_fftMag_mfcc_sma_de[4]_linregc1', 'pcm_fftMag_mfcc_sma_de[4]_linregc2', 'pcm_fftMag_mfcc_sma_de[4]_linregerrQ', 'pcm_fftMag_mfcc_sma_de[4]_stddev', 'pcm_fftMag_mfcc_sma_de[4]_skewness', 'pcm_fftMag_mfcc_sma_de[4]_kurtosis', 'pcm_fftMag_mfcc_sma_de[5]_max', 'pcm_fftMag_mfcc_sma_de[5]_min', 'pcm_fftMag_mfcc_sma_de[5]_range', 'pcm_fftMag_mfcc_sma_de[5]_maxPos', 'pcm_fftMag_mfcc_sma_de[5]_minPos', 'pcm_fftMag_mfcc_sma_de[5]_amean', 'pcm_fftMag_mfcc_sma_de[5]_linregc1', 'pcm_fftMag_mfcc_sma_de[5]_linregc2', 'pcm_fftMag_mfcc_sma_de[5]_linregerrQ', 'pcm_fftMag_mfcc_sma_de[5]_stddev', 'pcm_fftMag_mfcc_sma_de[5]_skewness', 'pcm_fftMag_mfcc_sma_de[5]_kurtosis', 'pcm_fftMag_mfcc_sma_de[6]_max', 'pcm_fftMag_mfcc_sma_de[6]_min', 'pcm_fftMag_mfcc_sma_de[6]_range', 'pcm_fftMag_mfcc_sma_de[6]_maxPos', 'pcm_fftMag_mfcc_sma_de[6]_minPos', 'pcm_fftMag_mfcc_sma_de[6]_amean', 'pcm_fftMag_mfcc_sma_de[6]_linregc1', 'pcm_fftMag_mfcc_sma_de[6]_linregc2', 'pcm_fftMag_mfcc_sma_de[6]_linregerrQ', 'pcm_fftMag_mfcc_sma_de[6]_stddev', 'pcm_fftMag_mfcc_sma_de[6]_skewness', 'pcm_fftMag_mfcc_sma_de[6]_kurtosis', 'pcm_fftMag_mfcc_sma_de[7]_max', 'pcm_fftMag_mfcc_sma_de[7]_min', 'pcm_fftMag_mfcc_sma_de[7]_range', 'pcm_fftMag_mfcc_sma_de[7]_maxPos', 'pcm_fftMag_mfcc_sma_de[7]_minPos', 'pcm_fftMag_mfcc_sma_de[7]_amean', 'pcm_fftMag_mfcc_sma_de[7]_linregc1', 'pcm_fftMag_mfcc_sma_de[7]_linregc2', 'pcm_fftMag_mfcc_sma_de[7]_linregerrQ', 'pcm_fftMag_mfcc_sma_de[7]_stddev', 'pcm_fftMag_mfcc_sma_de[7]_skewness', 'pcm_fftMag_mfcc_sma_de[7]_kurtosis', 'pcm_fftMag_mfcc_sma_de[8]_max', 'pcm_fftMag_mfcc_sma_de[8]_min', 'pcm_fftMag_mfcc_sma_de[8]_range', 'pcm_fftMag_mfcc_sma_de[8]_maxPos', 'pcm_fftMag_mfcc_sma_de[8]_minPos', 'pcm_fftMag_mfcc_sma_de[8]_amean', 'pcm_fftMag_mfcc_sma_de[8]_linregc1', 'pcm_fftMag_mfcc_sma_de[8]_linregc2', 'pcm_fftMag_mfcc_sma_de[8]_linregerrQ', 'pcm_fftMag_mfcc_sma_de[8]_stddev', 'pcm_fftMag_mfcc_sma_de[8]_skewness', 'pcm_fftMag_mfcc_sma_de[8]_kurtosis', 'pcm_fftMag_mfcc_sma_de[9]_max', 'pcm_fftMag_mfcc_sma_de[9]_min', 'pcm_fftMag_mfcc_sma_de[9]_range', 'pcm_fftMag_mfcc_sma_de[9]_maxPos', 'pcm_fftMag_mfcc_sma_de[9]_minPos', 'pcm_fftMag_mfcc_sma_de[9]_amean', 'pcm_fftMag_mfcc_sma_de[9]_linregc1', 'pcm_fftMag_mfcc_sma_de[9]_linregc2', 'pcm_fftMag_mfcc_sma_de[9]_linregerrQ', 'pcm_fftMag_mfcc_sma_de[9]_stddev', 'pcm_fftMag_mfcc_sma_de[9]_skewness', 'pcm_fftMag_mfcc_sma_de[9]_kurtosis', 'pcm_fftMag_mfcc_sma_de[10]_max', 'pcm_fftMag_mfcc_sma_de[10]_min', 'pcm_fftMag_mfcc_sma_de[10]_range', 'pcm_fftMag_mfcc_sma_de[10]_maxPos', 'pcm_fftMag_mfcc_sma_de[10]_minPos', 'pcm_fftMag_mfcc_sma_de[10]_amean', 'pcm_fftMag_mfcc_sma_de[10]_linregc1', 'pcm_fftMag_mfcc_sma_de[10]_linregc2', 'pcm_fftMag_mfcc_sma_de[10]_linregerrQ', 'pcm_fftMag_mfcc_sma_de[10]_stddev', 'pcm_fftMag_mfcc_sma_de[10]_skewness', 'pcm_fftMag_mfcc_sma_de[10]_kurtosis', 'pcm_fftMag_mfcc_sma_de[11]_max', 'pcm_fftMag_mfcc_sma_de[11]_min', 'pcm_fftMag_mfcc_sma_de[11]_range', 'pcm_fftMag_mfcc_sma_de[11]_maxPos', 'pcm_fftMag_mfcc_sma_de[11]_minPos', 'pcm_fftMag_mfcc_sma_de[11]_amean', 'pcm_fftMag_mfcc_sma_de[11]_linregc1', 'pcm_fftMag_mfcc_sma_de[11]_linregc2', 'pcm_fftMag_mfcc_sma_de[11]_linregerrQ', 'pcm_fftMag_mfcc_sma_de[11]_stddev', 'pcm_fftMag_mfcc_sma_de[11]_skewness', 'pcm_fftMag_mfcc_sma_de[11]_kurtosis', 'pcm_fftMag_mfcc_sma_de[12]_max', 'pcm_fftMag_mfcc_sma_de[12]_min', 'pcm_fftMag_mfcc_sma_de[12]_range', 'pcm_fftMag_mfcc_sma_de[12]_maxPos', 'pcm_fftMag_mfcc_sma_de[12]_minPos', 'pcm_fftMag_mfcc_sma_de[12]_amean', 'pcm_fftMag_mfcc_sma_de[12]_linregc1', 'pcm_fftMag_mfcc_sma_de[12]_linregc2', 'pcm_fftMag_mfcc_sma_de[12]_linregerrQ', 'pcm_fftMag_mfcc_sma_de[12]_stddev', 'pcm_fftMag_mfcc_sma_de[12]_skewness', 'pcm_fftMag_mfcc_sma_de[12]_kurtosis', 'pcm_zcr_sma_de_max', 'pcm_zcr_sma_de_min', 'pcm_zcr_sma_de_range', 'pcm_zcr_sma_de_maxPos', 'pcm_zcr_sma_de_minPos', 'pcm_zcr_sma_de_amean', 'pcm_zcr_sma_de_linregc1', 'pcm_zcr_sma_de_linregc2', 'pcm_zcr_sma_de_linregerrQ', 'pcm_zcr_sma_de_stddev', 'pcm_zcr_sma_de_skewness', 'pcm_zcr_sma_de_kurtosis', 'voiceProb_sma_de_max', 'voiceProb_sma_de_min', 'voiceProb_sma_de_range', 'voiceProb_sma_de_maxPos', 'voiceProb_sma_de_minPos', 'voiceProb_sma_de_amean', 'voiceProb_sma_de_linregc1', 'voiceProb_sma_de_linregc2', 'voiceProb_sma_de_linregerrQ', 'voiceProb_sma_de_stddev', 'voiceProb_sma_de_skewness', 'voiceProb_sma_de_kurtosis', 'F0_sma_de_max', 'F0_sma_de_min', 'F0_sma_de_range', 'F0_sma_de_maxPos', 'F0_sma_de_minPos', 'F0_sma_de_amean', 'F0_sma_de_linregc1', 'F0_sma_de_linregc2', 'F0_sma_de_linregerrQ', 'F0_sma_de_stddev', 'F0_sma_de_skewness', 'F0_sma_de_kurtosis']
Number of is09 features: 386
Downloading and preparing dataset dataloadermultimodal/daic_woz to /ibm/gpfs/home/snag0027/speech-depression/cluster/cache_daic_woz/dataloadermultimodal/daic_woz-data_dir=./0.0.1/0eb9e7d037cb9031e337fd03019076b49fec80ac15482b01b4ed0f505a3d40d9...
Generating train split: 0 examples [00:00, ? examples/s]INFO:root:Extracting eGeMAPSv02 features for 367IS09.csv...
/bin/sh: SMILExtract: command not found
INFO:root:Extracting eGeMAPSv02 features for 367_PARTICIPANT_merged_chunk_15280000.wav...
/bin/sh: SMILExtract: command not found
WARNING:root:Could not extract eGeMAPSv02 features for 367_PARTICIPANT_merged_chunk_15280000.wav
INFO:root:Extracting eGeMAPSv02 features for 367_PARTICIPANT_merged_chunk_6640000.wav...
/bin/sh: SMILExtract: command not found
WARNING:root:Could not extract eGeMAPSv02 features for 367_PARTICIPANT_merged_chunk_6640000.wav
INFO:root:Extracting eGeMAPSv02 features for 367_PARTICIPANT_merged_chunk_4640000.wav...
/bin/sh: SMILExtract: command not found
WARNING:root:Could not extract eGeMAPSv02 features for 367_PARTICIPANT_merged_chunk_4640000.wav
INFO:root:Extracting eGeMAPSv02 features for 367_PARTICIPANT_merged_chunk_7920000.wav...
/bin/sh: SMILExtract: command not found
WARNING:root:Could not extract eGeMAPSv02 features for 367_PARTICIPANT_merged_chunk_7920000.wav
INFO:root:Extracting eGeMAPSv02 features for 367_PARTICIPANT_merged_chunk_11360000.wav...
/bin/sh: SMILExtract: command not found
WARNING:root:Could not extract eGeMAPSv02 features for 367_PARTICIPANT_merged_chunk_11360000.wav
INFO:root:Extracting eGeMAPSv02 features for 367_PARTICIPANT_merged_chunk_2000000.wav...
/bin/sh: SMILExtract: command not found
WARNING:root:Could not extract eGeMAPSv02 features for 367_PARTICIPANT_merged_chunk_2000000.wav
INFO:root:Extracting eGeMAPSv02 features for 367_PARTICIPANT_merged_chunk_4560000.wav...
/bin/sh: SMILExtract: command not found
WARNING:root:Could not extract eGeMAPSv02 features for 367_PARTICIPANT_merged_chunk_4560000.wav
INFO:root:Extracting eGeMAPSv02 features for 367_PARTICIPANT_merged_chunk_6800000.wav...
/bin/sh: SMILExtract: command not found
WARNING:root:Could not extract eGeMAPSv02 features for 367_PARTICIPANT_merged_chunk_6800000.wav
INFO:root:Extracting eGeMAPSv02 features for 367_PARTICIPANT_merged_chunk_10400000.wav...
/bin/sh: SMILExtract: command not found
WARNING:root:Could not extract eGeMAPSv02 features for 367_PARTICIPANT_merged_chunk_10400000.wav
INFO:root:Extracting eGeMAPSv02 features for 367_PARTICIPANT_merged_chunk_7440000.wav...
/bin/sh: SMILExtract: command not found
WARNING:root:Could not extract eGeMAPSv02 features for 367_PARTICIPANT_merged_chunk_7440000.wav
INFO:root:Extracting eGeMAPSv02 features for 367_PARTICIPANT_merged_chunk_10960000.wav...
/bin/sh: SMILExtract: command not found
WARNING:root:Could not extract eGeMAPSv02 features for 367_PARTICIPANT_merged_chunk_10960000.wav
INFO:root:Extracting eGeMAPSv02 features for 367_PARTICIPANT_merged_chunk_8560000.wav...
/bin/sh: SMILExtract: command not found
WARNING:root:Could not extract eGeMAPSv02 features for 367_PARTICIPANT_merged_chunk_8560000.wav
INFO:root:Extracting eGeMAPSv02 features for 367_PARTICIPANT_merged_chunk_14320000.wav...
/bin/sh: SMILExtract: command not found
WARNING:root:Could not extract eGeMAPSv02 features for 367_PARTICIPANT_merged_chunk_14320000.wav
INFO:root:Extracting eGeMAPSv02 features for 367_PARTICIPANT_merged_chunk_15600000.wav...
/bin/sh: SMILExtract: command not found
WARNING:root:Could not extract eGeMAPSv02 features for 367_PARTICIPANT_merged_chunk_15600000.wav
INFO:root:Extracting eGeMAPSv02 features for 367_PARTICIPANT_merged_chunk_13840000.wav...
/bin/sh: SMILExtract: command not found
WARNING:root:Could not extract eGeMAPSv02 features for 367_PARTICIPANT_merged_chunk_13840000.wav
INFO:root:Extracting eGeMAPSv02 features for 367_PARTICIPANT_merged_chunk_1600000.wav...
/bin/sh: SMILExtract: command not found
WARNING:root:Could not extract eGeMAPSv02 features for 367_PARTICIPANT_merged_chunk_1600000.wav
INFO:root:Extracting eGeMAPSv02 features for 367_PARTICIPANT_merged_chunk_9200000.wav...
/bin/sh: SMILExtract: command not found
WARNING:root:Could not extract eGeMAPSv02 features for 367_PARTICIPANT_merged_chunk_9200000.wav
INFO:root:Extracting eGeMAPSv02 features for 367_PARTICIPANT_merged_chunk_10160000.wav...
/bin/sh: SMILExtract: command not found
WARNING:root:Could not extract eGeMAPSv02 features for 367_PARTICIPANT_merged_chunk_10160000.wav
INFO:root:Extracting eGeMAPSv02 features for 367_PARTICIPANT_merged_chunk_9840000.wav...
/bin/sh: SMILExtract: command not found
WARNING:root:Could not extract eGeMAPSv02 features for 367_PARTICIPANT_merged_chunk_9840000.wav
INFO:root:Extracting eGeMAPSv02 features for 367_PARTICIPANT_merged_chunk_14240000.wav...
/bin/sh: SMILExtract: command not found
WARNING:root:Could not extract eGeMAPSv02 features for 367_PARTICIPANT_merged_chunk_14240000.wav
INFO:root:Extracting eGeMAPSv02 features for 367_PARTICIPANT_merged_chunk_10800000.wav...
/bin/sh: SMILExtract: command not found
WARNING:root:Could not extract eGeMAPSv02 features for 367_PARTICIPANT_merged_chunk_10800000.wav
INFO:root:Extracting eGeMAPSv02 features for 367_PARTICIPANT_merged_chunk_12800000.wav...
/bin/sh: SMILExtract: command not found
WARNING:root:Could not extract eGeMAPSv02 features for 367_PARTICIPANT_merged_chunk_12800000.wav
INFO:root:Extracting eGeMAPSv02 features for 367_PARTICIPANT_merged_chunk_3360000.wav...
/bin/sh: SMILExtract: command not found
WARNING:root:Could not extract eGeMAPSv02 features for 367_PARTICIPANT_merged_chunk_3360000.wav
INFO:root:Extracting eGeMAPSv02 features for 367_PARTICIPANT_merged_chunk_5840000.wav...
/bin/sh: SMILExtract: command not found
WARNING:root:Could not extract eGeMAPSv02 features for 367_PARTICIPANT_merged_chunk_5840000.wav
INFO:root:Extracting eGeMAPSv02 features for 367_PARTICIPANT_merged_chunk_14960000.wav...
/bin/sh: SMILExtract: command not found
WARNING:root:Could not extract eGeMAPSv02 features for 367_PARTICIPANT_merged_chunk_14960000.wav
INFO:root:Extracting eGeMAPSv02 features for 367_PARTICIPANT_merged_chunk_12400000.wav...
/bin/sh: SMILExtract: command not found
WARNING:root:Could not extract eGeMAPSv02 features for 367_PARTICIPANT_merged_chunk_12400000.wav
INFO:root:Extracting eGeMAPSv02 features for 367_PARTICIPANT_merged_chunk_5920000.wav...
/bin/sh: SMILExtract: command not found
WARNING:root:Could not extract eGeMAPSv02 features for 367_PARTICIPANT_merged_chunk_5920000.wav
INFO:root:Extracting eGeMAPSv02 features for 367_PARTICIPANT_merged_chunk_640000.wav...
/bin/sh: SMILExtract: command not found
WARNING:root:Could not extract eGeMAPSv02 features for 367_PARTICIPANT_merged_chunk_640000.wav
INFO:root:Extracting eGeMAPSv02 features for 367_PARTICIPANT_merged_chunk_11440000.wav...
/bin/sh: SMILExtract: command not found
WARNING:root:Could not extract eGeMAPSv02 features for 367_PARTICIPANT_merged_chunk_11440000.wav
INFO:root:Extracting eGeMAPSv02 features for 367_PARTICIPANT_merged_chunk_5280000.wav...
/bin/sh: SMILExtract: command not found
WARNING:root:Could not extract eGeMAPSv02 features for 367_PARTICIPANT_merged_chunk_5280000.wav
INFO:root:Extracting eGeMAPSv02 features for 367_PARTICIPANT_merged_chunk_13040000.wav...
/bin/sh: SMILExtract: command not found
WARNING:root:Could not extract eGeMAPSv02 features for 367_PARTICIPANT_merged_chunk_13040000.wav
INFO:root:Extracting eGeMAPSv02 features for 367_PARTICIPANT_merged_chunk_10320000.wav...
/bin/sh: SMILExtract: command not found
WARNING:root:Could not extract eGeMAPSv02 features for 367_PARTICIPANT_merged_chunk_10320000.wav
INFO:root:Extracting eGeMAPSv02 features for 367_PARTICIPANT_merged_chunk_7680000.wav...
/bin/sh: SMILExtract: command not found
WARNING:root:Could not extract eGeMAPSv02 features for 367_PARTICIPANT_merged_chunk_7680000.wav
INFO:root:Extracting eGeMAPSv02 features for 367_CLNF_features3D.txt...
/bin/sh: SMILExtract: command not found
WARNING:root:Could not extract eGeMAPSv02 features for 367_CLNF_features3D.txt
INFO:root:Extracting eGeMAPSv02 features for 367_PARTICIPANT_merged_chunk_15040000.wav...
/bin/sh: SMILExtract: command not found
WARNING:root:Could not extract eGeMAPSv02 features for 367_PARTICIPANT_merged_chunk_15040000.wav
INFO:root:Extracting eGeMAPSv02 features for 367_PARTICIPANT_merged_chunk_3600000.wav...
/bin/sh: SMILExtract: command not found
WARNING:root:Could not extract eGeMAPSv02 features for 367_PARTICIPANT_merged_chunk_3600000.wav
INFO:root:Extracting eGeMAPSv02 features for 367_PARTICIPANT_merged_chunk_13680000.wav...
/bin/sh: SMILExtract: command not found
WARNING:root:Could not extract eGeMAPSv02 features for 367_PARTICIPANT_merged_chunk_13680000.wav
INFO:root:Extracting eGeMAPSv02 features for 367_PARTICIPANT_merged_chunk_11040000.wav...
/bin/sh: SMILExtract: command not found
WARNING:root:Could not extract eGeMAPSv02 features for 367_PARTICIPANT_merged_chunk_11040000.wav
INFO:root:Extracting eGeMAPSv02 features for 367_PARTICIPANT_merged_chunk_480000.wav...
/bin/sh: SMILExtract: command not found
WARNING:root:Could not extract eGeMAPSv02 features for 367_PARTICIPANT_merged_chunk_480000.wav
INFO:root:Extracting eGeMAPSv02 features for 367_PARTICIPANT_merged_chunk_80000.wav...
/bin/sh: SMILExtract: command not found
WARNING:root:Could not extract eGeMAPSv02 features for 367_PARTICIPANT_merged_chunk_80000.wav
INFO:root:Extracting eGeMAPSv02 features for 367_PARTICIPANT_merged_chunk_4480000.wav...
/bin/sh: SMILExtract: command not found
WARNING:root:Could not extract eGeMAPSv02 features for 367_PARTICIPANT_merged_chunk_4480000.wav
INFO:root:Extracting eGeMAPSv02 features for 367_PARTICIPANT_merged_chunk_7760000.wav...
/bin/sh: SMILExtract: command not found
WARNING:root:Could not extract eGeMAPSv02 features for 367_PARTICIPANT_merged_chunk_7760000.wav
INFO:root:Extracting eGeMAPSv02 features for 367_PARTICIPANT_merged_chunk_2960000.wav...
/bin/sh: SMILExtract: command not found
WARNING:root:Could not extract eGeMAPSv02 features for 367_PARTICIPANT_merged_chunk_2960000.wav
INFO:root:Extracting eGeMAPSv02 features for 367_PARTICIPANT_merged_chunk_13120000.wav...
/bin/sh: SMILExtract: command not found
WARNING:root:Could not extract eGeMAPSv02 features for 367_PARTICIPANT_merged_chunk_13120000.wav
INFO:root:Extracting eGeMAPSv02 features for 367_PARTICIPANT_merged_chunk_15120000.wav...
/bin/sh: SMILExtract: command not found
WARNING:root:Could not extract eGeMAPSv02 features for 367_PARTICIPANT_merged_chunk_15120000.wav
INFO:root:Extracting eGeMAPSv02 features for 367_PARTICIPANT_merged_chunk_3680000.wav...
/bin/sh: SMILExtract: command not found
WARNING:root:Could not extract eGeMAPSv02 features for 367_PARTICIPANT_merged_chunk_3680000.wav
INFO:root:Extracting eGeMAPSv02 features for 367_PARTICIPANT_merged_chunk_5520000.wav...
/bin/sh: SMILExtract: command not found
WARNING:root:Could not extract eGeMAPSv02 features for 367_PARTICIPANT_merged_chunk_5520000.wav
INFO:root:Extracting eGeMAPSv02 features for 367_PARTICIPANT_merged_chunk_9520000.wav...
/bin/sh: SMILExtract: command not found
WARNING:root:Could not extract eGeMAPSv02 features for 367_PARTICIPANT_merged_chunk_9520000.wav
INFO:root:Extracting eGeMAPSv02 features for 367_PARTICIPANT_merged_chunk_5760000.wav...
/bin/sh: SMILExtract: command not found
WARNING:root:Could not extract eGeMAPSv02 features for 367_PARTICIPANT_merged_chunk_5760000.wav
INFO:root:Extracting eGeMAPSv02 features for 367_PARTICIPANT_merged_chunk_6320000.wav...
/bin/sh: SMILExtract: command not found
WARNING:root:Could not extract eGeMAPSv02 features for 367_PARTICIPANT_merged_chunk_6320000.wav
INFO:root:Extracting eGeMAPSv02 features for 367_PARTICIPANT_merged_chunk_9680000.wav...
/bin/sh: SMILExtract: command not found
WARNING:root:Could not extract eGeMAPSv02 features for 367_PARTICIPANT_merged_chunk_9680000.wav
INFO:root:Extracting eGeMAPSv02 features for 367_PARTICIPANT_merged_chunk_5680000.wav...
/bin/sh: SMILExtract: command not found
WARNING:root:Could not extract eGeMAPSv02 features for 367_PARTICIPANT_merged_chunk_5680000.wav
INFO:root:Extracting eGeMAPSv02 features for 367_PARTICIPANT_merged_chunk_12240000.wav...
/bin/sh: SMILExtract: command not found
WARNING:root:Could not extract eGeMAPSv02 features for 367_PARTICIPANT_merged_chunk_12240000.wav
INFO:root:Extracting eGeMAPSv02 features for 367_PARTICIPANT_merged_chunk_9760000.wav...
/bin/sh: SMILExtract: command not found
WARNING:root:Could not extract eGeMAPSv02 features for 367_PARTICIPANT_merged_chunk_9760000.wav
INFO:root:Extracting eGeMAPSv02 features for 367_PARTICIPANT_merged_chunk_13200000.wav...
/bin/sh: SMILExtract: command not found
WARNING:root:Could not extract eGeMAPSv02 features for 367_PARTICIPANT_merged_chunk_13200000.wav
INFO:root:Extracting eGeMAPSv02 features for 367_PARTICIPANT_merged_chunk_9040000.wav...
/bin/sh: SMILExtract: command not found
WARNING:root:Could not extract eGeMAPSv02 features for 367_PARTICIPANT_merged_chunk_9040000.wav
INFO:root:Extracting eGeMAPSv02 features for 367_PARTICIPANT_merged_chunk_11520000.wav...
/bin/sh: SMILExtract: command not found
WARNING:root:Could not extract eGeMAPSv02 features for 367_PARTICIPANT_merged_chunk_11520000.wav
INFO:root:Extracting eGeMAPSv02 features for 367_eGeMAPSv01b.txt...
/bin/sh: SMILExtract: command not found
WARNING:root:Could not extract eGeMAPSv02 features for 367_eGeMAPSv01b.txt
INFO:root:Extracting eGeMAPSv02 features for 367_PARTICIPANT_merged_chunk_2640000.wav...
/bin/sh: SMILExtract: command not found
WARNING:root:Could not extract eGeMAPSv02 features for 367_PARTICIPANT_merged_chunk_2640000.wav
INFO:root:Extracting eGeMAPSv02 features for 367_PARTICIPANT_merged_chunk_8400000.wav...
/bin/sh: SMILExtract: command not found
WARNING:root:Could not extract eGeMAPSv02 features for 367_PARTICIPANT_merged_chunk_8400000.wav
INFO:root:Extracting eGeMAPSv02 features for 367_PARTICIPANT_merged_chunk_4000000.wav...
/bin/sh: SMILExtract: command not found
WARNING:root:Could not extract eGeMAPSv02 features for 367_PARTICIPANT_merged_chunk_4000000.wav
INFO:root:Extracting eGeMAPSv02 features for 367_PARTICIPANT_merged_chunk_5120000.wav...
/bin/sh: SMILExtract: command not found
WARNING:root:Could not extract eGeMAPSv02 features for 367_PARTICIPANT_merged_chunk_5120000.wav
INFO:root:Extracting eGeMAPSv02 features for 367_PARTICIPANT_merged_chunk_11120000.wav...
/bin/sh: SMILExtract: command not found
WARNING:root:Could not extract eGeMAPSv02 features for 367_PARTICIPANT_merged_chunk_11120000.wav
INFO:root:Extracting eGeMAPSv02 features for 367_PARTICIPANT_merged_chunk_13280000.wav...
/bin/sh: SMILExtract: command not found
WARNING:root:Could not extract eGeMAPSv02 features for 367_PARTICIPANT_merged_chunk_13280000.wav
INFO:root:Extracting eGeMAPSv02 features for 367_PARTICIPANT_merged_chunk_15520000.wav...
/bin/sh: SMILExtract: command not found
WARNING:root:Could not extract eGeMAPSv02 features for 367_PARTICIPANT_merged_chunk_15520000.wav
INFO:root:Extracting eGeMAPSv02 features for 367_PARTICIPANT_merged_chunk_6240000.wav...
/bin/sh: SMILExtract: command not found
WARNING:root:Could not extract eGeMAPSv02 features for 367_PARTICIPANT_merged_chunk_6240000.wav
INFO:root:Extracting eGeMAPSv02 features for 367_PARTICIPANT_merged_chunk_10560000.wav...
/bin/sh: SMILExtract: command not found
WARNING:root:Could not extract eGeMAPSv02 features for 367_PARTICIPANT_merged_chunk_10560000.wav
INFO:root:Extracting eGeMAPSv02 features for 367_PARTICIPANT_merged_chunk_1440000.wav...
/bin/sh: SMILExtract: command not found
WARNING:root:Could not extract eGeMAPSv02 features for 367_PARTICIPANT_merged_chunk_1440000.wav
INFO:root:Extracting eGeMAPSv02 features for 367_PARTICIPANT_merged_chunk_3920000.wav...
/bin/sh: SMILExtract: command not found
WARNING:root:Could not extract eGeMAPSv02 features for 367_PARTICIPANT_merged_chunk_3920000.wav
INFO:root:Extracting eGeMAPSv02 features for 367_PARTICIPANT_merged_chunk_10240000.wav...
/bin/sh: SMILExtract: command not found
WARNING:root:Could not extract eGeMAPSv02 features for 367_PARTICIPANT_merged_chunk_10240000.wav
INFO:root:Extracting eGeMAPSv02 features for 367_PARTICIPANT_merged_chunk_14880000.wav...
/bin/sh: SMILExtract: command not found
WARNING:root:Could not extract eGeMAPSv02 features for 367_PARTICIPANT_merged_chunk_14880000.wav
INFO:root:Extracting eGeMAPSv02 features for 367_PARTICIPANT_merged_chunk_12080000.wav...
/bin/sh: SMILExtract: command not found
WARNING:root:Could not extract eGeMAPSv02 features for 367_PARTICIPANT_merged_chunk_12080000.wav
INFO:root:Extracting eGeMAPSv02 features for 367_CLNF_gaze.txt...
/bin/sh: SMILExtract: command not found
WARNING:root:Could not extract eGeMAPSv02 features for 367_CLNF_gaze.txt
INFO:root:Extracting eGeMAPSv02 features for 367_PARTICIPANT_merged_chunk_14640000.wav...
/bin/sh: SMILExtract: command not found
WARNING:root:Could not extract eGeMAPSv02 features for 367_PARTICIPANT_merged_chunk_14640000.wav
INFO:root:Extracting eGeMAPSv02 features for 367_PARTICIPANT_merged_chunk_7840000.wav...
/bin/sh: SMILExtract: command not found
WARNING:root:Could not extract eGeMAPSv02 features for 367_PARTICIPANT_merged_chunk_7840000.wav
INFO:root:Extracting eGeMAPSv02 features for 367_PARTICIPANT_merged_chunk_5040000.wav...
/bin/sh: SMILExtract: command not found
WARNING:root:Could not extract eGeMAPSv02 features for 367_PARTICIPANT_merged_chunk_5040000.wav
INFO:root:Extracting eGeMAPSv02 features for 367_PARTICIPANT_merged_chunk_7120000.wav...
/bin/sh: SMILExtract: command not found
WARNING:root:Could not extract eGeMAPSv02 features for 367_PARTICIPANT_merged_chunk_7120000.wav
INFO:root:Extracting eGeMAPSv02 features for 367_PARTICIPANT_merged_chunk_9600000.wav...
/bin/sh: SMILExtract: command not found
WARNING:root:Could not extract eGeMAPSv02 features for 367_PARTICIPANT_merged_chunk_9600000.wav
INFO:root:Extracting eGeMAPSv02 features for 367_PARTICIPANT_merged_chunk_880000.wav...
/bin/sh: SMILExtract: command not found
WARNING:root:Could not extract eGeMAPSv02 features for 367_PARTICIPANT_merged_chunk_880000.wav
INFO:root:Extracting eGeMAPSv02 features for 367_CLNF_features.txt...
/bin/sh: SMILExtract: command not found
WARNING:root:Could not extract eGeMAPSv02 features for 367_CLNF_features.txt
INFO:root:Extracting eGeMAPSv02 features for 367_PARTICIPANT_merged_chunk_12880000.wav...
/bin/sh: SMILExtract: command not found
WARNING:root:Could not extract eGeMAPSv02 features for 367_PARTICIPANT_merged_chunk_12880000.wav
INFO:root:Extracting eGeMAPSv02 features for 367_PARTICIPANT_merged_chunk_13600000.wav...
/bin/sh: SMILExtract: command not found
WARNING:root:Could not extract eGeMAPSv02 features for 367_PARTICIPANT_merged_chunk_13600000.wav
INFO:root:Extracting eGeMAPSv02 features for 367_PARTICIPANT_merged_chunk_2320000.wav...
/bin/sh: SMILExtract: command not found
WARNING:root:Could not extract eGeMAPSv02 features for 367_PARTICIPANT_merged_chunk_2320000.wav
INFO:root:Extracting eGeMAPSv02 features for 367_PARTICIPANT_merged_chunk_6400000.wav...
/bin/sh: SMILExtract: command not found
WARNING:root:Could not extract eGeMAPSv02 features for 367_PARTICIPANT_merged_chunk_6400000.wav
INFO:root:Extracting eGeMAPSv02 features for 367_PARTICIPANT_merged_chunk_8960000.wav...
/bin/sh: SMILExtract: command not found
WARNING:root:Could not extract eGeMAPSv02 features for 367_PARTICIPANT_merged_chunk_8960000.wav
INFO:root:Extracting eGeMAPSv02 features for 367_PARTICIPANT_merged_chunk_4720000.wav...
/bin/sh: SMILExtract: command not found
WARNING:root:Could not extract eGeMAPSv02 features for 367_PARTICIPANT_merged_chunk_4720000.wav
INFO:root:Extracting eGeMAPSv02 features for 367_PARTICIPANT_merged_chunk_2560000.wav...
/bin/sh: SMILExtract: command not found
WARNING:root:Could not extract eGeMAPSv02 features for 367_PARTICIPANT_merged_chunk_2560000.wav
INFO:root:Extracting eGeMAPSv02 features for 367_PARTICIPANT_merged_chunk_4880000.wav...
/bin/sh: SMILExtract: command not found
WARNING:root:Could not extract eGeMAPSv02 features for 367_PARTICIPANT_merged_chunk_4880000.wav
INFO:root:Extracting eGeMAPSv02 features for 367_PARTICIPANT_merged_chunk_9920000.wav...
/bin/sh: SMILExtract: command not found
WARNING:root:Could not extract eGeMAPSv02 features for 367_PARTICIPANT_merged_chunk_9920000.wav
INFO:root:Extracting eGeMAPSv02 features for 367_PARTICIPANT_merged_chunk_15760000.wav...
/bin/sh: SMILExtract: command not found
WARNING:root:Could not extract eGeMAPSv02 features for 367_PARTICIPANT_merged_chunk_15760000.wav
INFO:root:Extracting eGeMAPSv02 features for 367_PARTICIPANT_merged_chunk_4240000.wav...
/bin/sh: SMILExtract: command not found
WARNING:root:Could not extract eGeMAPSv02 features for 367_PARTICIPANT_merged_chunk_4240000.wav
INFO:root:Extracting eGeMAPSv02 features for 367_FORMANT.csv...
/bin/sh: SMILExtract: command not found
Generating train split: 0 examples [00:01, ? examples/s]Traceback (most recent call last):
  File "/home/snag0027/.local/lib/python3.10/site-packages/datasets/builder.py", line 1608, in _prepare_split_single
    for key, record in generator:
  File "/home/snag0027/.cache/huggingface/modules/datasets_modules/datasets/dataloadermultimodal/0eb9e7d037cb9031e337fd03019076b49fec80ac15482b01b4ed0f505a3d40d9/dataloadermultimodal.py", line 172, in _generate_examples
    audio_features = process_features(os.path.join(audio_dir, folder, file[:-4]) + ".csv")
  File "/ibm/gpfs/home/snag0027/speech-depression/cluster/feature_processing/process_features.py", line 35, in process_features
    data = data.split(',')
UnboundLocalError: local variable 'data' referenced before assignment

The above exception was the direct cause of the following exception:

Traceback (most recent call last):
  File "/home/snag0027/speech-depression/cluster/train_ast_multistream.py", line 46, in <module>
    ds = load_dataset(
  File "/home/snag0027/.local/lib/python3.10/site-packages/datasets/load.py", line 1782, in load_dataset
    builder_instance.download_and_prepare(
  File "/home/snag0027/.local/lib/python3.10/site-packages/datasets/builder.py", line 872, in download_and_prepare
    self._download_and_prepare(
  File "/home/snag0027/.local/lib/python3.10/site-packages/datasets/builder.py", line 1649, in _download_and_prepare
    super()._download_and_prepare(
  File "/home/snag0027/.local/lib/python3.10/site-packages/datasets/builder.py", line 967, in _download_and_prepare
    self._prepare_split(split_generator, **prepare_split_kwargs)
  File "/home/snag0027/.local/lib/python3.10/site-packages/datasets/builder.py", line 1488, in _prepare_split
    for job_id, done, content in self._prepare_split_single(
  File "/home/snag0027/.local/lib/python3.10/site-packages/datasets/builder.py", line 1644, in _prepare_split_single
    raise DatasetGenerationError("An error occurred while generating the dataset") from e
datasets.builder.DatasetGenerationError: An error occurred while generating the dataset
                                                        